    ITER          TIME      CPUDT          DT      CFL     DNUM         DIV              MOM              TKE             MASS
       0             0     0.0066   4.400E+00   0.0000   0.0000   0.000E+00   0.00000000E+00   0.00000000E+00   0.00000000E+00
       1           4.4   103.2932   4.400E+00   0.0002   0.0034   2.365E-11   8.00331643E-13   1.21221899E-09   2.22036664E-16
       2           8.8     9.9378   4.400E+00   0.0004   0.0034   2.910E-11   2.59610627E-12   4.84208895E-09   2.22036664E-16
       3          13.2     9.9547   4.400E+00   0.0006   0.0034   4.366E-11  -1.59178118E-12   1.08767066E-08   2.22036664E-16
       4          17.6    10.0232   4.400E+00   0.0008   0.0034   5.821E-11   2.85159613E-12   1.92977527E-08   2.22036664E-16
       5            22     9.9787   4.400E+00   0.0009   0.0034   5.821E-11   1.01058821E-12   3.00837542E-08   2.22036664E-16
       6          26.4     9.9484   4.400E+00   0.0011   0.0034   7.276E-11   1.06312333E-12   4.31980069E-08   2.22036664E-16
       7          30.8     9.9359   4.400E+00   0.0013   0.0034   8.731E-11   1.23004189E-12   5.86092739E-08   2.22036664E-16
       8          35.2     9.9637   4.400E+00   0.0015   0.0034   9.095E-11  -7.19526869E-13   7.62622179E-08   2.22036664E-16
       9          39.6     9.9640   4.400E+00   0.0017   0.0034   1.019E-10  -1.67344459E-12   9.61204520E-08   2.22036664E-16
      10            44     9.9420   4.400E+00   0.0019   0.0034   1.164E-10  -2.05069100E-12   1.18120269E-07   2.22036664E-16
      11          48.4     9.9373   4.400E+00   0.0021   0.0034   1.164E-10   5.02672253E-12   1.42184774E-07   2.22036664E-16
      12          52.8     9.9647   4.400E+00   0.0022   0.0034   1.455E-10  -5.09663926E-12   1.68275619E-07   2.22036664E-16
      13          57.2     9.9803   4.400E+00   0.0024   0.0034   1.455E-10  -3.75314753E-12   1.96306402E-07   2.22036664E-16
      14          61.6     9.9381   4.400E+00   0.0026   0.0034   1.601E-10  -2.01177334E-12   2.26199361E-07   2.22036664E-16
      15            66     9.9341   4.400E+00   0.0028   0.0034   1.746E-10   3.53654324E-12   2.57858630E-07   2.22036664E-16
      16          70.4     9.9377   4.400E+00   0.0029   0.0034   1.746E-10  -3.75850132E-12   2.91211990E-07   2.22036664E-16
      17          74.8     9.9652   4.400E+00   0.0031   0.0034   1.819E-10  -1.73482799E-12   3.26186580E-07   2.22036664E-16
      18          79.2     9.9585   4.400E+00   0.0033   0.0034   2.037E-10  -5.05295241E-12   3.62676246E-07   2.22036664E-16
      19          83.6     9.9457   4.400E+00   0.0034   0.0034   2.328E-10   1.61066635E-12   4.00582309E-07   2.22036664E-16
      20            88     9.9467   4.400E+00   0.0036   0.0034   2.328E-10  -4.81112285E-12   4.39806996E-07   2.22036664E-16
      21          92.4     9.9662   4.400E+00   0.0038   0.0034   2.328E-10   1.86431361E-12   4.80247706E-07   2.22036664E-16
      22          96.8     9.9749   4.400E+00   0.0039   0.0034   2.328E-10  -4.55312654E-12   5.21754259E-07   2.22036664E-16
      23         101.2     9.9499   4.400E+00   0.0041   0.0034   2.328E-10  -4.06849294E-12   5.64316906E-07   2.22036664E-16
      24         105.6     9.9675   4.400E+00   0.0042   0.0034   2.328E-10   3.54989085E-12   6.07790582E-07   2.22036664E-16
      25           110     9.9628   4.400E+00   0.0044   0.0034   2.328E-10  -3.09963058E-12   6.52065125E-07   2.22036664E-16
      26         114.4     9.9585   4.400E+00   0.0045   0.0034   2.910E-10  -4.17417793E-12   6.97035716E-07   2.22036664E-16
      27         118.8     9.9328   4.400E+00   0.0046   0.0034   2.910E-10  -4.31966572E-12   7.42593443E-07   2.22036664E-16
      28         123.2     9.9469   4.400E+00   0.0048   0.0034   2.910E-10  -4.71986512E-12   7.88632633E-07   2.22036664E-16
      29         127.6     9.9540   4.400E+00   0.0049   0.0034   2.765E-10   1.02806071E-11   8.35047445E-07   2.22036664E-16
      30           132     9.9473   4.400E+00   0.0050   0.0034   3.056E-10  -6.33943982E-12   8.81734877E-07   2.22036664E-16
      31         136.4     9.9510   4.400E+00   0.0052   0.0034   2.910E-10   3.82037988E-13   9.28592215E-07   2.22036664E-16
      32         140.8     9.9435   4.400E+00   0.0053   0.0035   3.201E-10   1.29140657E-11   9.75519470E-07   2.22036664E-16
      33         145.2     9.9550   4.400E+00   0.0054   0.0035   3.492E-10  -3.51859167E-12   1.02241199E-06   2.22036664E-16
      34         149.6     9.9321   4.400E+00   0.0055   0.0035   3.492E-10  -2.52031989E-12   1.06908431E-06   2.22036664E-16
      35           154     9.9394   4.400E+00   0.0056   0.0035   3.492E-10  -2.53332240E-13   1.11564145E-06   2.22036664E-16
      36         158.4     9.9533   4.400E+00   0.0057   0.0035   3.492E-10   5.49917837E-12   1.16189426E-06   2.22036664E-16
      37         162.8     9.9756   4.400E+00   0.0058   0.0035   3.492E-10  -3.16288879E-12   1.20775564E-06   2.22036664E-16
      38         167.2     9.9456   4.400E+00   0.0059   0.0035   4.657E-10   9.77155748E-13   1.25314841E-06   2.22036664E-16
      39         171.6     9.9481   4.400E+00   0.0060   0.0035   3.492E-10   7.63356121E-13   1.29798957E-06   2.22036664E-16
      40           176     9.9486   4.400E+00   0.0061   0.0035   4.657E-10  -9.40447199E-12   1.34220613E-06   2.22036664E-16
      41         180.4     9.9821   4.400E+00   0.0062   0.0035   3.492E-10  -7.85182943E-12   1.38572761E-06   2.22036664E-16
      42         184.8     9.9640   4.400E+00   0.0063   0.0035   4.075E-10   2.90495248E-13   1.42849001E-06   2.22036664E-16
      43         189.2     9.9523   4.400E+00   0.0063   0.0035   3.783E-10  -7.60923529E-12   1.47043272E-06   2.22036664E-16
      44         193.6     9.9546   4.400E+00   0.0064   0.0035   3.492E-10   2.30933957E-12   1.51150277E-06   2.22036664E-16
      45           198     9.9461   4.400E+00   0.0065   0.0035   4.657E-10   3.20714538E-13   1.55164389E-06   2.22036664E-16
      46         202.4     9.9473   4.400E+00   0.0065   0.0035   3.492E-10   9.69187838E-12   1.59081503E-06   2.22036664E-16
      47         206.8     9.9419   4.400E+00   0.0066   0.0035   4.657E-10   6.79562396E-12   1.62897288E-06   2.22036664E-16
      48         211.2     9.9658   4.400E+00   0.0066   0.0035   3.529E-10  -6.97675988E-12   1.66608493E-06   2.22036664E-16
      49         215.6     9.9650   4.400E+00   0.0067   0.0035   4.657E-10  -9.30897026E-12   1.70211911E-06   2.22036664E-16
      50           220     9.9767   4.400E+00   0.0067   0.0035   4.657E-10   3.93729797E-12   1.73705018E-06   2.22036664E-16
      51         224.4     9.9431   4.400E+00   0.0068   0.0035   4.657E-10  -7.65847108E-12   1.77085667E-06   2.22036664E-16
      52         228.8     9.9564   4.400E+00   0.0068   0.0035   4.075E-10  -4.50284124E-12   1.80352708E-06   2.22036664E-16
      53         233.2     9.9834   4.400E+00   0.0068   0.0035   4.657E-10   3.63496971E-12   1.83504494E-06   2.22036664E-16
      54         237.6     9.9439   4.400E+00   0.0069   0.0035   4.657E-10  -9.79792289E-12   1.86540899E-06   2.22036664E-16
      55           242     9.9380   4.400E+00   0.0069   0.0035   4.657E-10   4.28319252E-14   1.89461832E-06   2.22036664E-16
      56         246.4     9.9466   4.400E+00   0.0069   0.0035   4.657E-10   7.35626317E-12   1.92267385E-06   2.22036664E-16
      57         250.8     9.9722   4.400E+00   0.0069   0.0035   4.657E-10  -1.71208325E-11   1.94958193E-06   2.22036664E-16
      58         255.2     9.9697   4.400E+00   0.0069   0.0035   4.657E-10   9.67709073E-12   1.97536042E-06   2.22036664E-16
      59         259.6     9.9512   4.400E+00   0.0069   0.0035   4.657E-10   6.35215752E-12   2.00001887E-06   2.22036664E-16
      60           264     9.9768   4.400E+00   0.0070   0.0035   4.657E-10  -1.01214425E-12   2.02358251E-06   2.22036664E-16
      61         268.4     9.9733   4.400E+00   0.0070   0.0035   4.657E-10  -2.56798098E-12   2.04605931E-06   2.22036664E-16
      62         272.8     9.9462   4.400E+00   0.0070   0.0035   4.657E-10   2.78397010E-12   2.06739219E-06   2.22036664E-16
      63         277.2     9.9435   4.400E+00   0.0070   0.0035   4.657E-10   2.46732287E-11   2.08775464E-06   2.22036664E-16
      64         281.6     9.9588   4.400E+00   0.0070   0.0035   4.657E-10   9.36276490E-12   2.10719054E-06   2.22036664E-16
      65           286     9.9769   4.400E+00   0.0070   0.0035   4.657E-10   1.13414174E-11   2.12568511E-06   2.22036664E-16
      66         290.4     9.9362   4.400E+00   0.0070   0.0035   4.657E-10   1.94366953E-11   2.14327042E-06   2.22036664E-16
      67         294.8     9.9352   4.400E+00   0.0070   0.0035   4.657E-10   3.91922605E-12   2.15998784E-06   2.22036664E-16
      68         299.2     9.9493   4.400E+00   0.0070   0.0035   4.657E-10   2.09365034E-12   2.17587717E-06   2.22036664E-16
      69         303.6     9.9820   4.400E+00   0.0070   0.0035   4.657E-10   1.30313139E-11   2.19098320E-06   2.22036664E-16
      70           308     9.9471   4.400E+00   0.0070   0.0035   4.657E-10  -1.26294192E-11   2.20535162E-06   2.22036664E-16
      71         312.4     9.9260   4.400E+00   0.0070   0.0035   4.657E-10   7.88452376E-12   2.21902815E-06   2.22036664E-16
      72         316.8     9.9457   4.400E+00   0.0070   0.0035   4.657E-10   8.57259402E-12   2.23205620E-06   2.22036664E-16
      73         321.2     9.9720   4.400E+00   0.0070   0.0035   4.657E-10  -2.00178814E-11   2.24448581E-06   2.22036664E-16
      74         325.6     9.9854   4.400E+00   0.0069   0.0035   4.657E-10   7.07974521E-12   2.25636154E-06   2.22036664E-16
      75           330     9.9475   4.400E+00   0.0069   0.0035   4.657E-10   4.40478947E-12   2.26773000E-06   2.22036664E-16
      76         334.4     9.9657   4.400E+00   0.0069   0.0035   4.657E-10   2.08953202E-11   2.27863757E-06   2.22036664E-16
      77         338.8     9.9724   4.400E+00   0.0069   0.0035   4.657E-10  -8.63927148E-13   2.28913109E-06   2.22036664E-16
      78         343.2     9.9471   4.400E+00   0.0068   0.0035   5.821E-10   1.70206956E-11   2.29925195E-06   2.22036664E-16
      79         347.6     9.9573   4.400E+00   0.0068   0.0035   4.657E-10   2.01569057E-11   2.30904539E-06   2.22036664E-16
      80           352     9.9800   4.400E+00   0.0068   0.0035   4.657E-10  -2.36805367E-12   2.31855142E-06   2.22036664E-16
      81         356.4     9.9705   4.400E+00   0.0067   0.0035   4.657E-10  -1.06492523E-11   2.32781122E-06   2.22036664E-16
      82         360.8     9.9627   4.400E+00   0.0067   0.0035   4.657E-10   1.81511976E-11   2.33686183E-06   2.22036664E-16
      83         365.2     9.9605   4.400E+00   0.0067   0.0035   4.657E-10  -1.41568814E-11   2.34574145E-06   2.22036664E-16
      84         369.6     9.9806   4.400E+00   0.0067   0.0035   4.657E-10   6.90157913E-12   2.35448124E-06   2.22036664E-16
      85           374     9.9877   4.400E+00   0.0066   0.0035   4.657E-10   1.49911437E-11   2.36311666E-06   2.22036664E-16
      86         378.4     9.9480   4.400E+00   0.0066   0.0035   4.657E-10  -3.07613006E-12   2.37167365E-06   2.22036664E-16
      87         382.8     9.9653   4.400E+00   0.0066   0.0035   4.657E-10  -1.20729945E-11   2.38018561E-06   2.22036664E-16
      88         387.2     9.9739   4.400E+00   0.0066   0.0035   4.657E-10  -1.54885705E-11   2.38867096E-06   2.22036664E-16
      89         391.6     9.9942   4.400E+00   0.0065   0.0035   4.657E-10   1.60556735E-12   2.39715473E-06   2.22036664E-16
      90           396     9.9664   4.400E+00   0.0065   0.0035   4.657E-10   1.04523395E-11   2.40565737E-06   2.22036664E-16
      91         400.4     9.9624   4.400E+00   0.0065   0.0035   4.657E-10   1.43831882E-11   2.41419593E-06   2.22036664E-16
      92         404.8     9.9546   4.400E+00   0.0064   0.0035   4.657E-10   1.31236359E-11   2.42278520E-06   2.22036664E-16
      93         409.2     9.9843   4.400E+00   0.0064   0.0035   4.657E-10  -4.87366137E-12   2.43143472E-06   2.22036664E-16
      94         413.6     9.9649   4.400E+00   0.0064   0.0035   4.657E-10  -1.60625723E-12   2.44015496E-06   2.22036664E-16
      95           418     9.9611   4.400E+00   0.0063   0.0035   4.657E-10  -9.68031558E-12   2.44895705E-06   2.22036664E-16
      96         422.4     9.9654   4.400E+00   0.0063   0.0035   4.657E-10  -2.88689580E-12   2.45783872E-06   2.22036664E-16
      97         426.8     9.9598   4.400E+00   0.0062   0.0035   4.657E-10   1.94135697E-11   2.46680565E-06   2.22036664E-16
      98         431.2     9.9665   4.400E+00   0.0062   0.0035   4.657E-10   1.44499707E-11   2.47585626E-06   2.22036664E-16
      99         435.6     9.9569   4.400E+00   0.0061   0.0035   4.657E-10  -1.49597244E-11   2.48498577E-06   2.22036664E-16
     100           440     9.9646   4.400E+00   0.0061   0.0035   4.657E-10   1.47871975E-11   2.49419418E-06   2.22036664E-16
     101         444.4     9.9850   4.400E+00   0.0060   0.0035   4.657E-10   2.08743994E-11   2.50346761E-06   2.22036664E-16
     102         448.8     9.9638   4.400E+00   0.0060   0.0035   4.657E-10   1.45798321E-11   2.51280062E-06   2.22036664E-16
     103         453.2     9.9484   4.400E+00   0.0060   0.0035   4.657E-10   8.73201424E-12   2.52218774E-06   2.22036664E-16
     104         457.6     9.9692   4.400E+00   0.0059   0.0035   4.657E-10   9.79969231E-12   2.53160397E-06   2.22036664E-16
     105           462     9.9716   4.400E+00   0.0059   0.0035   4.657E-10   1.29505391E-11   2.54104452E-06   2.22036664E-16
     106         466.4     9.9531   4.400E+00   0.0059   0.0035   4.657E-10   1.92593701E-11   2.55049372E-06   2.22036664E-16
     107         470.8     9.9369   4.400E+00   0.0059   0.0035   3.492E-10   7.66535533E-12   2.55993109E-06   2.22036664E-16
     108         475.2     9.9556   4.400E+00   0.0059   0.0035   4.657E-10   2.32252221E-11   2.56934254E-06   2.22036664E-16
     109         479.6     9.9798   4.400E+00   0.0058   0.0035   4.657E-10   1.62378583E-11   2.57870784E-06   2.22036664E-16
     110           484     9.9711   4.400E+00   0.0058   0.0035   4.657E-10  -1.30475405E-12   2.58800878E-06   2.22036664E-16
     111         488.4     9.9756   4.400E+00   0.0058   0.0035   3.492E-10   8.16877989E-12   2.59722265E-06   2.22036664E-16
     112         492.8     9.9594   4.400E+00   0.0058   0.0035   3.492E-10  -2.20297669E-11   2.60633556E-06   2.22036664E-16
     113         497.2     9.9758   4.400E+00   0.0057   0.0035   4.657E-10   1.49741365E-11   2.61532523E-06   2.22036664E-16
     114         501.6     9.9680   4.400E+00   0.0057   0.0035   4.657E-10  -7.94778132E-12   2.62417029E-06   2.22036664E-16
     115           506     9.9447   4.400E+00   0.0057   0.0035   3.492E-10   6.56156292E-12   2.63285096E-06   2.22036664E-16
     116         510.4     9.9666   4.400E+00   0.0056   0.0035   4.657E-10   1.50209289E-11   2.64134883E-06   2.22036664E-16
     117         514.8     9.9715   4.400E+00   0.0056   0.0035   4.657E-10   2.78395514E-12   2.64964592E-06   2.22036664E-16
     118         519.2     9.9736   4.400E+00   0.0056   0.0035   4.657E-10   1.85698592E-11   2.65771996E-06   2.22036664E-16
     119         523.6     9.9532   4.400E+00   0.0055   0.0035   3.492E-10   2.02584217E-11   2.66555821E-06   2.22036664E-16
     120           528     9.9683   4.400E+00   0.0055   0.0035   4.657E-10  -1.11377400E-11   2.67314340E-06   2.22036664E-16
     121         532.4     9.9787   4.400E+00   0.0055   0.0035   4.657E-10   8.01736889E-12   2.68045869E-06   2.22036664E-16
     122         536.8     9.9848   4.400E+00   0.0055   0.0035   4.657E-10   1.58706086E-11   2.68749386E-06   2.22036664E-16
     123         541.2     9.9648   4.400E+00   0.0055   0.0035   4.657E-10   1.32066302E-11   2.69422776E-06   2.22036664E-16
     124         545.6     9.9541   4.400E+00   0.0055   0.0035   4.657E-10  -2.43266149E-12   2.70065425E-06   2.22036664E-16
     125           550     9.9901   4.400E+00   0.0055   0.0035   4.657E-10   2.06841011E-12   2.70676196E-06   2.22036664E-16
     126         554.4     9.9735   4.400E+00   0.0055   0.0035   4.657E-10  -1.74677477E-11   2.71254544E-06   2.22036664E-16
     127         558.8     9.9418   4.400E+00   0.0055   0.0034   3.492E-10   1.63663545E-11   2.71799399E-06   2.22036664E-16
     128         563.2     9.9656   4.400E+00   0.0055   0.0034   4.657E-10   2.08261533E-11   2.72310194E-06   2.22036664E-16
     129         567.6     9.9787   4.400E+00   0.0054   0.0034   3.492E-10   1.91339930E-11   2.72786610E-06   2.22036664E-16
     130           572     9.9602   4.400E+00   0.0054   0.0034   4.075E-10   8.44640764E-12   2.73228511E-06   2.22036664E-16
     131         576.4     9.9551   4.400E+00   0.0054   0.0034   4.657E-10   1.72868213E-11   2.73635783E-06   2.22036664E-16
     132         580.8     9.9677   4.400E+00   0.0054   0.0034   3.492E-10   1.64105066E-11   2.74008062E-06   2.22036664E-16
     133         585.2     9.9914   4.400E+00   0.0054   0.0034   4.075E-10  -4.76262215E-12   2.74346257E-06   2.22036664E-16
     134         589.6     9.9632   4.400E+00   0.0054   0.0034   4.657E-10  -8.83609418E-12   2.74650256E-06   2.22036664E-16
     135           594     9.9621   4.400E+00   0.0054   0.0034   4.075E-10   1.37177344E-11   2.74920853E-06   2.22036664E-16
     136         598.4     9.9726   4.400E+00   0.0054   0.0034   3.492E-10  -7.66031596E-12   2.75158982E-06   2.22036664E-16
     137         602.8     9.9812   4.400E+00   0.0054   0.0034   4.657E-10   5.21469716E-12   2.75364823E-06   2.22036664E-16
     138         607.2     9.9774   4.400E+00   0.0054   0.0034   4.075E-10   1.80484377E-11   2.75539833E-06   2.22036664E-16
     139         611.6     9.9699   4.400E+00   0.0054   0.0034   4.657E-10   3.81048188E-12   2.75684988E-06   2.22036664E-16
     140           616     9.9842   4.400E+00   0.0054   0.0034   3.492E-10   9.07508964E-12   2.75801381E-06   2.22036664E-16
     141         620.4    10.0044   4.400E+00   0.0054   0.0034   3.492E-10   1.73602469E-11   2.75890602E-06   2.22036664E-16
     142         624.8     9.9815   4.400E+00   0.0053   0.0034   4.075E-10   2.17389422E-11   2.75953630E-06   2.22036664E-16
     143         629.2     9.9638   4.400E+00   0.0053   0.0034   3.492E-10   1.02307112E-11   2.75992488E-06   2.22036664E-16
     144         633.6     9.9729   4.400E+00   0.0053   0.0034   3.492E-10   1.47735348E-11   2.76008404E-06   2.22036664E-16
     145           638     9.9978   4.400E+00   0.0053   0.0034   3.492E-10   1.01721626E-11   2.76003311E-06   2.22036664E-16
     146         642.4     9.9711   4.400E+00   0.0053   0.0034   4.657E-10  -1.37206132E-11   2.75978778E-06   2.22036664E-16
     147         646.8     9.9669   4.400E+00   0.0052   0.0034   3.492E-10   1.80753121E-11   2.75936554E-06   2.22036664E-16
     148         651.2     9.9715   4.400E+00   0.0052   0.0034   4.657E-10   7.78221324E-12   2.75878324E-06   2.22036664E-16
     149         655.6     9.9880   4.400E+00   0.0052   0.0034   3.492E-10   1.49309454E-11   2.75805564E-06   2.22036664E-16
     150           660     9.9725   4.400E+00   0.0052   0.0034   4.657E-10   4.29115909E-11   2.75720322E-06   2.22036664E-16
     151         664.4     9.9521   4.400E+00   0.0052   0.0034   3.492E-10   5.62070052E-12   2.75624325E-06   2.22036664E-16
     152         668.8     9.9711   4.400E+00   0.0052   0.0034   3.492E-10   6.60355494E-12   2.75519051E-06   2.22036664E-16
     153         673.2    10.0086   4.400E+00   0.0052   0.0034   3.492E-10  -1.27329597E-11   2.75406455E-06   2.22036664E-16
     154         677.6     9.9789   4.400E+00   0.0052   0.0034   4.657E-10   9.92069014E-12   2.75287903E-06   2.22036664E-16
     155           682     9.9497   4.400E+00   0.0052   0.0034   4.657E-10  -2.21276695E-11   2.75165189E-06   2.22036664E-16
     156         686.4     9.9908   4.400E+00   0.0052   0.0034   3.492E-10   2.03596827E-11   2.75040088E-06   2.22036664E-16
     157         690.8     9.9941   4.400E+00   0.0052   0.0034   3.492E-10   2.93032751E-11   2.74913555E-06   2.22036664E-16
     158         695.2     9.9655   4.400E+00   0.0052   0.0034   3.492E-10   5.25596927E-12   2.74787340E-06   2.22036664E-16
     159         699.6     9.9582   4.400E+00   0.0052   0.0034   3.492E-10   3.02726941E-12   2.74662352E-06   2.22036664E-16
     160           704     9.9881   4.400E+00   0.0052   0.0034   3.492E-10  -5.32123694E-12   2.74540093E-06   2.22036664E-16
     161         708.4     9.9780   4.400E+00   0.0052   0.0034   3.492E-10  -1.62516563E-11   2.74421495E-06   2.22036664E-16
     162         712.8     9.9583   4.400E+00   0.0052   0.0034   3.492E-10  -1.16291681E-11   2.74306740E-06   2.22036664E-16
     163         717.2     9.9590   4.400E+00   0.0052   0.0034   3.492E-10  -1.52035346E-11   2.74198055E-06   2.22036664E-16
     164         721.6     9.9687   4.400E+00   0.0052   0.0034   4.657E-10   2.76427891E-11   2.74095191E-06   2.22036664E-16
     165           726     9.9774   4.400E+00   0.0052   0.0034   3.492E-10   6.08909234E-12   2.73998921E-06   2.22036664E-16
     166         730.4     9.9908   4.400E+00   0.0052   0.0034   3.492E-10  -1.45700535E-11   2.73909859E-06   2.22036664E-16
     167         734.8     9.9677   4.400E+00   0.0052   0.0034   3.492E-10  -3.10981384E-12   2.73827959E-06   2.22036664E-16
     168         739.2     9.9813   4.400E+00   0.0052   0.0034   3.492E-10  -1.04351527E-11   2.73753835E-06   2.22036664E-16
     169         743.6     9.9870   4.400E+00   0.0052   0.0034   3.492E-10   3.76748181E-11   2.73687510E-06   2.22036664E-16
     170           748     9.9619   4.400E+00   0.0052   0.0034   3.492E-10   5.57078992E-12   2.73628916E-06   2.22036664E-16
     171         752.4     9.9516   4.400E+00   0.0052   0.0034   3.492E-10   4.21168612E-12   2.73577871E-06   2.22036664E-16
     172         756.8     9.9650   4.400E+00   0.0051   0.0034   4.657E-10  -6.39239486E-12   2.73534033E-06   2.22036664E-16
     173         761.2     9.9777   4.400E+00   0.0051   0.0034   3.492E-10   7.42132137E-12   2.73497017E-06   2.22036664E-16
     174         765.6     9.9648   4.400E+00   0.0051   0.0034   3.492E-10  -4.22704319E-12   2.73466731E-06   2.22036664E-16
     175           770     9.9499   4.400E+00   0.0051   0.0034   3.492E-10   2.50435991E-11   2.73441901E-06   2.22036664E-16
     176         774.4     9.9729   4.400E+00   0.0051   0.0034   3.492E-10   9.35247713E-12   2.73422711E-06   2.22036664E-16
     177         778.8     9.9848   4.400E+00   0.0051   0.0034   3.492E-10  -2.05017362E-12   2.73408136E-06   2.22036664E-16
     178         783.2     9.9577   4.400E+00   0.0051   0.0034   3.492E-10   4.29998918E-12   2.73396813E-06   2.22036664E-16
     179         787.6     9.9646   4.400E+00   0.0050   0.0034   3.492E-10   3.76863367E-11   2.73388014E-06   2.22036664E-16
     180           792     9.9787   4.400E+00   0.0050   0.0034   3.492E-10   1.44971075E-11   2.73381056E-06   2.22036664E-16
     181         796.4     9.9874   4.400E+00   0.0050   0.0034   3.492E-10   3.17892067E-11   2.73374599E-06   2.22036664E-16
     182         800.8     9.9820   4.400E+00   0.0050   0.0034   3.492E-10   2.11160191E-12   2.73367914E-06   2.22036664E-16
     183         805.2     9.9765   4.400E+00   0.0050   0.0034   3.492E-10   1.20054166E-11   2.73359751E-06   2.22036664E-16
     184         809.6     9.9697   4.400E+00   0.0050   0.0034   3.492E-10   2.43947605E-11   2.73349156E-06   2.22036664E-16
     185           814     9.9799   4.400E+00   0.0049   0.0034   3.492E-10  -6.53060895E-12   2.73334308E-06   2.22036664E-16
     186         818.4     9.9621   4.400E+00   0.0049   0.0034   3.492E-10   1.78065635E-11   2.73314777E-06   2.22036664E-16
     187         822.8     9.9446   4.400E+00   0.0049   0.0034   3.492E-10   2.10469125E-11   2.73289152E-06   2.22036664E-16
     188         827.2     9.9735   4.400E+00   0.0049   0.0034   3.492E-10  -2.57999373E-12   2.73256455E-06   2.22036664E-16
     189         831.6     9.9723   4.400E+00   0.0049   0.0034   4.657E-10  -2.02329863E-12   2.73215710E-06   2.22036664E-16
     190           836     9.9602   4.400E+00   0.0048   0.0034   3.492E-10   1.06386341E-11   2.73165597E-06   2.22036664E-16
     191         840.4     9.9489   4.400E+00   0.0048   0.0034   3.492E-10  -1.67430843E-11   2.73104456E-06   2.22036664E-16
     192         844.8     9.9818   4.400E+00   0.0048   0.0034   3.492E-10   1.66471021E-11   2.73032924E-06   2.22036664E-16
     193         849.2     9.9772   4.400E+00   0.0048   0.0034   3.492E-10  -1.43972854E-12   2.72948591E-06   2.22036664E-16
     194         853.6     9.9676   4.400E+00   0.0047   0.0034   3.492E-10   3.13975998E-11   2.72851571E-06   2.22036664E-16
     195           858     9.9283   4.400E+00   0.0047   0.0034   3.492E-10   3.47684867E-11   2.72740544E-06   2.22036664E-16
     196         862.4     9.9471   4.400E+00   0.0047   0.0034   3.492E-10   1.93998637E-11   2.72615375E-06   2.22036664E-16
     197         866.8     9.9679   4.400E+00   0.0047   0.0034   4.657E-10   2.25327118E-11   2.72474676E-06   2.22036664E-16
     198         871.2     9.9656   4.400E+00   0.0046   0.0034   3.492E-10  -1.82903120E-11   2.72318698E-06   2.22036664E-16
     199         875.6     9.9406   4.400E+00   0.0046   0.0034   3.492E-10   1.91963809E-13   2.72146690E-06   2.22036664E-16
     200           880     9.9632   4.400E+00   0.0046   0.0034   3.492E-10   3.26684027E-11   2.71958470E-06   2.22036664E-16
     201         884.4     9.9724   4.400E+00   0.0046   0.0034   3.492E-10   2.40530651E-11   2.71753538E-06   2.22036664E-16
     202         888.8     9.9595   4.400E+00   0.0046   0.0034   3.492E-10   3.45150922E-11   2.71532417E-06   2.22036664E-16
     203         893.2     9.9664   4.400E+00   0.0045   0.0034   3.492E-10   2.18224466E-11   2.71294039E-06   2.22036664E-16
     204         897.6     9.9815   2.400E+00   0.0025   0.0018   3.492E-10   1.08075623E-11   2.71039175E-06   2.22036664E-16
     205           900     9.9699   4.400E+00   0.0045   0.0034   3.492E-10   1.28577366E-11   2.70890473E-06   2.22036664E-16
