    ITER          TIME      CPUDT          DT      CFL     DNUM         DIV              MOM              TKE             MASS
       0             0     0.0025   4.400E+00   0.0000   0.0000   0.000E+00   0.00000000E+00   0.00000000E+00   0.00000000E+00
       1           4.4    17.8916   4.400E+00   0.0002   0.0034   2.456E-11  -9.81441274E-13   1.21215682E-09   2.22075178E-16
       2           8.8     1.3202   4.400E+00   0.0004   0.0034   3.274E-11   3.88188700E-12   4.84183715E-09   2.22075178E-16
       3          13.2     1.3119   4.400E+00   0.0006   0.0034   4.366E-11   4.68556671E-13   1.08759437E-08   2.22075178E-16
       4          17.6     1.3168   4.400E+00   0.0007   0.0034   5.093E-11   8.57425838E-13   1.92967597E-08   2.22075178E-16
       5            22     1.3142   4.400E+00   0.0009   0.0034   5.821E-11   1.40123080E-12   3.00804288E-08   2.22075178E-16
       6          26.4     1.3184   4.400E+00   0.0011   0.0034   7.276E-11   3.63688940E-12   4.31949587E-08   2.22075178E-16
       7          30.8     1.3174   4.400E+00   0.0013   0.0034   9.095E-11   1.13015695E-12   5.86027369E-08   2.22075178E-16
       8          35.2     1.3216   4.400E+00   0.0015   0.0034   9.095E-11   1.56279536E-12   7.62580257E-08   2.22075178E-16
       9          39.6     1.3209   4.400E+00   0.0017   0.0034   1.164E-10  -3.18989870E-13   9.61113997E-08   2.22075178E-16
      10            44     1.3224   4.400E+00   0.0018   0.0034   1.164E-10  -1.54857811E-12   1.18106122E-07   2.22075178E-16
      11          48.4     1.3133   4.400E+00   0.0020   0.0034   1.164E-10   2.08298743E-12   1.42177043E-07   2.22075178E-16
      12          52.8     1.3128   4.400E+00   0.0022   0.0034   1.455E-10  -4.30718795E-14   1.68261778E-07   2.22075178E-16
      13          57.2     1.3217   4.400E+00   0.0024   0.0034   1.346E-10  -6.00426826E-13   1.96284660E-07   2.22075178E-16
      14          61.6     1.3166   4.400E+00   0.0025   0.0034   1.528E-10  -1.30268441E-12   2.26169874E-07   2.22075178E-16
      15            66     1.3254   4.400E+00   0.0027   0.0034   1.746E-10  -9.18426901E-13   2.57832284E-07   2.22075178E-16
      16          70.4     1.3204   4.400E+00   0.0029   0.0034   1.746E-10   1.59656901E-12   2.91189735E-07   2.22075178E-16
      17          74.8     1.3182   4.400E+00   0.0031   0.0034   1.746E-10   3.61179923E-12   3.26154407E-07   2.22075178E-16
      18          79.2     1.3220   4.400E+00   0.0032   0.0034   1.892E-10  -4.59627345E-12   3.62632107E-07   2.22075178E-16
      19          83.6     1.3179   4.400E+00   0.0034   0.0034   2.037E-10   2.12563929E-12   4.00525408E-07   2.22075178E-16
      20            88     1.3142   4.400E+00   0.0035   0.0034   2.037E-10   6.51537201E-13   4.39737079E-07   2.22075178E-16
      21          92.4     1.3191   4.400E+00   0.0037   0.0034   2.328E-10   7.62162295E-12   4.80165113E-07   2.22075178E-16
      22          96.8     1.3247   4.400E+00   0.0039   0.0034   2.328E-10   3.24622794E-12   5.21702077E-07   2.22075178E-16
      23         101.2     1.3277   4.400E+00   0.0040   0.0034   2.328E-10  -4.23022251E-12   5.64253071E-07   2.22075178E-16
      24         105.6     1.3270   4.400E+00   0.0042   0.0034   2.328E-10  -2.30200603E-12   6.07711570E-07   2.22075178E-16
      25           110     1.3181   4.400E+00   0.0043   0.0034   2.619E-10  -1.99606369E-12   6.51967980E-07   2.22075178E-16
      26         114.4     1.3124   4.400E+00   0.0044   0.0034   2.474E-10   9.20406546E-13   6.96918391E-07   2.22075178E-16
      27         118.8     1.3190   4.400E+00   0.0046   0.0034   2.619E-10  -1.74729057E-12   7.42454574E-07   2.22075178E-16
      28         123.2     1.3261   4.400E+00   0.0047   0.0034   2.656E-10  -1.09269397E-12   7.88471311E-07   2.22075178E-16
      29         127.6     1.3153   4.400E+00   0.0048   0.0034   2.910E-10   4.58067655E-12   8.34862817E-07   2.22075178E-16
      30           132     1.3148   4.400E+00   0.0050   0.0034   3.201E-10   1.23318749E-12   8.81527683E-07   2.22075178E-16
      31         136.4     1.3179   4.400E+00   0.0051   0.0034   3.492E-10   4.77857901E-12   9.28361146E-07   2.22075178E-16
      32         140.8     1.3186   4.400E+00   0.0052   0.0034   3.492E-10  -3.61491848E-12   9.75264243E-07   2.22075178E-16
      33         145.2     1.3145   4.400E+00   0.0053   0.0034   3.492E-10   4.12860154E-12   1.02213176E-06   2.22075178E-16
      34         149.6     1.3201   4.400E+00   0.0055   0.0035   3.492E-10  -1.39713667E-13   1.06886807E-06   2.22075178E-16
      35           154     1.3148   4.400E+00   0.0056   0.0035   3.492E-10   1.21567079E-12   1.11539907E-06   2.22075178E-16
      36         158.4     1.3183   4.400E+00   0.0057   0.0035   3.492E-10   2.81802880E-12   1.16162425E-06   2.22075178E-16
      37         162.8     1.3214   4.400E+00   0.0058   0.0035   3.492E-10  -7.17896662E-12   1.20745619E-06   2.22075178E-16
      38         167.2     1.3122   4.400E+00   0.0059   0.0035   3.492E-10   1.64656960E-12   1.25281520E-06   2.22075178E-16
      39         171.6     1.3201   4.400E+00   0.0060   0.0035   3.492E-10  -6.38687584E-12   1.29762111E-06   2.22075178E-16
      40           176     1.3157   4.400E+00   0.0061   0.0035   3.638E-10   1.32883348E-11   1.34180141E-06   2.22075178E-16
      41         180.4     1.3113   4.400E+00   0.0061   0.0035   3.929E-10  -1.02065960E-11   1.38528480E-06   2.22075178E-16
      42         184.8     1.3199   4.400E+00   0.0062   0.0035   4.657E-10  -5.19658058E-12   1.42800832E-06   2.22075178E-16
      43         189.2     1.3186   4.400E+00   0.0063   0.0035   4.657E-10  -5.51488022E-12   1.46990988E-06   2.22075178E-16
      44         193.6     1.3243   4.400E+00   0.0064   0.0035   4.075E-10   2.20626403E-12   1.51093639E-06   2.22075178E-16
      45           198     1.3117   4.400E+00   0.0064   0.0035   4.657E-10  -8.00849025E-13   1.55103487E-06   2.22075178E-16
      46         202.4     1.3185   4.400E+00   0.0065   0.0035   4.657E-10  -1.56258548E-11   1.59016213E-06   2.22075178E-16
      47         206.8     1.3218   4.400E+00   0.0066   0.0035   4.657E-10  -4.56082004E-12   1.62827553E-06   2.22075178E-16
      48         211.2     1.3154   4.400E+00   0.0066   0.0035   4.657E-10  -1.20013374E-12   1.66534096E-06   2.22075178E-16
      49         215.6     1.3186   4.400E+00   0.0067   0.0035   4.657E-10  -8.82169685E-12   1.70132762E-06   2.22075178E-16
      50           220     1.3175   4.400E+00   0.0067   0.0035   4.657E-10  -3.68654499E-12   1.73621061E-06   2.22075178E-16
      51         224.4     1.3219   4.400E+00   0.0068   0.0035   4.657E-10  -2.19662986E-11   1.76996878E-06   2.22075178E-16
      52         228.8     1.3153   4.400E+00   0.0068   0.0035   4.657E-10   2.89673385E-12   1.80258769E-06   2.22075178E-16
      53         233.2     1.3203   4.400E+00   0.0068   0.0035   4.657E-10   2.06493069E-12   1.83405552E-06   2.22075178E-16
      54         237.6     1.3228   4.400E+00   0.0069   0.0035   4.657E-10  -8.50555650E-12   1.86436739E-06   2.22075178E-16
      55           242     1.3132   4.400E+00   0.0069   0.0035   4.657E-10  -4.22896267E-12   1.89352170E-06   2.22075178E-16
      56         246.4     1.3225   4.400E+00   0.0069   0.0035   4.657E-10  -5.26784692E-12   1.92152265E-06   2.22075178E-16
      57         250.8     1.3100   4.400E+00   0.0070   0.0035   4.657E-10   1.37567267E-11   1.94837730E-06   2.22075178E-16
      58         255.2     1.3199   4.400E+00   0.0070   0.0035   4.657E-10   7.89199261E-12   1.97409827E-06   2.22075178E-16
      59         259.6     1.3142   4.400E+00   0.0070   0.0035   4.657E-10   1.49766571E-11   1.99870010E-06   2.22075178E-16
      60           264     1.3159   4.400E+00   0.0070   0.0035   4.657E-10   8.50831645E-12   2.02220212E-06   2.22075178E-16
      61         268.4     1.3244   4.400E+00   0.0070   0.0035   4.657E-10   1.19977378E-15   2.04462526E-06   2.22075178E-16
      62         272.8     1.3147   4.400E+00   0.0070   0.0035   4.657E-10  -4.40820904E-12   2.06599702E-06   2.22075178E-16
      63         277.2     1.3147   4.400E+00   0.0071   0.0035   4.657E-10   1.35453263E-11   2.08635379E-06   2.22075178E-16
      64         281.6     1.3154   4.400E+00   0.0071   0.0035   4.657E-10   5.32675596E-12   2.10573398E-06   2.22075178E-16
      65           286     1.3205   4.400E+00   0.0071   0.0035   4.657E-10   2.54903954E-12   2.12417126E-06   2.22075178E-16
      66         290.4     1.3194   4.400E+00   0.0071   0.0035   4.657E-10   2.62666494E-12   2.14170041E-06   2.22075178E-16
      67         294.8     1.3117   4.400E+00   0.0070   0.0035   4.657E-10   6.37571810E-12   2.15836167E-06   2.22075178E-16
      68         299.2     1.3189   4.400E+00   0.0070   0.0035   4.657E-10   7.03439390E-12   2.17419756E-06   2.22075178E-16
      69         303.6     1.3141   4.400E+00   0.0070   0.0035   4.657E-10   1.52803187E-11   2.18924993E-06   2.22075178E-16
      70           308     1.3212   4.400E+00   0.0070   0.0035   4.657E-10   1.02409097E-11   2.20356469E-06   2.22075178E-16
      71         312.4     1.3134   4.400E+00   0.0070   0.0035   4.657E-10  -1.20805232E-12   2.21718619E-06   2.22075178E-16
      72         316.8     1.3178   4.400E+00   0.0070   0.0035   5.821E-10  -2.03052124E-11   2.23016173E-06   2.22075178E-16
      73         321.2     1.3226   4.400E+00   0.0070   0.0035   4.657E-10  -2.65353971E-12   2.24253677E-06   2.22075178E-16
      74         325.6     1.3132   4.400E+00   0.0069   0.0035   4.657E-10  -2.61958619E-12   2.25435906E-06   2.22075178E-16
      75           330     1.3214   4.400E+00   0.0069   0.0035   4.657E-10  -7.53553903E-12   2.26567454E-06   2.22075178E-16
      76         334.4     1.3283   4.400E+00   0.0069   0.0035   4.657E-10   9.62602567E-12   2.27652936E-06   2.22075178E-16
      77         338.8     1.3155   4.400E+00   0.0069   0.0035   4.657E-10  -4.02668090E-12   2.28696877E-06   2.22075178E-16
      78         343.2     1.3191   4.400E+00   0.0069   0.0035   4.657E-10  -2.09950824E-11   2.29703664E-06   2.22075178E-16
      79         347.6     1.3107   4.400E+00   0.0069   0.0035   4.657E-10   9.62458585E-12   2.30677483E-06   2.22075178E-16
      80           352     1.3156   4.400E+00   0.0068   0.0035   4.657E-10  -6.43654661E-12   2.31622653E-06   2.22075178E-16
      81         356.4     1.3174   4.400E+00   0.0068   0.0035   4.657E-10  -2.25917418E-12   2.32543130E-06   2.22075178E-16
      82         360.8     1.3177   4.400E+00   0.0068   0.0035   4.657E-10   5.32699590E-13   2.33442802E-06   2.22075178E-16
      83         365.2     1.3126   4.400E+00   0.0068   0.0035   4.657E-10  -2.01758766E-11   2.34325285E-06   2.22075178E-16
      84         369.6     1.3161   4.400E+00   0.0067   0.0035   4.657E-10   6.08045385E-12   2.35194034E-06   2.22075178E-16
      85           374     1.3200   4.400E+00   0.0067   0.0035   4.657E-10  -1.42931457E-11   2.36052279E-06   2.22075178E-16
      86         378.4     1.3213   4.400E+00   0.0067   0.0035   4.657E-10  -1.08905870E-11   2.36902974E-06   2.22075178E-16
      87         382.8     1.3180   4.400E+00   0.0066   0.0035   4.657E-10  -1.48723958E-12   2.37748918E-06   2.22075178E-16
      88         387.2     1.3219   4.400E+00   0.0066   0.0035   4.657E-10   1.14170479E-12   2.38592656E-06   2.22075178E-16
      89         391.6     1.3172   4.400E+00   0.0065   0.0035   4.657E-10  -4.75110436E-14   2.39436281E-06   2.22075178E-16
      90           396     1.3156   4.400E+00   0.0065   0.0035   4.657E-10  -1.11833320E-11   2.40281952E-06   2.22075178E-16
      91         400.4     1.3255   4.400E+00   0.0064   0.0035   4.657E-10  -2.19654590E-12   2.41131283E-06   2.22075178E-16
      92         404.8     1.3202   4.400E+00   0.0064   0.0035   4.657E-10   6.69569782E-12   2.41985845E-06   2.22075178E-16
      93         409.2     1.3166   4.400E+00   0.0064   0.0035   4.657E-10  -1.43243395E-11   2.42846636E-06   2.22075178E-16
      94         413.6     1.3226   4.400E+00   0.0063   0.0035   4.657E-10   6.33000683E-12   2.43714794E-06   2.22075178E-16
      95           418     1.3201   4.400E+00   0.0063   0.0035   4.657E-10   1.18940777E-11   2.44590865E-06   2.22075178E-16
      96         422.4     1.3154   4.400E+00   0.0063   0.0035   4.657E-10   5.80498583E-12   2.45475417E-06   2.22075178E-16
      97         426.8     1.3188   4.400E+00   0.0062   0.0035   4.657E-10  -6.06029766E-12   2.46368450E-06   2.22075178E-16
      98         431.2     1.3191   4.400E+00   0.0062   0.0035   4.657E-10  -1.58466122E-12   2.47270032E-06   2.22075178E-16
      99         435.6     1.3181   4.400E+00   0.0062   0.0035   4.657E-10   4.57641737E-12   2.48179754E-06   2.22075178E-16
     100           440     1.3216   4.400E+00   0.0062   0.0035   4.657E-10  -7.20536174E-12   2.49097252E-06   2.22075178E-16
     101         444.4     1.3162   4.400E+00   0.0062   0.0035   4.657E-10   5.38266523E-12   2.50021685E-06   2.22075178E-16
     102         448.8     1.3194   4.400E+00   0.0061   0.0035   4.657E-10   7.06426844E-12   2.50952257E-06   2.22075178E-16
     103         453.2     1.3147   4.400E+00   0.0061   0.0035   4.657E-10   1.00224308E-11   2.51887786E-06   2.22075178E-16
     104         457.6     1.3173   4.400E+00   0.0061   0.0035   4.657E-10  -6.31177012E-12   2.52827044E-06   2.22075178E-16
     105           462     1.3188   4.400E+00   0.0060   0.0035   4.657E-10  -4.34222146E-12   2.53768621E-06   2.22075178E-16
     106         466.4     1.3198   4.400E+00   0.0060   0.0035   4.657E-10   1.13508205E-11   2.54710972E-06   2.22075178E-16
     107         470.8     1.3176   4.400E+00   0.0060   0.0035   4.657E-10   3.09560849E-11   2.55652458E-06   2.22075178E-16
     108         475.2     1.3141   4.400E+00   0.0060   0.0035   4.657E-10   7.13145558E-12   2.56591352E-06   2.22075178E-16
     109         479.6     1.3201   4.400E+00   0.0059   0.0035   4.657E-10   1.84822765E-11   2.57525721E-06   2.22075178E-16
     110           484     1.3157   4.400E+00   0.0059   0.0035   4.075E-10   1.56642477E-11   2.58453724E-06   2.22075178E-16
     111         488.4     1.3233   4.400E+00   0.0059   0.0035   4.657E-10   1.81444200E-11   2.59373405E-06   2.22075178E-16
     112         492.8     1.3167   4.400E+00   0.0059   0.0035   4.657E-10  -6.14284218E-14   2.60282809E-06   2.22075178E-16
     113         497.2     1.3190   4.400E+00   0.0058   0.0035   4.657E-10   1.79831705E-11   2.61179935E-06   2.22075178E-16
     114         501.6     1.3174   4.400E+00   0.0058   0.0035   4.657E-10  -1.16445248E-11   2.62062781E-06   2.22075178E-16
     115           506     1.3264   4.400E+00   0.0058   0.0035   4.657E-10  -4.79141683E-12   2.62929370E-06   2.22075178E-16
     116         510.4     1.3201   4.400E+00   0.0058   0.0035   4.657E-10   4.67239919E-12   2.63777792E-06   2.22075178E-16
     117         514.8     1.3265   4.400E+00   0.0058   0.0035   4.657E-10   8.72283582E-12   2.64606024E-06   2.22075178E-16
     118         519.2     1.3235   4.400E+00   0.0058   0.0035   4.657E-10   1.83555792E-11   2.65412382E-06   2.22075178E-16
     119         523.6     1.3164   4.400E+00   0.0058   0.0035   4.657E-10   1.59483537E-11   2.66195093E-06   2.22075178E-16
     120           528     1.3155   4.400E+00   0.0057   0.0035   4.657E-10   4.89891634E-12   2.66952475E-06   2.22075178E-16
     121         532.4     1.3182   4.400E+00   0.0057   0.0035   3.492E-10   1.60481752E-12   2.67683049E-06   2.22075178E-16
     122         536.8     1.3105   4.400E+00   0.0057   0.0035   4.657E-10  -1.50806763E-11   2.68385338E-06   2.22075178E-16
     123         541.2     1.3196   4.400E+00   0.0057   0.0035   4.657E-10   9.97443968E-12   2.69058046E-06   2.22075178E-16
     124         545.6     1.3237   4.400E+00   0.0057   0.0035   3.492E-10  -2.54160096E-11   2.69699990E-06   2.22075178E-16
     125           550     1.3303   4.400E+00   0.0057   0.0035   4.657E-10   3.44767010E-12   2.70310125E-06   2.22075178E-16
     126         554.4     1.3286   4.400E+00   0.0057   0.0035   4.657E-10  -1.01971175E-11   2.70887676E-06   2.22075178E-16
     127         558.8     1.3181   4.400E+00   0.0057   0.0035   4.657E-10   5.01409461E-12   2.71431804E-06   2.22075178E-16
     128         563.2     1.3203   4.400E+00   0.0057   0.0034   4.657E-10   1.23624696E-11   2.71941985E-06   2.22075178E-16
     129         567.6     1.3213   4.400E+00   0.0057   0.0034   4.657E-10   1.10571155E-12   2.72417901E-06   2.22075178E-16
     130           572     1.3219   4.400E+00   0.0057   0.0034   4.075E-10   8.13926530E-12   2.72859143E-06   2.22075178E-16
     131         576.4     1.3081   4.400E+00   0.0057   0.0034   3.492E-10   4.74534561E-12   2.73265755E-06   2.22075178E-16
     132         580.8     1.3185   4.400E+00   0.0057   0.0034   4.657E-10   5.93552117E-12   2.73637829E-06   2.22075178E-16
     133         585.2     1.3233   4.400E+00   0.0057   0.0034   4.657E-10   1.56949610E-11   2.73975525E-06   2.22075178E-16
     134         589.6     1.3158   4.400E+00   0.0057   0.0034   4.657E-10   1.65703163E-11   2.74279364E-06   2.22075178E-16
     135           594     1.3139   4.400E+00   0.0057   0.0034   4.657E-10  -1.06731880E-11   2.74549848E-06   2.22075178E-16
     136         598.4     1.3222   4.400E+00   0.0057   0.0034   4.657E-10   5.54391472E-12   2.74787658E-06   2.22075178E-16
     137         602.8     1.3191   4.400E+00   0.0057   0.0034   3.492E-10   1.19017565E-11   2.74993590E-06   2.22075178E-16
     138         607.2     1.3201   4.400E+00   0.0057   0.0034   4.657E-10  -6.00462822E-12   2.75168713E-06   2.22075178E-16
     139         611.6     1.3178   4.400E+00   0.0057   0.0034   4.657E-10   2.07935197E-11   2.75314028E-06   2.22075178E-16
     140           616     1.3260   4.400E+00   0.0057   0.0034   4.657E-10   2.30356576E-12   2.75430784E-06   2.22075178E-16
     141         620.4     1.3212   4.400E+00   0.0057   0.0034   4.657E-10   9.21426347E-13   2.75520347E-06   2.22075178E-16
     142         624.8     1.3162   4.400E+00   0.0057   0.0034   4.657E-10   1.83363828E-11   2.75584080E-06   2.22075178E-16
     143         629.2     1.3245   4.400E+00   0.0056   0.0034   4.657E-10   1.84438836E-11   2.75623370E-06   2.22075178E-16
     144         633.6     1.3167   4.400E+00   0.0056   0.0034   4.075E-10   2.77963611E-12   2.75639877E-06   2.22075178E-16
     145           638     1.3177   4.400E+00   0.0056   0.0034   4.075E-10  -7.77069555E-12   2.75635261E-06   2.22075178E-16
     146         642.4     1.3197   4.400E+00   0.0056   0.0034   4.657E-10  -2.50013673E-11   2.75611137E-06   2.22075178E-16
     147         646.8     1.3170   4.400E+00   0.0056   0.0034   4.657E-10  -9.10676309E-12   2.75569300E-06   2.22075178E-16
     148         651.2     1.3226   4.400E+00   0.0056   0.0034   4.657E-10   8.44640764E-13   2.75511479E-06   2.22075178E-16
     149         655.6     1.3208   4.400E+00   0.0056   0.0034   4.657E-10  -1.42206793E-11   2.75439288E-06   2.22075178E-16
     150           660     1.3209   4.400E+00   0.0056   0.0034   3.492E-10   1.09035446E-11   2.75354660E-06   2.22075178E-16
     151         664.4     1.3204   4.400E+00   0.0056   0.0034   4.075E-10   1.87356684E-12   2.75259299E-06   2.22075178E-16
     152         668.8     1.3226   4.400E+00   0.0056   0.0034   4.657E-10   6.01998529E-12   2.75154889E-06   2.22075178E-16
     153         673.2     1.3175   4.400E+00   0.0056   0.0034   4.657E-10   3.43999156E-12   2.75043249E-06   2.22075178E-16
     154         677.6     1.3183   4.400E+00   0.0056   0.0034   4.657E-10  -4.69927396E-12   2.74925901E-06   2.22075178E-16
     155           682     1.3224   4.400E+00   0.0056   0.0034   3.492E-10   2.66906480E-11   2.74804438E-06   2.22075178E-16
     156         686.4     1.3216   4.400E+00   0.0056   0.0034   4.657E-10   3.71641953E-12   2.74680428E-06   2.22075178E-16
     157         690.8     1.3182   4.400E+00   0.0056   0.0034   4.657E-10   7.98569435E-13   2.74555214E-06   2.22075178E-16
     158         695.2     1.4125   4.400E+00   0.0056   0.0034   4.657E-10   5.58998637E-12   2.74430249E-06   2.22075178E-16
     159         699.6     1.3203   4.400E+00   0.0056   0.0034   4.657E-10   1.34221098E-11   2.74306694E-06   2.22075178E-16
     160           704     1.3230   4.400E+00   0.0056   0.0034   3.492E-10  -2.54927936E-12   2.74185845E-06   2.22075178E-16
     161         708.4     1.3192   4.400E+00   0.0056   0.0034   3.492E-10  -2.39570841E-12   2.74068611E-06   2.22075178E-16
     162         712.8     1.3195   4.400E+00   0.0055   0.0034   4.075E-10   1.52035346E-11   2.73956016E-06   2.22075178E-16
     163         717.2     1.3229   4.400E+00   0.0055   0.0034   4.657E-10   3.34784891E-12   2.73848900E-06   2.22075178E-16
     164         721.6     1.3182   4.400E+00   0.0055   0.0034   3.492E-10  -3.19427774E-12   2.73747946E-06   2.22075178E-16
     165           726     1.3165   4.400E+00   0.0055   0.0034   3.492E-10  -4.60713152E-12   2.73653654E-06   2.22075178E-16
     166         730.4     1.3230   4.400E+00   0.0055   0.0034   4.657E-10   1.04428315E-12   2.73566593E-06   2.22075178E-16
     167         734.8     1.3182   4.400E+00   0.0055   0.0034   3.492E-10  -3.96213314E-12   2.73486989E-06   2.22075178E-16
     168         739.2     1.3147   4.400E+00   0.0055   0.0034   3.492E-10   1.04428315E-12   2.73415139E-06   2.22075178E-16
     169         743.6     1.3214   4.400E+00   0.0055   0.0034   3.492E-10   8.56926422E-12   2.73351111E-06   2.22075178E-16
     170           748     1.3214   4.400E+00   0.0054   0.0034   4.657E-10   9.42926206E-12   2.73294904E-06   2.22075178E-16
     171         752.4     1.3221   4.400E+00   0.0054   0.0034   3.492E-10  -1.13642581E-12   2.73246246E-06   2.22075178E-16
     172         756.8     1.3257   4.400E+00   0.0054   0.0034   3.492E-10   1.00128326E-11   2.73204978E-06   2.22075178E-16
     173         761.2     1.3213   4.400E+00   0.0054   0.0034   4.075E-10  -1.70771002E-11   2.73170554E-06   2.22075178E-16
     174         765.6     1.3263   4.400E+00   0.0054   0.0034   4.075E-10   7.92426628E-12   2.73142632E-06   2.22075178E-16
     175           770     1.3236   4.400E+00   0.0053   0.0034   3.492E-10   4.11570431E-12   2.73120691E-06   2.22075178E-16
     176         774.4     1.3228   4.400E+00   0.0053   0.0034   4.657E-10  -2.14999473E-13   2.73104024E-06   2.22075178E-16
     177         778.8     1.3133   4.400E+00   0.0053   0.0034   3.492E-10  -2.54927936E-12   2.73091814E-06   2.22075178E-16
     178         783.2     1.3210   4.400E+00   0.0053   0.0034   3.492E-10  -5.49784350E-12   2.73083219E-06   2.22075178E-16
     179         787.6     1.3190   4.400E+00   0.0052   0.0034   3.492E-10  -4.42284620E-12   2.73077194E-06   2.22075178E-16
     180           792     1.3195   4.400E+00   0.0052   0.0034   4.075E-10   1.01971175E-11   2.73072919E-06   2.22075178E-16
     181         796.4     1.3210   4.400E+00   0.0052   0.0034   3.492E-10   1.78142414E-11   2.73069304E-06   2.22075178E-16
     182         800.8     1.3193   4.400E+00   0.0052   0.0034   3.492E-10   1.06578305E-11   2.73065484E-06   2.22075178E-16
     183         805.2     1.3263   4.400E+00   0.0051   0.0034   4.075E-10   1.09342587E-11   2.73060186E-06   2.22075178E-16
     184         809.6     1.3193   4.400E+00   0.0051   0.0034   3.492E-10   6.26569890E-12   2.73052365E-06   2.22075178E-16
     185           814     1.3154   4.400E+00   0.0051   0.0034   3.492E-10   8.81497826E-12   2.73040723E-06   2.22075178E-16
     186         818.4     1.3263   4.400E+00   0.0050   0.0034   3.492E-10   1.22856838E-11   2.73024216E-06   2.22075178E-16
     187         822.8     1.3194   4.400E+00   0.0050   0.0034   4.075E-10   1.68928153E-12   2.73001751E-06   2.22075178E-16
     188         827.2     1.3223   4.400E+00   0.0050   0.0034   3.492E-10   1.43435359E-11   2.72972238E-06   2.22075178E-16
     189         831.6     1.3241   4.400E+00   0.0049   0.0034   3.492E-10  -7.37141034E-13   2.72934426E-06   2.22075178E-16
     190           836     1.3204   4.400E+00   0.0049   0.0034   3.492E-10  -8.16997945E-12   2.72887451E-06   2.22075178E-16
     191         840.4     1.3179   4.400E+00   0.0049   0.0034   3.492E-10  -1.75070993E-12   2.72830061E-06   2.22075178E-16
     192         844.8     1.3181   4.400E+00   0.0049   0.0034   3.492E-10   7.80140969E-12   2.72761463E-06   2.22075178E-16
     193         849.2     1.3253   4.400E+00   0.0048   0.0034   3.492E-10   9.24497718E-12   2.72680654E-06   2.22075178E-16
     194         853.6     1.3223   4.400E+00   0.0048   0.0034   3.492E-10   2.02713779E-12   2.72586976E-06   2.22075178E-16
     195           858     1.3258   4.400E+00   0.0048   0.0034   3.492E-10   6.97212557E-12   2.72479519E-06   2.22075178E-16
     196         862.4     1.3231   4.400E+00   0.0047   0.0034   3.492E-10   1.56642477E-11   2.72357579E-06   2.22075178E-16
     197         866.8     1.3192   4.400E+00   0.0047   0.0034   3.492E-10   2.97927828E-12   2.72220495E-06   2.22075178E-16
     198         871.2     1.3221   4.400E+00   0.0046   0.0034   3.492E-10   8.29283690E-13   2.72067746E-06   2.22075178E-16
     199         875.6     1.3185   4.400E+00   0.0046   0.0034   3.492E-10   4.42284620E-12   2.71899148E-06   2.22075178E-16
     200           880     1.3204   4.400E+00   0.0046   0.0034   3.492E-10  -4.02356143E-12   2.71714111E-06   2.22075178E-16
     201         884.4     1.3293   4.400E+00   0.0045   0.0034   3.492E-10   6.14284188E-12   2.71512636E-06   2.22075178E-16
     202         888.8     1.3236   4.400E+00   0.0045   0.0034   3.492E-10   1.55106761E-11   2.71294448E-06   2.22075178E-16
     203         893.2     1.3211   4.400E+00   0.0045   0.0034   3.492E-10   5.83569976E-13   2.71059389E-06   2.22075178E-16
     204         897.6     1.3121   2.400E+00   0.0024   0.0018   3.492E-10  -7.89355213E-12   2.70807641E-06   2.22075178E-16
     205           900     1.3211   4.400E+00   0.0044   0.0034   3.492E-10   2.76427888E-13   2.70660598E-06   2.22075178E-16
