    ITER          TIME      CPUDT          DT      CFL     DNUM         DIV              MOM              TKE             MASS
       0             0     0.0083   4.400E+00   0.0000   0.0000   0.000E+00   0.00000000E+00   0.00000000E+00   0.00000000E+00
       1           4.4    51.9357   4.400E+00   0.0002   0.0034   2.365E-11  -1.62099197E-12   1.21350618E-09   2.22105221E-16
       2           8.8     4.8060   4.400E+00   0.0004   0.0034   2.910E-11   2.24570666E-12   4.84722928E-09   2.22105221E-16
       3          13.2     4.8159   4.400E+00   0.0005   0.0034   4.366E-11  -1.04414817E-12   1.08881615E-08   2.22105221E-16
       4          17.6     4.8054   4.400E+00   0.0007   0.0034   5.093E-11   4.48415480E-12   1.93182483E-08   2.22105221E-16
       5            22     4.8130   4.400E+00   0.0009   0.0034   6.003E-11  -1.60154808E-13   3.01146805E-08   2.22105221E-16
       6          26.4     4.8105   4.400E+00   0.0011   0.0034   7.276E-11   3.98738854E-12   4.32434497E-08   2.22105221E-16
       7          30.8     4.8175   4.400E+00   0.0013   0.0034   8.731E-11   3.21108960E-12   5.86694249E-08   2.22105221E-16
       8          35.2     4.8036   4.400E+00   0.0014   0.0034   1.019E-10   2.51598568E-12   7.63429640E-08   2.22105221E-16
       9          39.6     4.8061   4.400E+00   0.0016   0.0034   9.459E-11   2.68080458E-12   9.62202620E-08   2.22105221E-16
      10            44     4.8147   4.400E+00   0.0018   0.0034   1.164E-10   1.74159168E-12   1.18241061E-07   2.22105221E-16
      11          48.4     4.8118   4.400E+00   0.0019   0.0034   1.164E-10  -5.92598290E-13   1.42335381E-07   2.22105221E-16
      12          52.8     4.8050   4.400E+00   0.0021   0.0034   1.455E-10  -1.82020696E-12   1.68451834E-07   2.22105221E-16
      13          57.2     4.8160   4.400E+00   0.0023   0.0034   1.455E-10  -3.36326605E-12   1.96508708E-07   2.22105221E-16
      14          61.6     4.7985   4.400E+00   0.0025   0.0034   1.746E-10  -4.01258367E-12   2.26429734E-07   2.22105221E-16
      15            66     4.8071   4.400E+00   0.0026   0.0034   1.746E-10  -4.20682716E-12   2.58124487E-07   2.22105221E-16
      16          70.4     4.8154   4.400E+00   0.0028   0.0034   1.746E-10  -6.26623883E-12   2.91517409E-07   2.22105221E-16
      17          74.8     4.8136   4.400E+00   0.0029   0.0034   1.746E-10   9.64558186E-13   3.26525537E-07   2.22105221E-16
      18          79.2     4.8154   4.400E+00   0.0031   0.0034   1.819E-10   2.24429698E-12   3.63048542E-07   2.22105221E-16
      19          83.6     4.8090   4.400E+00   0.0033   0.0034   2.328E-10   4.73850668E-13   4.00988711E-07   2.22105221E-16
      20            88     4.8053   4.400E+00   0.0034   0.0034   2.328E-10  -7.74993893E-13   4.40248812E-07   2.22105221E-16
      21          92.4     4.8079   4.400E+00   0.0036   0.0034   2.328E-10   9.76315925E-13   4.80727181E-07   2.22105221E-16
      22          96.8     4.8023   4.400E+00   0.0037   0.0034   2.328E-10  -9.83184627E-12   5.22295636E-07   2.22105221E-16
      23         101.2     4.8080   4.400E+00   0.0039   0.0034   2.328E-10  -2.64082224E-12   5.64899608E-07   2.22105221E-16
      24         105.6     4.8140   4.400E+00   0.0040   0.0034   2.474E-10  -2.54010116E-12   6.08413927E-07   2.22105221E-16
      25           110     4.8076   4.400E+00   0.0042   0.0034   2.328E-10  -7.54483802E-12   6.52728318E-07   2.22105221E-16
      26         114.4     4.8137   4.400E+00   0.0043   0.0034   2.474E-10  -3.89386613E-12   6.97738017E-07   2.22105221E-16
      27         118.8     4.8059   4.400E+00   0.0044   0.0034   2.619E-10   2.71340849E-12   7.43333999E-07   2.22105221E-16
      28         123.2     4.8159   4.400E+00   0.0046   0.0034   2.910E-10   8.09103479E-12   7.89411331E-07   2.22105221E-16
      29         127.6     4.8141   4.400E+00   0.0047   0.0034   2.910E-10  -2.50620748E-12   8.35864910E-07   2.22105221E-16
      30           132     4.8039   4.400E+00   0.0048   0.0034   3.274E-10  -5.52063950E-12   8.82592474E-07   2.22105221E-16
      31         136.4     4.8154   4.400E+00   0.0050   0.0034   2.910E-10  -9.41582489E-12   9.29489545E-07   2.22105221E-16
      32         140.8     4.8154   4.400E+00   0.0051   0.0035   3.492E-10   4.20448745E-12   9.76457159E-07   2.22105221E-16
      33         145.2     4.8099   4.400E+00   0.0052   0.0035   3.056E-10  -5.69088700E-12   1.02338549E-06   2.22105221E-16
      34         149.6     4.8103   4.400E+00   0.0053   0.0035   3.492E-10   4.04443753E-12   1.07014671E-06   2.22105221E-16
      35           154     4.8089   4.400E+00   0.0054   0.0035   3.492E-10   5.08872068E-12   1.11674353E-06   2.22105221E-16
      36         158.4     4.8149   4.400E+00   0.0055   0.0035   3.492E-10  -2.47477342E-12   1.16303556E-06   2.22105221E-16
      37         162.8     4.8008   4.400E+00   0.0056   0.0035   3.783E-10   5.17318480E-12   1.20893515E-06   2.22105221E-16
      38         167.2     4.8042   4.400E+00   0.0057   0.0035   3.492E-10  -8.93411560E-12   1.25436259E-06   2.22105221E-16
      39         171.6     4.8146   4.400E+00   0.0058   0.0035   3.638E-10   6.86594575E-12   1.29923637E-06   2.22105221E-16
      40           176     4.8122   4.400E+00   0.0059   0.0035   3.492E-10   1.14868748E-11   1.34348545E-06   2.22105221E-16
      41         180.4     4.8160   4.400E+00   0.0060   0.0035   3.856E-10  -3.28498079E-12   1.38703797E-06   2.22105221E-16
      42         184.8     4.8102   4.400E+00   0.0061   0.0035   4.657E-10   4.42224642E-12   1.42982958E-06   2.22105221E-16
      43         189.2     4.8083   4.400E+00   0.0062   0.0035   3.492E-10  -6.17175668E-12   1.47179992E-06   2.22105221E-16
      44         193.6     4.8127   4.400E+00   0.0063   0.0035   3.492E-10   1.68319872E-11   1.51289316E-06   2.22105221E-16
      45           198     4.8025   4.400E+00   0.0064   0.0035   3.638E-10  -5.40378126E-13   1.55305929E-06   2.22105221E-16
      46         202.4     4.8079   4.400E+00   0.0064   0.0035   4.657E-10  -1.79221013E-11   1.59225260E-06   2.22105221E-16
      47         206.8     4.8149   4.400E+00   0.0065   0.0035   3.492E-10  -1.82953500E-12   1.63043194E-06   2.22105221E-16
      48         211.2     4.8097   4.400E+00   0.0066   0.0035   4.657E-10  -2.96188161E-12   1.66756320E-06   2.22105221E-16
      49         215.6     4.8043   4.400E+00   0.0066   0.0035   4.657E-10  -6.31548936E-12   1.70361454E-06   2.22105221E-16
      50           220     4.8158   4.400E+00   0.0067   0.0035   4.657E-10   3.62595652E-12   1.73856210E-06   2.22105221E-16
      51         224.4     4.8168   4.400E+00   0.0067   0.0035   4.657E-10  -3.13140966E-14   1.77238462E-06   2.22105221E-16
      52         228.8     4.8095   4.400E+00   0.0068   0.0035   3.492E-10  -3.81108166E-12   1.80506731E-06   2.22105221E-16
      53         233.2     4.8033   4.400E+00   0.0068   0.0035   4.657E-10  -6.03654193E-12   1.83659790E-06   2.22105221E-16
      54         237.6     4.8125   4.400E+00   0.0069   0.0035   4.657E-10  -2.19426630E-11   1.86697184E-06   2.22105221E-16
      55           242     4.8168   4.400E+00   0.0069   0.0035   4.657E-10  -9.41786493E-12   1.89618811E-06   2.22105221E-16
      56         246.4     4.8070   4.400E+00   0.0070   0.0035   4.657E-10   8.21869049E-12   1.92425000E-06   2.22105221E-16
      57         250.8     4.8048   4.400E+00   0.0070   0.0035   4.657E-10   1.38527089E-11   1.95116377E-06   2.22105221E-16
      58         255.2     4.8128   4.400E+00   0.0070   0.0035   4.657E-10  -6.72185268E-12   1.97694362E-06   2.22105221E-16
      59         259.6     4.8169   4.400E+00   0.0070   0.0035   4.657E-10   1.25213199E-11   2.00160343E-06   2.22105221E-16
      60           264     4.8087   4.400E+00   0.0071   0.0035   4.657E-10   7.18484560E-12   2.02516458E-06   2.22105221E-16
      61         268.4     4.8072   4.400E+00   0.0071   0.0035   5.821E-10  -5.00125722E-12   2.04763569E-06   2.22105221E-16
      62         272.8     4.8108   4.400E+00   0.0071   0.0035   4.657E-10  -5.73455909E-12   2.06901382E-06   2.22105221E-16
      63         277.2     4.8073   4.400E+00   0.0071   0.0035   4.657E-10  -3.41102910E-11   2.08940469E-06   2.22105221E-16
      64         281.6     4.8145   4.400E+00   0.0071   0.0035   4.657E-10   1.49383836E-12   2.10883854E-06   2.22105221E-16
      65           286     4.8162   4.400E+00   0.0071   0.0035   4.657E-10   8.45216692E-12   2.12732903E-06   2.22105221E-16
      66         290.4     4.8103   4.400E+00   0.0071   0.0035   4.657E-10   6.12604531E-13   2.14491092E-06   2.22105221E-16
      67         294.8     4.8095   4.400E+00   0.0071   0.0035   4.657E-10   3.06998134E-12   2.16162198E-06   2.22105221E-16
      68         299.2     4.8131   4.400E+00   0.0071   0.0035   4.657E-10  -1.77891660E-11   2.17750585E-06   2.22105221E-16
      69         303.6     4.8116   4.400E+00   0.0071   0.0035   4.657E-10  -1.27219216E-11   2.19260573E-06   2.22105221E-16
      70           308     4.8154   4.400E+00   0.0070   0.0035   4.657E-10   6.78748030E-12   2.20696688E-06   2.22105221E-16
      71         312.4     4.8138   4.400E+00   0.0070   0.0035   4.657E-10   5.79202832E-12   2.22063363E-06   2.22105221E-16
      72         316.8     4.8172   4.400E+00   0.0070   0.0035   4.657E-10  -5.51092115E-12   2.23365305E-06   2.22105221E-16
      73         321.2     4.8046   4.400E+00   0.0070   0.0035   4.657E-10  -3.59776185E-12   2.24607129E-06   2.22105221E-16
      74         325.6     4.8175   4.400E+00   0.0069   0.0035   4.657E-10  -7.61340470E-12   2.25793588E-06   2.22105221E-16
      75           330     4.8202   4.400E+00   0.0069   0.0035   4.657E-10   1.13574193E-11   2.26929319E-06   2.22105221E-16
      76         334.4     4.8117   4.400E+00   0.0069   0.0035   5.821E-10  -1.00499054E-11   2.28018757E-06   2.22105221E-16
      77         338.8     4.8200   4.400E+00   0.0068   0.0035   4.657E-10  -7.50794479E-12   2.29066723E-06   2.22105221E-16
      78         343.2     4.8091   4.400E+00   0.0068   0.0035   4.657E-10  -1.92732861E-11   2.30077399E-06   2.22105221E-16
      79         347.6     4.8175   4.400E+00   0.0068   0.0035   4.657E-10  -2.52499601E-11   2.31054946E-06   2.22105221E-16
      80           352     4.8141   4.400E+00   0.0067   0.0035   4.657E-10  -9.10508322E-13   2.32003867E-06   2.22105221E-16
      81         356.4     4.8101   4.400E+00   0.0067   0.0035   4.657E-10  -1.88278108E-11   2.32927960E-06   2.22105221E-16
      82         360.8     4.8083   4.400E+00   0.0067   0.0035   4.657E-10   1.23817857E-11   2.33831065E-06   2.22105221E-16
      83         365.2     4.8179   4.400E+00   0.0066   0.0035   4.657E-10   2.10689886E-11   2.34716913E-06   2.22105221E-16
      84         369.6     4.8082   4.400E+00   0.0066   0.0035   4.657E-10  -6.12640494E-12   2.35589005E-06   2.22105221E-16
      85           374     4.8195   4.400E+00   0.0066   0.0035   4.657E-10   1.58863252E-11   2.36450273E-06   2.22105221E-16
      86         378.4     4.8166   4.400E+00   0.0065   0.0035   4.657E-10  -2.84694338E-12   2.37303880E-06   2.22105221E-16
      87         382.8     4.8216   4.400E+00   0.0065   0.0035   4.657E-10  -7.65671641E-12   2.38152779E-06   2.22105221E-16
      88         387.2     4.8092   4.400E+00   0.0064   0.0035   4.657E-10  -2.14587948E-11   2.38999291E-06   2.22105221E-16
      89         391.6     4.8077   4.400E+00   0.0064   0.0035   4.657E-10  -8.98126712E-12   2.39845690E-06   2.22105221E-16
      90           396     4.8161   4.400E+00   0.0063   0.0035   4.657E-10   8.15846211E-14   2.40693907E-06   2.22105221E-16
      91         400.4     4.8130   4.400E+00   0.0063   0.0035   4.657E-10   4.18721075E-13   2.41545695E-06   2.22105221E-16
      92         404.8     4.8133   4.400E+00   0.0063   0.0035   4.657E-10  -6.22778608E-12   2.42402507E-06   2.22105221E-16
      93         409.2     4.8043   4.400E+00   0.0062   0.0035   4.657E-10  -1.93435927E-11   2.43265617E-06   2.22105221E-16
      94         413.6     4.8153   4.400E+00   0.0062   0.0035   4.657E-10  -2.08335918E-11   2.44135913E-06   2.22105221E-16
      95           418     4.8127   4.400E+00   0.0062   0.0035   4.657E-10   3.06707784E-11   2.45013985E-06   2.22105221E-16
      96         422.4     4.8119   4.400E+00   0.0062   0.0035   4.657E-10  -2.28375756E-11   2.45900378E-06   2.22105221E-16
      97         426.8     4.8125   4.400E+00   0.0062   0.0035   4.657E-10   4.87588106E-13   2.46795298E-06   2.22105221E-16
      98         431.2     4.8102   4.400E+00   0.0062   0.0035   4.657E-10   2.21507049E-11   2.47698745E-06   2.22105221E-16
      99         435.6     4.8130   4.400E+00   0.0062   0.0035   4.657E-10   1.06837456E-11   2.48610104E-06   2.22105221E-16
     100           440     4.8150   4.400E+00   0.0062   0.0035   4.657E-10   1.53105532E-11   2.49529126E-06   2.22105221E-16
     101         444.4     4.8113   4.400E+00   0.0062   0.0035   4.657E-10  -1.50260880E-11   2.50455037E-06   2.22105221E-16
     102         448.8     4.8155   4.400E+00   0.0062   0.0035   3.492E-10  -1.21301936E-11   2.51387019E-06   2.22105221E-16
     103         453.2     4.8169   4.400E+00   0.0062   0.0035   4.657E-10  -1.58924436E-11   2.52323866E-06   2.22105221E-16
     104         457.6     4.8200   4.400E+00   0.0062   0.0035   4.657E-10  -1.36596654E-11   2.53264329E-06   2.22105221E-16
     105           462     4.8180   4.400E+00   0.0062   0.0035   4.075E-10   1.16298880E-11   2.54207021E-06   2.22105221E-16
     106         466.4     4.8185   4.400E+00   0.0062   0.0035   4.657E-10   1.26812493E-11   2.55150417E-06   2.22105221E-16
     107         470.8     4.8147   4.400E+00   0.0061   0.0035   4.657E-10   2.85210241E-11   2.56092903E-06   2.22105221E-16
     108         475.2     4.8095   4.400E+00   0.0061   0.0035   4.657E-10  -1.12855524E-11   2.57032593E-06   2.22105221E-16
     109         479.6     4.8104   4.400E+00   0.0061   0.0035   4.657E-10   1.51159502E-11   2.57967599E-06   2.22105221E-16
     110           484     4.8188   4.400E+00   0.0061   0.0035   4.657E-10  -2.22669019E-11   2.58896375E-06   2.22105221E-16
     111         488.4     4.8164   4.400E+00   0.0061   0.0035   4.657E-10   9.07496907E-12   2.59816670E-06   2.22105221E-16
     112         492.8     4.8102   4.400E+00   0.0060   0.0035   4.075E-10  -4.42185654E-12   2.60726506E-06   2.22105221E-16
     113         497.2     4.8144   4.400E+00   0.0060   0.0034   4.657E-10   1.98696944E-11   2.61624177E-06   2.22105221E-16
     114         501.6     4.8165   4.400E+00   0.0060   0.0034   4.657E-10   3.47436511E-12   2.62507433E-06   2.22105221E-16
     115           506     4.8131   4.400E+00   0.0060   0.0034   3.492E-10  -8.82433623E-12   2.63374204E-06   2.22105221E-16
     116         510.4     4.8156   4.400E+00   0.0060   0.0034   4.075E-10  -1.05942425E-11   2.64222808E-06   2.22105221E-16
     117         514.8     4.8165   4.400E+00   0.0059   0.0034   4.657E-10   8.49439876E-12   2.65051199E-06   2.22105221E-16
     118         519.2     4.8177   4.400E+00   0.0059   0.0034   4.657E-10   1.06767876E-11   2.65857580E-06   2.22105221E-16
     119         523.6     4.8161   4.400E+00   0.0059   0.0034   4.657E-10  -1.19420689E-11   2.66640268E-06   2.22105221E-16
     120           528     4.8120   4.400E+00   0.0059   0.0034   4.657E-10  -9.97779897E-12   2.67397559E-06   2.22105221E-16
     121         532.4     4.8214   4.400E+00   0.0058   0.0034   4.657E-10  -2.08799037E-11   2.68127974E-06   2.22105221E-16
     122         536.8     4.8104   4.400E+00   0.0058   0.0034   4.657E-10  -1.69710409E-11   2.68830127E-06   2.22105221E-16
     123         541.2     4.8165   4.400E+00   0.0058   0.0034   3.492E-10   1.86430454E-11   2.69502493E-06   2.22105221E-16
     124         545.6     4.8181   4.400E+00   0.0057   0.0034   4.657E-10  -1.47562587E-11   2.70144164E-06   2.22105221E-16
     125           550     4.8127   4.400E+00   0.0057   0.0034   4.075E-10  -2.78952209E-11   2.70753912E-06   2.22105221E-16
     126         554.4     4.8230   4.400E+00   0.0057   0.0034   3.492E-10  -1.27943879E-12   2.71331078E-06   2.22105221E-16
     127         558.8     4.8170   4.400E+00   0.0056   0.0034   4.657E-10  -3.28546066E-12   2.71874728E-06   2.22105221E-16
     128         563.2     4.8203   4.400E+00   0.0056   0.0034   4.657E-10   1.47351419E-11   2.72384386E-06   2.22105221E-16
     129         567.6     4.8299   4.400E+00   0.0056   0.0034   4.657E-10  -9.27761080E-12   2.72859688E-06   2.22105221E-16
     130           572     4.8202   4.400E+00   0.0056   0.0034   4.657E-10  -1.10379188E-11   2.73300407E-06   2.22105221E-16
     131         576.4     4.8135   4.400E+00   0.0056   0.0034   3.492E-10   2.50704735E-11   2.73706428E-06   2.22105221E-16
     132         580.8     4.8272   4.400E+00   0.0056   0.0034   3.492E-10  -4.99009948E-12   2.74077820E-06   2.22105221E-16
     133         585.2     4.8142   4.400E+00   0.0056   0.0034   4.657E-10   1.99095272E-11   2.74414515E-06   2.22105221E-16
     134         589.6     4.8157   4.400E+00   0.0056   0.0034   4.657E-10  -9.06069230E-12   2.74717468E-06   2.22105221E-16
     135           594     4.8153   4.400E+00   0.0056   0.0034   4.657E-10   2.19664183E-11   2.74987133E-06   2.22105221E-16
     136         598.4     4.8255   4.400E+00   0.0055   0.0034   4.657E-10   2.51088668E-12   2.75223942E-06   2.22105221E-16
     137         602.8     4.8196   4.400E+00   0.0055   0.0034   4.657E-10  -1.40479121E-11   2.75428829E-06   2.22105221E-16
     138         607.2     4.8287   4.400E+00   0.0055   0.0034   4.657E-10  -1.99987908E-11   2.75602702E-06   2.22105221E-16
     139         611.6     4.8217   4.400E+00   0.0055   0.0034   3.492E-10   1.72383505E-12   2.75746925E-06   2.22105221E-16
     140           616     4.8327   4.400E+00   0.0055   0.0034   4.657E-10  -1.39250547E-11   2.75862408E-06   2.22105221E-16
     141         620.4     4.8175   4.400E+00   0.0055   0.0034   4.657E-10   6.09293128E-12   2.75950492E-06   2.22105221E-16
     142         624.8     4.8186   4.400E+00   0.0055   0.0034   4.657E-10   1.94651305E-12   2.76012929E-06   2.22105221E-16
     143         629.2     4.8246   4.400E+00   0.0055   0.0034   3.492E-10   3.54365192E-12   2.76050673E-06   2.22105221E-16
     144         633.6     4.8329   4.400E+00   0.0054   0.0034   4.657E-10  -4.35757853E-12   2.76065612E-06   2.22105221E-16
     145           638     4.8152   4.400E+00   0.0054   0.0034   4.657E-10  -3.95445439E-12   2.76059518E-06   2.22105221E-16
     146         642.4     4.8175   4.400E+00   0.0054   0.0034   4.657E-10  -2.06245923E-11   2.76033688E-06   2.22105221E-16
     147         646.8     4.8196   4.400E+00   0.0054   0.0034   4.657E-10  -1.91887027E-11   2.75990305E-06   2.22105221E-16
     148         651.2     4.8237   4.400E+00   0.0054   0.0034   4.075E-10  -2.72243079E-11   2.75930893E-06   2.22105221E-16
     149         655.6     4.8256   4.400E+00   0.0054   0.0034   4.657E-10  -2.00064687E-11   2.75856860E-06   2.22105221E-16
     150           660     4.8344   4.400E+00   0.0054   0.0034   4.075E-10  -1.23663085E-11   2.75770458E-06   2.22105221E-16
     151         664.4     4.8178   4.400E+00   0.0053   0.0034   3.492E-10   1.95879875E-11   2.75673324E-06   2.22105221E-16
     152         668.8     4.8182   4.400E+00   0.0053   0.0034   4.657E-10  -1.94881663E-11   2.75567140E-06   2.22105221E-16
     153         673.2     4.8289   4.400E+00   0.0053   0.0034   4.657E-10  -9.22194179E-12   2.75453590E-06   2.22105221E-16
     154         677.6     4.8188   4.400E+00   0.0053   0.0034   4.657E-10  -1.54876407E-11   2.75334151E-06   2.22105221E-16
     155           682     4.8112   4.400E+00   0.0053   0.0034   3.492E-10  -1.00512255E-11   2.75210868E-06   2.22105221E-16
     156         686.4     4.8254   4.400E+00   0.0053   0.0034   3.492E-10  -2.32890495E-11   2.75084858E-06   2.22105221E-16
     157         690.8     4.8218   4.400E+00   0.0053   0.0034   3.492E-10  -2.93320715E-11   2.74957597E-06   2.22105221E-16
     158         695.2     4.8234   4.400E+00   0.0053   0.0034   3.492E-10   1.50883559E-11   2.74830495E-06   2.22105221E-16
     159         699.6     4.8448   4.400E+00   0.0053   0.0034   3.492E-10  -4.26159672E-12   2.74704917E-06   2.22105221E-16
     160           704     4.8230   4.400E+00   0.0052   0.0034   4.657E-10  -1.25774686E-11   2.74582044E-06   2.22105221E-16
     161         708.4     4.8282   4.400E+00   0.0052   0.0034   3.492E-10  -5.74355737E-11   2.74462650E-06   2.22105221E-16
     162         712.8     4.8187   4.400E+00   0.0052   0.0034   3.492E-10  -5.45177228E-12   2.74347872E-06   2.22105221E-16
     163         717.2     4.8252   4.400E+00   0.0052   0.0034   4.657E-10   9.62890444E-12   2.74238573E-06   2.22105221E-16
     164         721.6     4.8259   4.400E+00   0.0052   0.0034   3.492E-10   1.28999684E-11   2.74135436E-06   2.22105221E-16
     165           726     4.8147   4.400E+00   0.0051   0.0034   3.492E-10  -6.26569890E-12   2.74038939E-06   2.22105221E-16
     166         730.4     4.8208   4.400E+00   0.0051   0.0034   3.492E-10  -3.84695470E-11   2.73949627E-06   2.22105221E-16
     167         734.8     4.8275   4.400E+00   0.0051   0.0034   3.492E-10   2.19606603E-12   2.73867704E-06   2.22105221E-16
     168         739.2     4.8220   4.400E+00   0.0051   0.0034   3.492E-10  -2.70438619E-11   2.73793398E-06   2.22105221E-16
     169         743.6     4.8262   4.400E+00   0.0051   0.0034   4.657E-10  -5.97391364E-12   2.73727051E-06   2.22105221E-16
     170           748     4.8259   4.400E+00   0.0050   0.0034   4.657E-10  -2.34963698E-12   2.73668206E-06   2.22105221E-16
     171         752.4     4.8235   4.400E+00   0.0050   0.0034   3.492E-10  -3.28642040E-12   2.73617275E-06   2.22105221E-16
     172         756.8     4.8163   4.400E+00   0.0050   0.0034   4.657E-10   2.93320706E-12   2.73573391E-06   2.22105221E-16
     173         761.2     4.8372   4.400E+00   0.0050   0.0034   3.492E-10  -5.33045101E-11   2.73536375E-06   2.22105221E-16
     174         765.6     4.8248   4.400E+00   0.0049   0.0034   3.492E-10  -1.00128326E-11   2.73505907E-06   2.22105221E-16
     175           770     4.8247   4.400E+00   0.0049   0.0034   3.492E-10   1.06424739E-11   2.73481464E-06   2.22105221E-16
     176         774.4     4.8293   4.400E+00   0.0049   0.0034   3.492E-10   1.39135370E-11   2.73462206E-06   2.22105221E-16
     177         778.8     4.8229   4.400E+00   0.0048   0.0034   4.657E-10  -7.06426833E-13   2.73447472E-06   2.22105221E-16
     178         783.2     4.8336   4.400E+00   0.0048   0.0034   3.492E-10   2.73356468E-12   2.73436285E-06   2.22105221E-16
     179         787.6     4.8274   4.400E+00   0.0048   0.0034   3.492E-10  -2.67213617E-12   2.73427645E-06   2.22105221E-16
     180           792     4.8280   4.400E+00   0.0048   0.0034   3.492E-10   1.33606815E-11   2.73420642E-06   2.22105221E-16
     181         796.4     4.8264   4.400E+00   0.0047   0.0034   3.492E-10  -1.13949718E-11   2.73414548E-06   2.22105221E-16
     182         800.8     4.8213   4.400E+00   0.0047   0.0034   3.492E-10  -1.97799520E-11   2.73408136E-06   2.22105221E-16
     183         805.2     4.8349   4.400E+00   0.0047   0.0034   3.492E-10   1.44049642E-11   2.73400201E-06   2.22105221E-16
     184         809.6     4.8278   4.400E+00   0.0047   0.0034   3.492E-10  -9.95140428E-12   2.73389878E-06   2.22105221E-16
     185           814     4.8276   4.400E+00   0.0047   0.0034   3.492E-10   2.00256652E-11   2.73375645E-06   2.22105221E-16
     186         818.4     4.8318   4.400E+00   0.0047   0.0034   3.492E-10  -1.04121173E-11   2.73356522E-06   2.22105221E-16
     187         822.8     4.8312   4.400E+00   0.0046   0.0034   3.492E-10  -6.41927006E-12   2.73331511E-06   2.22105221E-16
     188         827.2     4.8276   4.400E+00   0.0046   0.0034   3.492E-10  -2.21756589E-11   2.73299474E-06   2.22105221E-16
     189         831.6     4.8320   4.400E+00   0.0046   0.0034   3.492E-10   6.14284177E-13   2.73259116E-06   2.22105221E-16
     190           836     4.8293   4.400E+00   0.0046   0.0034   3.492E-10  -1.29306826E-11   2.73209776E-06   2.22105221E-16
     191         840.4     4.8245   4.400E+00   0.0046   0.0034   3.492E-10   7.55569565E-12   2.73149931E-06   2.22105221E-16
     192         844.8     4.8211   4.400E+00   0.0046   0.0034   3.492E-10  -3.34784891E-12   2.73078876E-06   2.22105221E-16
     193         849.2     4.8334   4.400E+00   0.0046   0.0034   4.657E-10   1.16713995E-12   2.72995817E-06   2.22105221E-16
     194         853.6     4.8259   4.400E+00   0.0046   0.0034   3.492E-10   1.60942457E-11   2.72899729E-06   2.22105221E-16
     195           858     4.8282   4.400E+00   0.0046   0.0034   4.657E-10   1.02892608E-11   2.72790157E-06   2.22105221E-16
     196         862.4     4.8285   4.400E+00   0.0045   0.0034   3.492E-10  -7.09498259E-12   2.72665898E-06   2.22105221E-16
     197         866.8     4.8276   4.400E+00   0.0045   0.0034   3.492E-10   6.41927006E-12   2.72526677E-06   2.22105221E-16
     198         871.2     4.8363   4.400E+00   0.0045   0.0034   3.492E-10   1.25928261E-12   2.72371835E-06   2.22105221E-16
     199         875.6     4.8352   4.400E+00   0.0045   0.0034   3.492E-10  -1.56642477E-11   2.72200987E-06   2.22105221E-16
     200           880     4.8378   4.400E+00   0.0045   0.0034   3.492E-10   1.70156719E-11   2.72013904E-06   2.22105221E-16
     201         884.4     4.8285   4.400E+00   0.0045   0.0034   4.075E-10   1.41285367E-12   2.71810495E-06   2.22105221E-16
     202         888.8     4.8343   4.400E+00   0.0044   0.0034   3.492E-10   2.33427990E-12   2.71590238E-06   2.22105221E-16
     203         893.2     4.8455   4.400E+00   0.0044   0.0034   3.492E-10  -4.72998854E-12   2.71353133E-06   2.22105221E-16
     204         897.6     4.8281   2.400E+00   0.0024   0.0018   3.492E-10  -1.87970958E-11   2.71099339E-06   2.22105221E-16
     205           900     4.8277   4.400E+00   0.0044   0.0034   3.492E-10  -2.14999459E-12   2.70951296E-06   2.22105221E-16
