    ITER          TIME      CPUDT          DT      CFL     DNUM         DIV              MOM              TKE             MASS
       0             0     0.0040   4.400E+00   0.0000   0.0000   0.000E+00   0.00000000E+00   0.00000000E+00   0.00000000E+00
       1           4.4    53.5053   4.400E+00   0.0002   0.0034   2.728E-11   5.66718818E-13   1.21262000E-09   2.22120017E-16
       2           8.8     3.0902   4.400E+00   0.0004   0.0034   3.638E-11   2.22977019E-12   4.84368767E-09   2.22120017E-16
       3          13.2     3.0877   4.400E+00   0.0006   0.0034   5.093E-11   5.03361357E-14   1.08801306E-08   2.22120017E-16
       4          17.6     3.0910   4.400E+00   0.0008   0.0034   5.821E-11   2.56855084E-12   1.93041299E-08   2.22120017E-16
       5            22     3.0913   4.400E+00   0.0010   0.0034   6.366E-11   1.45224002E-12   3.00921670E-08   2.22120017E-16
       6          26.4     3.0884   4.400E+00   0.0012   0.0034   8.004E-11   2.78734826E-12   4.32116103E-08   2.22120017E-16
       7          30.8     3.0977   4.400E+00   0.0013   0.0034   8.731E-11   2.42339325E-13   5.86256483E-08   2.22120017E-16
       8          35.2     3.0964   4.400E+00   0.0015   0.0034   1.019E-10   1.31696921E-12   7.62873071E-08   2.22120017E-16
       9          39.6     3.0887   4.400E+00   0.0017   0.0034   1.164E-10  -3.20864510E-13   9.61489022E-08   2.22120017E-16
      10            44     3.0803   4.400E+00   0.0019   0.0034   1.237E-10  -1.91000254E-12   1.18152649E-07   2.22120017E-16
      11          48.4     3.0751   4.400E+00   0.0021   0.0034   1.455E-10   1.96050546E-13   1.42231826E-07   2.22120017E-16
      12          52.8     3.0911   4.400E+00   0.0023   0.0034   1.455E-10  -2.14931978E-12   1.68327631E-07   2.22120017E-16
      13          57.2     3.0874   4.400E+00   0.0025   0.0034   1.601E-10  -3.96105327E-12   1.96362265E-07   2.22120017E-16
      14          61.6     3.0844   4.400E+00   0.0026   0.0034   1.746E-10  -1.29775032E-12   2.26260127E-07   2.22120017E-16
      15            66     3.1011   4.400E+00   0.0028   0.0034   1.746E-10  -7.07716560E-14   2.57934232E-07   2.22120017E-16
      16          70.4     3.0865   4.400E+00   0.0030   0.0034   1.819E-10  -1.50784571E-12   2.91304445E-07   2.22120017E-16
      17          74.8     3.0874   4.400E+00   0.0032   0.0034   2.328E-10  -1.63958094E-12   3.26284692E-07   2.22120017E-16
      18          79.2     3.0822   4.400E+00   0.0033   0.0034   2.328E-10  -4.00120085E-12   3.62778621E-07   2.22120017E-16
      19          83.6     3.0881   4.400E+00   0.0035   0.0034   2.328E-10   3.76564014E-12   4.00688805E-07   2.22120017E-16
      20            88     3.0874   4.400E+00   0.0037   0.0034   2.328E-10  -2.12209993E-14   4.39918182E-07   2.22120017E-16
      21          92.4     3.0852   4.400E+00   0.0038   0.0034   2.328E-10  -6.15618938E-13   4.80364918E-07   2.22120017E-16
      22          96.8     3.0906   4.400E+00   0.0040   0.0034   2.910E-10  -4.56315975E-12   5.21914217E-07   2.22120017E-16
      23         101.2     3.0829   4.400E+00   0.0041   0.0034   2.474E-10  -2.72822563E-12   5.64485106E-07   2.22120017E-16
      24         105.6     3.0839   4.400E+00   0.0043   0.0034   2.619E-10  -1.83059991E-12   6.07964807E-07   2.22120017E-16
      25           110     3.0935   4.400E+00   0.0044   0.0034   2.910E-10  -1.83116976E-12   6.52242875E-07   2.22120017E-16
      26         114.4     3.0888   4.400E+00   0.0046   0.0034   3.056E-10  -6.16551775E-12   6.97215455E-07   2.22120017E-16
      27         118.8     3.0981   4.400E+00   0.0047   0.0034   3.056E-10  -5.13662160E-12   7.42774375E-07   2.22120017E-16
      28         123.2     3.0984   4.400E+00   0.0048   0.0034   3.492E-10  -1.97392797E-12   7.88814589E-07   2.22120017E-16
      29         127.6     3.0883   4.400E+00   0.0050   0.0034   3.347E-10  -2.65871374E-12   8.35230196E-07   2.22120017E-16
      30           132     3.0920   4.400E+00   0.0051   0.0035   3.492E-10  -2.31601348E-12   8.81919846E-07   2.22120017E-16
      31         136.4     3.0707   4.400E+00   0.0052   0.0035   3.783E-10  -1.57116377E-12   9.28778434E-07   2.22120017E-16
      32         140.8     3.0917   4.400E+00   0.0053   0.0035   3.638E-10  -2.54109104E-12   9.75707394E-07   2.22120017E-16
      33         145.2     3.0926   4.400E+00   0.0055   0.0035   3.492E-10  -1.86345882E-12   1.02259844E-06   2.22120017E-16
      34         149.6     3.0738   4.400E+00   0.0056   0.0035   3.638E-10  -9.91613069E-14   1.06934863E-06   2.22120017E-16
      35           154     3.0877   4.400E+00   0.0057   0.0035   3.565E-10  -3.82934830E-12   1.11590691E-06   2.22120017E-16
      36         158.4     3.1026   4.400E+00   0.0058   0.0035   4.657E-10   1.46357405E-12   1.16215995E-06   2.22120017E-16
      37         162.8     3.0877   4.400E+00   0.0059   0.0035   4.657E-10  -1.31003303E-12   1.20802008E-06   2.22120017E-16
      38         167.2     3.0797   4.400E+00   0.0060   0.0035   4.657E-10  -5.22609473E-12   1.25340773E-06   2.22120017E-16
      39         171.6     3.0903   4.400E+00   0.0061   0.0035   4.657E-10  -1.40817458E-12   1.29824218E-06   2.22120017E-16
      40           176     3.0777   4.400E+00   0.0061   0.0035   3.783E-10  -3.81885018E-12   1.34245181E-06   2.22120017E-16
      41         180.4     3.0872   4.400E+00   0.0062   0.0035   4.657E-10  -5.32123694E-12   1.38596442E-06   2.22120017E-16
      42         184.8     3.0915   4.400E+00   0.0063   0.0035   4.657E-10  -3.16878273E-12   1.42871693E-06   2.22120017E-16
      43         189.2     3.0925   4.400E+00   0.0064   0.0035   4.657E-10  -2.15551361E-12   1.47064804E-06   2.22120017E-16
      44         193.6     3.0781   4.400E+00   0.0064   0.0035   4.657E-10   1.93811460E-12   1.51170423E-06   2.22120017E-16
      45           198     3.0912   4.400E+00   0.0065   0.0035   4.657E-10  -1.31900732E-11   1.55183272E-06   2.22120017E-16
      46         202.4     3.0924   4.400E+00   0.0066   0.0035   4.657E-10  -5.09393959E-13   1.59098943E-06   2.22120017E-16
      47         206.8     3.0904   4.400E+00   0.0066   0.0035   4.657E-10   2.44843832E-13   1.62913261E-06   2.22120017E-16
      48         211.2     3.0844   4.400E+00   0.0067   0.0035   4.657E-10  -4.63478648E-12   1.66622783E-06   2.22120017E-16
      49         215.6     3.0770   4.400E+00   0.0067   0.0035   4.657E-10  -4.83382865E-12   1.70224394E-06   2.22120017E-16
      50           220     3.0938   4.400E+00   0.0068   0.0035   4.657E-10  -7.58904918E-12   1.73715648E-06   2.22120017E-16
      51         224.4     3.0854   4.400E+00   0.0068   0.0036   4.657E-10  -8.59835900E-12   1.77094421E-06   2.22120017E-16
      52         228.8     3.0823   4.400E+00   0.0069   0.0036   4.657E-10  -2.61880632E-13   1.80359268E-06   2.22120017E-16
      53         233.2     3.0852   4.400E+00   0.0069   0.0036   4.657E-10  -4.74132626E-12   1.83509019E-06   2.22120017E-16
      54         237.6     3.0942   4.400E+00   0.0070   0.0036   4.657E-10  -2.51418612E-12   1.86543150E-06   2.22120017E-16
      55           242     3.0967   4.400E+00   0.0070   0.0036   5.821E-10  -3.61590835E-12   1.89461491E-06   2.22120017E-16
      56         246.4     3.0857   4.400E+00   0.0070   0.0036   5.821E-10   1.96759904E-12   1.92264497E-06   2.22120017E-16
      57         250.8     3.0882   4.400E+00   0.0071   0.0036   4.657E-10  -1.28095954E-11   1.94952804E-06   2.22120017E-16
      58         255.2     3.0800   4.400E+00   0.0071   0.0036   5.821E-10  -2.32867111E-12   1.97527766E-06   2.22120017E-16
      59         259.6     3.0824   4.400E+00   0.0071   0.0036   4.657E-10  -4.74630535E-12   1.99990859E-06   2.22120017E-16
      60           264     3.0868   4.400E+00   0.0072   0.0036   4.657E-10   5.78692910E-12   2.02343972E-06   2.22120017E-16
      61         268.4     3.0878   4.400E+00   0.0072   0.0036   4.657E-10  -4.69471510E-12   2.04588400E-06   2.22120017E-16
      62         272.8     3.0901   4.400E+00   0.0072   0.0036   4.657E-10  -5.63017861E-12   2.06726872E-06   2.22120017E-16
      63         277.2     3.0900   4.400E+00   0.0072   0.0036   4.657E-10   1.83775358E-13   2.08764232E-06   2.22120017E-16
      64         281.6     3.0989   4.400E+00   0.0072   0.0036   4.657E-10  -1.18399680E-12   2.10704752E-06   2.22120017E-16
      65           286     3.0986   4.400E+00   0.0072   0.0036   4.657E-10   3.37076450E-13   2.12551208E-06   2.22120017E-16
      66         290.4     3.0874   4.400E+00   0.0072   0.0036   4.657E-10   1.74255152E-12   2.14306829E-06   2.22120017E-16
      67         294.8     3.0932   4.400E+00   0.0072   0.0036   4.657E-10  -4.64912363E-14   2.15975501E-06   2.22120017E-16
      68         299.2     3.1038   4.400E+00   0.0072   0.0036   4.657E-10  -3.71389985E-13   2.17561569E-06   2.22120017E-16
      69         303.6     3.0912   4.400E+00   0.0072   0.0036   4.657E-10   4.46993744E-12   2.19069261E-06   2.22120017E-16
      70           308     3.1069   4.400E+00   0.0072   0.0036   5.821E-10   1.05040195E-12   2.20503148E-06   2.22120017E-16
      71         312.4     3.0893   4.400E+00   0.0072   0.0036   4.657E-10  -1.43585935E-12   2.21867663E-06   2.22120017E-16
      72         316.8     3.0829   4.400E+00   0.0072   0.0036   4.657E-10  -4.06582363E-12   2.23167490E-06   2.22120017E-16
      73         321.2     3.0894   4.400E+00   0.0072   0.0035   4.657E-10   2.73734399E-12   2.24407199E-06   2.22120017E-16
      74         325.6     3.0889   4.400E+00   0.0072   0.0035   4.657E-10  -4.18040212E-12   2.25591543E-06   2.22120017E-16
      75           330     3.0863   4.400E+00   0.0072   0.0035   4.657E-10  -4.88271966E-12   2.26725183E-06   2.22120017E-16
      76         334.4     3.0932   4.400E+00   0.0072   0.0035   4.657E-10  -5.12978288E-12   2.27812643E-06   2.22120017E-16
      77         338.8     3.0905   4.400E+00   0.0072   0.0035   4.657E-10   1.61186613E-12   2.28858516E-06   2.22120017E-16
      78         343.2     3.0917   4.400E+00   0.0071   0.0035   4.657E-10  -1.25688305E-12   2.29867078E-06   2.22120017E-16
      79         347.6     3.0939   4.400E+00   0.0071   0.0035   4.657E-10  -1.41783276E-12   2.30842670E-06   2.22120017E-16
      80           352     3.0833   4.400E+00   0.0071   0.0035   4.657E-10   3.34664913E-12   2.31789522E-06   2.22120017E-16
      81         356.4     3.0951   4.400E+00   0.0071   0.0035   4.657E-10   4.87636060E-12   2.32711545E-06   2.22120017E-16
      82         360.8     3.0902   4.400E+00   0.0071   0.0035   4.657E-10  -1.58184175E-12   2.33612764E-06   2.22120017E-16
      83         365.2     3.0919   4.400E+00   0.0070   0.0035   4.657E-10  -1.81045868E-12   2.34496633E-06   2.22120017E-16
      84         369.6     3.0857   4.400E+00   0.0070   0.0035   4.657E-10  -2.22462066E-12   2.35366701E-06   2.22120017E-16
      85           374     3.0932   4.400E+00   0.0070   0.0035   5.821E-10  -3.97617052E-12   2.36226128E-06   2.22120017E-16
      86         378.4     3.0845   4.400E+00   0.0069   0.0035   4.657E-10  -3.09853597E-12   2.37077916E-06   2.22120017E-16
      87         382.8     3.0943   4.400E+00   0.0069   0.0035   4.657E-10  -5.00965545E-12   2.37924951E-06   2.22120017E-16
      88         387.2     3.1008   4.400E+00   0.0068   0.0035   4.657E-10  -5.59370562E-12   2.38769599E-06   2.22120017E-16
      89         391.6     3.0862   4.400E+00   0.0068   0.0035   4.657E-10   8.47280254E-13   2.39614133E-06   2.22120017E-16
      90           396     3.0975   4.400E+00   0.0068   0.0035   4.657E-10  -4.49963157E-12   2.40460622E-06   2.22120017E-16
      91         400.4     3.0944   4.400E+00   0.0067   0.0035   4.657E-10  -5.93120171E-12   2.41310659E-06   2.22120017E-16
      92         404.8     3.0925   4.400E+00   0.0067   0.0035   4.657E-10   1.15010323E-12   2.42165811E-06   2.22120017E-16
      93         409.2     3.0883   4.400E+00   0.0066   0.0035   4.657E-10  -8.27843957E-12   2.43027216E-06   2.22120017E-16
      94         413.6     3.0874   4.400E+00   0.0066   0.0035   4.657E-10   1.49899743E-12   2.43895897E-06   2.22120017E-16
      95           418     3.0886   4.400E+00   0.0065   0.0035   4.657E-10   6.01014681E-12   2.44772400E-06   2.22120017E-16
      96         422.4     3.0832   4.400E+00   0.0065   0.0035   4.657E-10   1.31903136E-12   2.45657270E-06   2.22120017E-16
      97         426.8     3.0950   4.400E+00   0.0064   0.0035   4.657E-10   1.23768671E-12   2.46550621E-06   2.22120017E-16
      98         431.2     3.0958   4.400E+00   0.0064   0.0035   4.657E-10   5.13767154E-12   2.47452454E-06   2.22120017E-16
      99         435.6     3.0863   4.400E+00   0.0063   0.0035   4.657E-10  -1.91483895E-12   2.48362380E-06   2.22120017E-16
     100           440     3.0933   4.400E+00   0.0063   0.0035   4.657E-10  -4.52098775E-12   2.49279924E-06   2.22120017E-16
     101         444.4     3.0852   4.400E+00   0.0063   0.0035   4.657E-10  -5.85201679E-12   2.50204403E-06   2.22120017E-16
     102         448.8     3.0851   4.400E+00   0.0063   0.0035   4.657E-10   5.71092327E-13   2.51134884E-06   2.22120017E-16
     103         453.2     3.0878   4.400E+00   0.0063   0.0035   4.657E-10   2.34195844E-12   2.52070345E-06   2.22120017E-16
     104         457.6     3.1007   4.400E+00   0.0063   0.0035   4.657E-10   3.62523661E-12   2.53009489E-06   2.22120017E-16
     105           462     3.0898   4.400E+00   0.0063   0.0035   4.657E-10   1.42389160E-12   2.53950839E-06   2.22120017E-16
     106         466.4     3.0967   4.400E+00   0.0063   0.0035   4.657E-10   5.37114754E-12   2.54892984E-06   2.22120017E-16
     107         470.8     3.0830   4.400E+00   0.0063   0.0035   4.657E-10   1.66288652E-12   2.55834129E-06   2.22120017E-16
     108         475.2     3.0943   4.400E+00   0.0063   0.0035   4.657E-10   1.05340140E-12   2.56772660E-06   2.22120017E-16
     109         479.6     3.0890   4.400E+00   0.0062   0.0035   4.657E-10   4.62296867E-12   2.57706620E-06   2.22120017E-16
     110           484     3.0888   4.400E+00   0.0062   0.0035   4.657E-10  -3.42895352E-12   2.58634145E-06   2.22120017E-16
     111         488.4     3.0897   4.400E+00   0.0062   0.0035   5.821E-10   3.64731235E-14   2.59553326E-06   2.22120017E-16
     112         492.8     3.0882   4.400E+00   0.0062   0.0035   4.657E-10   4.61672963E-13   2.60462161E-06   2.22120017E-16
     113         497.2     3.0899   4.400E+00   0.0062   0.0035   4.657E-10   2.68077466E-12   2.61358673E-06   2.22120017E-16
     114         501.6     3.0847   4.400E+00   0.0062   0.0035   4.657E-10  -8.33410858E-12   2.62240815E-06   2.22120017E-16
     115           506     3.0902   4.400E+00   0.0061   0.0035   4.657E-10  -1.25160407E-12   2.63106722E-06   2.22120017E-16
     116         510.4     3.0749   4.400E+00   0.0061   0.0035   4.657E-10  -1.35334485E-12   2.63954325E-06   2.22120017E-16
     117         514.8     3.0910   4.400E+00   0.0061   0.0035   4.657E-10  -2.25461490E-12   2.64781806E-06   2.22120017E-16
     118         519.2     3.1040   4.400E+00   0.0061   0.0035   4.657E-10  -9.56843632E-12   2.65587346E-06   2.22120017E-16
     119         523.6     3.0937   4.400E+00   0.0060   0.0035   4.657E-10  -3.16836271E-12   2.66369148E-06   2.22120017E-16
     120           528     3.1022   4.400E+00   0.0061   0.0035   4.657E-10  -1.65760754E-12   2.67125665E-06   2.22120017E-16
     121         532.4     3.0753   4.400E+00   0.0061   0.0035   4.657E-10  -7.38292847E-12   2.67855285E-06   2.22120017E-16
     122         536.8     3.0968   4.400E+00   0.0061   0.0035   4.657E-10  -1.05320943E-11   2.68556596E-06   2.22120017E-16
     123         541.2     3.0854   4.400E+00   0.0061   0.0035   4.657E-10  -2.79211355E-12   2.69228281E-06   2.22120017E-16
     124         545.6     3.0938   4.400E+00   0.0061   0.0035   4.657E-10  -6.58723813E-12   2.69869224E-06   2.22120017E-16
     125           550     3.0823   4.400E+00   0.0061   0.0035   5.821E-10  -4.59753329E-13   2.70478336E-06   2.22120017E-16
     126         554.4     3.1014   4.400E+00   0.0061   0.0035   5.821E-10  -1.07883659E-11   2.71054773E-06   2.22120017E-16
     127         558.8     3.0982   4.400E+00   0.0061   0.0035   4.657E-10  -8.17765820E-12   2.71597742E-06   2.22120017E-16
     128         563.2     3.1006   4.400E+00   0.0061   0.0035   4.657E-10  -5.12159455E-12   2.72106877E-06   2.22120017E-16
     129         567.6     3.0895   4.400E+00   0.0061   0.0035   4.657E-10  -2.09816452E-12   2.72581588E-06   2.22120017E-16
     130           572     3.0840   4.400E+00   0.0061   0.0035   4.657E-10  -6.45958243E-12   2.73021692E-06   2.22120017E-16
     131         576.4     3.0851   4.400E+00   0.0061   0.0035   4.657E-10  -3.18659920E-13   2.73427122E-06   2.22120017E-16
     132         580.8     3.0890   4.400E+00   0.0061   0.0035   4.657E-10  -8.37154217E-12   2.73797946E-06   2.22120017E-16
     133         585.2     3.0974   4.400E+00   0.0061   0.0035   4.657E-10  -1.96378981E-12   2.74134459E-06   2.22120017E-16
     134         589.6     3.0927   4.400E+00   0.0061   0.0035   4.657E-10  -6.60355505E-13   2.74437002E-06   2.22120017E-16
     135           594     3.1017   4.400E+00   0.0061   0.0035   4.657E-10  -7.10458081E-12   2.74706190E-06   2.22120017E-16
     136         598.4     3.0871   4.400E+00   0.0061   0.0035   4.657E-10  -5.07744281E-12   2.74942704E-06   2.22120017E-16
     137         602.8     3.0954   4.400E+00   0.0061   0.0035   4.657E-10   1.32071101E-12   2.75147386E-06   2.22120017E-16
     138         607.2     3.0835   4.400E+00   0.0061   0.0035   4.657E-10  -7.37524972E-12   2.75321167E-06   2.22120017E-16
     139         611.6     3.0834   4.400E+00   0.0060   0.0035   4.657E-10  -3.40159866E-12   2.75465140E-06   2.22120017E-16
     140           616     3.0881   4.400E+00   0.0060   0.0035   4.657E-10   2.48017253E-12   2.75580578E-06   2.22120017E-16
     141         620.4     3.1037   4.400E+00   0.0060   0.0035   4.657E-10   8.44640764E-13   2.75668776E-06   2.22120017E-16
     142         624.8     3.0929   4.400E+00   0.0060   0.0035   4.657E-10  -5.06400520E-12   2.75731168E-06   2.22120017E-16
     143         629.2     3.0903   4.400E+00   0.0060   0.0035   4.657E-10  -9.64810089E-12   2.75769139E-06   2.22120017E-16
     144         633.6     3.0854   4.400E+00   0.0059   0.0035   4.657E-10  -6.72257259E-12   2.75784328E-06   2.22120017E-16
     145           638     3.0939   4.400E+00   0.0059   0.0035   4.657E-10  -8.61533588E-12   2.75778325E-06   2.22120017E-16
     146         642.4     3.0831   4.400E+00   0.0059   0.0035   4.657E-10  -9.23729843E-12   2.75752836E-06   2.22120017E-16
     147         646.8     3.0968   4.400E+00   0.0059   0.0035   4.657E-10  -1.39519299E-11   2.75709658E-06   2.22120017E-16
     148         651.2     3.0934   4.400E+00   0.0058   0.0035   4.657E-10  -6.35016302E-12   2.75650473E-06   2.22120017E-16
     149         655.6     3.0958   4.400E+00   0.0058   0.0035   4.657E-10  -4.78373808E-12   2.75576940E-06   2.22120017E-16
     150           660     3.0909   4.400E+00   0.0058   0.0035   4.657E-10  -7.45971340E-12   2.75490925E-06   2.22120017E-16
     151         664.4     3.0862   4.400E+00   0.0057   0.0035   4.657E-10  -9.56363721E-12   2.75394177E-06   2.22120017E-16
     152         668.8     3.0971   4.400E+00   0.0057   0.0035   4.657E-10   8.10087295E-13   2.75288357E-06   2.22120017E-16
     153         673.2     3.0934   4.400E+00   0.0057   0.0035   4.657E-10  -4.79909515E-12   2.75175239E-06   2.22120017E-16
     154         677.6     3.0869   4.400E+00   0.0056   0.0035   4.657E-10  -2.82186796E-12   2.75056505E-06   2.22120017E-16
     155           682     3.1007   4.400E+00   0.0056   0.0035   4.657E-10  -7.16025026E-12   2.74933586E-06   2.22120017E-16
     156         686.4     3.0830   4.400E+00   0.0056   0.0035   4.657E-10  -5.49016507E-13   2.74808099E-06   2.22120017E-16
     157         690.8     3.1030   4.400E+00   0.0055   0.0035   4.657E-10  -1.69811196E-11   2.74681383E-06   2.22120017E-16
     158         695.2     3.1771   4.400E+00   0.0055   0.0035   4.657E-10  -6.51909126E-12   2.74554918E-06   2.22120017E-16
     159         699.6     3.0854   4.400E+00   0.0055   0.0035   4.657E-10  -8.66524647E-12   2.74429817E-06   2.22120017E-16
     160           704     3.0929   4.400E+00   0.0054   0.0034   4.657E-10  -4.36141791E-12   2.74307376E-06   2.22120017E-16
     161         708.4     3.0957   4.400E+00   0.0054   0.0034   4.657E-10  -1.34336275E-11   2.74188596E-06   2.22120017E-16
     162         712.8     3.1076   4.400E+00   0.0054   0.0034   4.657E-10  -5.35579046E-12   2.74074455E-06   2.22120017E-16
     163         717.2     3.0877   4.400E+00   0.0054   0.0034   4.657E-10  -9.64810089E-12   2.73965657E-06   2.22120017E-16
     164         721.6     3.0898   4.400E+00   0.0054   0.0034   4.657E-10  -1.00972963E-12   2.73863066E-06   2.22120017E-16
     165           726     3.0961   4.400E+00   0.0054   0.0034   4.657E-10  -5.39418293E-12   2.73767159E-06   2.22120017E-16
     166         730.4     3.0947   4.400E+00   0.0054   0.0034   4.657E-10  -1.31917532E-11   2.73678393E-06   2.22120017E-16
     167         734.8     3.0962   4.400E+00   0.0054   0.0034   4.657E-10  -8.46176514E-12   2.73597152E-06   2.22120017E-16
     168         739.2     3.0869   4.400E+00   0.0054   0.0034   4.657E-10  -5.74355711E-12   2.73523642E-06   2.22120017E-16
     169         743.6     3.0952   4.400E+00   0.0053   0.0034   4.657E-10  -1.71999578E-12   2.73457977E-06   2.22120017E-16
     170           748     3.0970   4.400E+00   0.0053   0.0034   4.657E-10  -6.69953719E-12   2.73400155E-06   2.22120017E-16
     171         752.4     3.0960   4.400E+00   0.0053   0.0034   4.657E-10  -5.60534345E-12   2.73349883E-06   2.22120017E-16
     172         756.8     3.0840   4.400E+00   0.0053   0.0034   4.657E-10  -9.59051241E-12   2.73307023E-06   2.22120017E-16
     173         761.2     3.0901   4.400E+00   0.0052   0.0034   4.657E-10  -1.08267594E-12   2.73271075E-06   2.22120017E-16
     174         765.6     3.0890   4.400E+00   0.0052   0.0034   4.657E-10  -3.70874078E-12   2.73241699E-06   2.22120017E-16
     175           770     3.1012   4.400E+00   0.0052   0.0034   4.657E-10   6.06605640E-13   2.73218234E-06   2.22120017E-16
     176         774.4     3.0988   4.400E+00   0.0051   0.0034   4.657E-10  -4.26543609E-12   2.73200112E-06   2.22120017E-16
     177         778.8     3.0977   4.400E+00   0.0051   0.0034   4.657E-10  -2.35731551E-12   2.73186492E-06   2.22120017E-16
     178         783.2     3.0948   4.400E+00   0.0051   0.0034   4.075E-10  -5.92016410E-12   2.73176465E-06   2.22120017E-16
     179         787.6     3.0851   4.400E+00   0.0050   0.0034   4.657E-10  -4.73766686E-12   2.73169053E-06   2.22120017E-16
     180           792     3.0911   4.400E+00   0.0050   0.0034   4.657E-10   1.15562215E-12   2.73163437E-06   2.22120017E-16
     181         796.4     3.0852   4.400E+00   0.0050   0.0034   4.075E-10  -8.10087295E-13   2.73158525E-06   2.22120017E-16
     182         800.8     3.0888   4.400E+00   0.0049   0.0034   4.075E-10  -1.49040710E-11   2.73153364E-06   2.22120017E-16
     183         805.2     3.0916   4.400E+00   0.0049   0.0034   4.075E-10  -3.71641953E-12   2.73146770E-06   2.22120017E-16
     184         809.6     3.0936   4.400E+00   0.0048   0.0034   4.657E-10  -8.55006864E-12   2.73137630E-06   2.22120017E-16
     185           814     3.0963   4.400E+00   0.0048   0.0034   3.492E-10  -7.54801690E-12   2.73124692E-06   2.22120017E-16
     186         818.4     3.0907   4.400E+00   0.0048   0.0034   4.657E-10  -6.06605640E-13   2.73106866E-06   2.22120017E-16
     187         822.8     3.1003   4.400E+00   0.0048   0.0034   3.492E-10  -6.93373310E-12   2.73083106E-06   2.22120017E-16
     188         827.2     3.1038   4.400E+00   0.0048   0.0034   4.075E-10  -3.14820652E-12   2.73052251E-06   2.22120017E-16
     189         831.6     3.0888   4.400E+00   0.0047   0.0034   4.657E-10  -7.11417904E-12   2.73013165E-06   2.22120017E-16
     190           836     3.0838   4.400E+00   0.0047   0.0034   3.492E-10  -8.41569349E-12   2.72964803E-06   2.22120017E-16
     191         840.4     3.1031   4.400E+00   0.0047   0.0034   3.492E-10  -6.81087608E-12   2.72906072E-06   2.22120017E-16
     192         844.8     3.0944   4.400E+00   0.0047   0.0034   4.657E-10  -8.65372878E-12   2.72836155E-06   2.22120017E-16
     193         849.2     3.0948   4.400E+00   0.0046   0.0034   4.657E-10  -8.60765712E-12   2.72753982E-06   2.22120017E-16
     194         853.6     3.0858   4.400E+00   0.0046   0.0034   4.657E-10   1.88892391E-12   2.72658940E-06   2.22120017E-16
     195           858     3.0883   4.400E+00   0.0046   0.0034   4.075E-10   3.99284718E-13   2.72550164E-06   2.22120017E-16
     196         862.4     3.0945   4.400E+00   0.0046   0.0034   3.492E-10   1.09803301E-12   2.72426860E-06   2.22120017E-16
     197         866.8     3.0933   4.400E+00   0.0045   0.0034   3.492E-10  -5.92016410E-12   2.72288457E-06   2.22120017E-16
     198         871.2     3.0896   4.400E+00   0.0045   0.0034   4.657E-10  -2.94856414E-12   2.72134480E-06   2.22120017E-16
     199         875.6     3.0898   4.400E+00   0.0045   0.0034   3.492E-10  -3.07142109E-14   2.71964541E-06   2.22120017E-16
     200           880     3.0968   4.400E+00   0.0045   0.0034   3.492E-10  -3.12517091E-12   2.71778254E-06   2.22120017E-16
     201         884.4     3.0952   4.400E+00   0.0045   0.0034   3.492E-10  -5.90096765E-12   2.71575504E-06   2.22120017E-16
     202         888.8     3.0965   4.400E+00   0.0045   0.0034   4.657E-10  -3.26338484E-13   2.71356066E-06   2.22120017E-16
     203         893.2     3.0887   4.400E+00   0.0044   0.0034   3.492E-10  -6.23114537E-12   2.71119779E-06   2.22120017E-16
     204         897.6     3.1008   2.400E+00   0.0024   0.0018   3.492E-10  -8.44256869E-12   2.70866826E-06   2.22120017E-16
     205           900     3.0952   4.400E+00   0.0044   0.0034   4.075E-10  -1.64704947E-12   2.70719147E-06   2.22120017E-16
