    ITER          TIME      CPUDT          DT      CFL     DNUM         DIV              MOM              TKE             MASS
       0             0     0.0031   5.100E+00   0.0000   0.0000   0.000E+00   0.00000000E+00   0.00000000E+00   0.00000000E+00
       1           5.1    13.5970   5.100E+00   0.0001   0.0038   3.001E-11   2.73997231E-12   6.17883467E-10   2.22073801E-16
       2          10.2     1.2321   5.100E+00   0.0002   0.0038   2.910E-11  -7.69354944E-14   2.46758725E-09   2.22073801E-16
       3          15.3     1.2366   5.100E+00   0.0003   0.0038   3.274E-11   4.00240041E-12   5.53962076E-09   2.22073801E-16
       4          20.4     1.2317   5.100E+00   0.0004   0.0038   3.274E-11  -3.98072937E-12   9.82269821E-09   2.22073801E-16
       5          25.5     1.2324   5.100E+00   0.0005   0.0038   3.638E-11   1.83226459E-12   1.53037956E-08   2.22073801E-16
       6          30.6     1.2323   5.100E+00   0.0006   0.0038   4.729E-11   8.07987683E-13   2.19697398E-08   2.22073801E-16
       7          35.7     1.2337   5.100E+00   0.0007   0.0038   4.366E-11  -1.53511061E-13   2.98031892E-08   2.22073801E-16
       8          40.8     1.2336   5.100E+00   0.0008   0.0038   4.911E-11  -3.95988364E-12   3.87882295E-08   2.22073801E-16
       9          45.9     1.2332   5.100E+00   0.0009   0.0038   5.821E-11   3.50372942E-12   4.89035195E-08   2.22073801E-16
      10            51     1.2336   5.100E+00   0.0010   0.0038   7.185E-11   1.58481128E-12   6.01290324E-08   2.22073801E-16
      11          56.1     1.2305   5.100E+00   0.0011   0.0038   5.821E-11  -3.93039898E-12   7.24338776E-08   2.22073801E-16
      12          61.2     1.2351   5.100E+00   0.0012   0.0038   6.548E-11   1.29965505E-12   8.57975024E-08   2.22073801E-16
      13          66.3     1.2309   5.100E+00   0.0013   0.0038   7.276E-11  -7.16948853E-12   1.00184003E-07   2.22073801E-16
      14          71.4     1.2328   5.100E+00   0.0014   0.0038   8.095E-11   4.38517332E-13   1.15565911E-07   2.22073801E-16
      15          76.5     1.2408   5.100E+00   0.0015   0.0038   7.458E-11   2.95846225E-12   1.31901672E-07   2.22073801E-16
      16          81.6     1.2341   5.100E+00   0.0016   0.0038   7.958E-11  -9.70916923E-13   1.49165928E-07   2.22073801E-16
      17          86.7     1.2301   5.100E+00   0.0017   0.0038   8.868E-11  -1.07553723E-12   1.67315477E-07   2.22073801E-16
      18          91.8     1.2308   5.100E+00   0.0018   0.0038   9.459E-11  -1.07138604E-11   1.86314949E-07   2.22073801E-16
      19          96.9     1.2352   5.100E+00   0.0019   0.0038   8.731E-11   9.52500448E-13   2.06119509E-07   2.22073801E-16
      20           102     1.2399   5.100E+00   0.0019   0.0038   1.019E-10  -3.24364862E-12   2.26692919E-07   2.22073801E-16
      21         107.1     1.2329   5.100E+00   0.0020   0.0038   1.164E-10  -3.26920370E-12   2.47988936E-07   2.22073801E-16
      22         112.2     1.2366   5.100E+00   0.0021   0.0038   1.164E-10  -8.47922167E-12   2.69961248E-07   2.22073801E-16
      23         117.3     1.2387   5.100E+00   0.0022   0.0038   1.091E-10  -6.02550431E-12   2.92574128E-07   2.22073801E-16
      24         122.4     1.2355   5.100E+00   0.0023   0.0038   1.091E-10  -1.80350006E-12   3.15784376E-07   2.22073801E-16
      25         127.5     1.2359   5.100E+00   0.0024   0.0038   1.164E-10   6.97044592E-12   3.39540605E-07   2.22073801E-16
      26         132.6     1.2368   5.100E+00   0.0024   0.0038   1.164E-10   9.51192684E-12   3.63804588E-07   2.22073801E-16
      27         137.7     1.2351   5.100E+00   0.0025   0.0038   1.291E-10   4.68943591E-12   3.88525535E-07   2.22073801E-16
      28         142.8     1.2340   5.100E+00   0.0026   0.0038   1.310E-10  -4.15829610E-12   4.13665049E-07   2.22073801E-16
      29         147.9     1.2358   5.100E+00   0.0026   0.0038   1.310E-10  -5.57546891E-12   4.39172652E-07   2.22073801E-16
      30           153     1.2394   5.100E+00   0.0027   0.0038   1.455E-10  -1.73031381E-12   4.65010572E-07   2.22073801E-16
      31         158.1     1.2343   5.100E+00   0.0028   0.0038   1.310E-10  -5.37522674E-12   4.91129754E-07   2.22073801E-16
      32         163.2     1.2300   5.100E+00   0.0029   0.0038   1.455E-10   1.14482414E-12   5.17483898E-07   2.22073801E-16
      33         168.3     1.2389   5.100E+00   0.0029   0.0038   1.346E-10  -1.19101549E-12   5.44038187E-07   2.22073801E-16
      34         173.4     1.2336   5.100E+00   0.0030   0.0038   1.455E-10   7.54057840E-13   5.70761188E-07   2.22073801E-16
      35         178.5     1.2353   5.100E+00   0.0030   0.0038   1.637E-10   3.08329881E-12   5.97601968E-07   2.22073801E-16
      36         183.6     1.2320   5.100E+00   0.0031   0.0038   1.746E-10   1.50571612E-13   6.24527331E-07   2.22073801E-16
      37         188.7     1.2392   5.100E+00   0.0031   0.0038   1.601E-10   5.38926412E-12   6.51495839E-07   2.22073801E-16
      38         193.8     1.2321   5.100E+00   0.0032   0.0038   1.528E-10  -1.36674639E-11   6.78477477E-07   2.22073801E-16
      39         198.9     1.2361   5.100E+00   0.0032   0.0038   1.544E-10  -9.13387855E-13   7.05433081E-07   2.22073801E-16
      40           204     1.2333   5.100E+00   0.0033   0.0038   1.746E-10  -9.46501558E-13   7.32335025E-07   2.22073801E-16
      41         209.1     1.2343   5.100E+00   0.0033   0.0038   1.746E-10   3.89206625E-13   7.59148463E-07   2.22073801E-16
      42         214.2     1.2395   5.100E+00   0.0034   0.0039   1.746E-10  -6.14020250E-12   7.85848385E-07   2.22073801E-16
      43         219.3     1.2331   5.100E+00   0.0034   0.0039   1.905E-10   7.99529280E-13   8.12403187E-07   2.22073801E-16
      44         224.4     1.2356   5.100E+00   0.0035   0.0039   1.746E-10  -1.99318426E-12   8.38790584E-07   2.22073801E-16
      45         229.5     1.2344   5.100E+00   0.0035   0.0039   1.746E-10   8.97814722E-12   8.64982667E-07   2.22073801E-16
      46         234.6     1.2325   5.100E+00   0.0035   0.0039   1.837E-10  -2.49408979E-12   8.90961928E-07   2.22073801E-16
      47         239.7     1.2367   5.100E+00   0.0036   0.0039   1.892E-10  -6.95316938E-12   9.16703812E-07   2.22073801E-16
      48         244.8     1.2356   5.100E+00   0.0036   0.0039   1.746E-10  -8.00933018E-12   9.42193310E-07   2.22073801E-16
      49         249.9     1.2365   5.100E+00   0.0036   0.0039   1.778E-10   1.90788032E-12   9.67411211E-07   2.22073801E-16
      50           255     1.2353   5.100E+00   0.0037   0.0039   1.819E-10  -4.99345877E-12   9.92344326E-07   2.22073801E-16
      51         260.1     1.2372   5.100E+00   0.0037   0.0039   1.892E-10   4.16705429E-12   1.01697219E-06   2.22073801E-16
      52         265.2     1.2348   5.100E+00   0.0038   0.0039   1.746E-10  -8.49079921E-13   1.04128287E-06   2.22073801E-16
      53         270.3     1.2370   5.100E+00   0.0038   0.0039   1.965E-10  -1.90404116E-12   1.06527909E-06   2.22073801E-16
      54         275.4     1.2397   5.100E+00   0.0038   0.0039   1.746E-10   2.87177855E-12   1.08895506E-06   2.22073801E-16
      55         280.5     1.2336   5.100E+00   0.0039   0.0039   1.892E-10   4.20148812E-12   1.11229770E-06   2.22073801E-16
      56         285.6     1.2337   5.100E+00   0.0039   0.0039   2.328E-10   9.42338395E-12   1.13530223E-06   2.22073801E-16
      57         290.7     1.2356   5.100E+00   0.0039   0.0039   2.328E-10   1.29383613E-12   1.15796456E-06   2.22073801E-16
      58         295.8     1.2352   5.100E+00   0.0039   0.0039   2.037E-10  -1.24344562E-11   1.18028595E-06   2.22073801E-16
      59         300.9     1.2380   5.100E+00   0.0040   0.0039   2.328E-10  -9.38583065E-12   1.20226377E-06   2.22073801E-16
      60           306     1.2376   5.100E+00   0.0040   0.0039   1.892E-10   3.46470682E-12   1.22390054E-06   2.22073801E-16
      61         311.1     1.2328   5.100E+00   0.0040   0.0039   2.328E-10  -1.07936455E-11   1.24519829E-06   2.22073801E-16
      62         316.2     1.2386   5.100E+00   0.0040   0.0039   1.892E-10  -1.16063721E-11   1.26616158E-06   2.22073801E-16
      63         321.3     1.2401   5.100E+00   0.0041   0.0039   2.183E-10  -7.47315144E-12   1.28679426E-06   2.22073801E-16
      64         326.4     1.2360   5.100E+00   0.0041   0.0039   2.037E-10   9.01126136E-12   1.30710384E-06   2.22073801E-16
      65         331.5     1.2381   5.100E+00   0.0041   0.0039   1.892E-10  -7.32701920E-12   1.32709545E-06   2.22073801E-16
      66         336.6     1.2380   5.100E+00   0.0041   0.0039   2.328E-10  -4.08091052E-12   1.34677805E-06   2.22073801E-16
      67         341.7     1.2363   5.100E+00   0.0041   0.0039   2.328E-10   1.38261939E-12   1.36615870E-06   2.22073801E-16
      68         346.8     1.2363   5.100E+00   0.0041   0.0039   2.328E-10  -1.39392126E-11   1.38524751E-06   2.22073801E-16
      69         351.9     1.2358   5.100E+00   0.0041   0.0039   2.037E-10   9.10916308E-12   1.40405211E-06   2.22073801E-16
      70           357     1.2357   5.100E+00   0.0041   0.0039   2.328E-10  -1.23142390E-11   1.42258375E-06   2.22073801E-16
      71         362.1     1.2367   5.100E+00   0.0041   0.0039   2.328E-10   1.12740347E-11   1.44085197E-06   2.22073801E-16
      72         367.2     1.2370   5.100E+00   0.0042   0.0039   2.328E-10  -1.69120122E-12   1.45886554E-06   2.22073801E-16
      73         372.3     1.2382   5.100E+00   0.0042   0.0038   2.328E-10  -6.99204193E-12   1.47663582E-06   2.22073801E-16
      74         377.4     1.2358   5.100E+00   0.0042   0.0038   1.965E-10  -7.78917122E-12   1.49417190E-06   2.22073801E-16
      75         382.5     1.2360   5.100E+00   0.0042   0.0038   2.328E-10   5.62933868E-13   1.51148333E-06   2.22073801E-16
      76         387.6     1.2416   5.100E+00   0.0042   0.0038   2.328E-10   2.55071918E-12   1.52857865E-06   2.22073801E-16
      77         392.7     1.2368   5.100E+00   0.0042   0.0038   1.892E-10   7.54849742E-12   1.54546865E-06   2.22073801E-16
      78         397.8     1.2367   5.100E+00   0.0042   0.0038   2.328E-10   6.32400772E-12   1.56215867E-06   2.22073801E-16
      79         402.9     1.2345   5.100E+00   0.0041   0.0038   2.328E-10   7.41844173E-12   1.57865634E-06   2.22073801E-16
      80           408     1.2363   5.100E+00   0.0041   0.0038   1.965E-10  -5.07048396E-12   1.59497029E-06   2.22073801E-16
      81         413.1     1.2353   5.100E+00   0.0041   0.0038   2.328E-10   1.16606022E-11   1.61110586E-06   2.22073801E-16
      82         418.2     1.2374   5.100E+00   0.0041   0.0038   2.183E-10   1.76323556E-11   1.62706874E-06   2.22073801E-16
      83         423.3     1.2366   5.100E+00   0.0041   0.0038   2.328E-10   2.77651665E-12   1.64286382E-06   2.22073801E-16
      84         428.4     1.2378   5.100E+00   0.0041   0.0038   2.328E-10   6.75040752E-12   1.65849485E-06   2.22073801E-16
      85         433.5     1.2381   5.100E+00   0.0041   0.0038   2.037E-10   1.25325974E-11   1.67396672E-06   2.22073801E-16
      86         438.6     1.2338   5.100E+00   0.0041   0.0038   2.328E-10   4.55122225E-12   1.68928091E-06   2.22073801E-16
      87         443.7     1.2374   5.100E+00   0.0041   0.0038   2.328E-10  -7.27542852E-12   1.70444071E-06   2.22073801E-16
      88         448.8     1.2413   5.100E+00   0.0041   0.0038   2.328E-10   5.97871275E-12   1.71944669E-06   2.22073801E-16
      89         453.9     1.2393   5.100E+00   0.0041   0.0038   2.328E-10   5.52399879E-12   1.73430146E-06   2.22073801E-16
      90           459     1.2293   5.100E+00   0.0041   0.0038   2.328E-10  -1.06775075E-11   1.74900390E-06   2.22073801E-16
      91         464.1     1.2370   5.100E+00   0.0040   0.0038   2.328E-10  -1.60136210E-11   1.76355445E-06   2.22073801E-16
      92         469.2     1.2367   5.100E+00   0.0040   0.0038   2.328E-10   1.10871095E-11   1.77795130E-06   2.22073801E-16
      93         474.3     1.2389   5.100E+00   0.0040   0.0038   2.328E-10   5.96191629E-12   1.79219512E-06   2.22073801E-16
      94         479.4     1.2382   5.100E+00   0.0040   0.0038   2.328E-10  -2.17974900E-12   1.80628263E-06   2.22073801E-16
      95         484.5     1.2401   5.100E+00   0.0040   0.0038   2.328E-10   8.83201498E-12   1.82021381E-06   2.22073801E-16
      96         489.6     1.2403   5.100E+00   0.0040   0.0038   2.328E-10   1.03374913E-11   1.83398458E-06   2.22073801E-16
      97         494.7     1.2361   5.100E+00   0.0040   0.0038   1.819E-10   6.23858387E-12   1.84759483E-06   2.22073801E-16
      98         499.8     1.2338   5.100E+00   0.0040   0.0038   1.819E-10   1.54022160E-11   1.86103955E-06   2.22073801E-16
      99         504.9     1.2388   5.100E+00   0.0040   0.0038   2.328E-10   5.86137519E-12   1.87431829E-06   2.22073801E-16
     100           510     1.2400   5.100E+00   0.0040   0.0038   2.328E-10  -5.24157193E-12   1.88742649E-06   2.22073801E-16
     101         515.1     1.2360   5.100E+00   0.0040   0.0038   2.328E-10   2.12436752E-11   1.90036394E-06   2.22073801E-16
     102         520.2     1.2396   5.100E+00   0.0040   0.0038   2.328E-10   1.04855430E-11   1.91312529E-06   2.22073801E-16
     103         525.3     1.2374   5.100E+00   0.0040   0.0038   2.328E-10  -3.92829953E-12   1.92571065E-06   2.22073801E-16
     104         530.4     1.2347   5.100E+00   0.0040   0.0038   2.328E-10   3.73513590E-12   1.93811525E-06   2.22073801E-16
     105         535.5     1.2352   5.100E+00   0.0040   0.0038   2.328E-10  -1.35279296E-11   1.95033749E-06   2.22073801E-16
     106         540.6     1.2352   5.100E+00   0.0040   0.0038   2.328E-10   7.97081758E-12   1.96237579E-06   2.22073801E-16
     107         545.7     1.2399   5.100E+00   0.0040   0.0038   2.328E-10   5.70996375E-12   1.97422764E-06   2.22073801E-16
     108         550.8     1.2394   5.100E+00   0.0040   0.0038   2.328E-10   2.68749341E-14   1.98588987E-06   2.22073801E-16
     109         555.9     1.2313   5.100E+00   0.0040   0.0038   2.328E-10   1.36654238E-11   1.99736292E-06   2.22073801E-16
     110           561     1.2364   5.100E+00   0.0040   0.0038   2.328E-10  -9.96772109E-13   2.00864315E-06   2.22073801E-16
     111         566.1     1.2363   5.100E+00   0.0039   0.0038   2.328E-10   2.84106441E-12   2.01973307E-06   2.22073801E-16
     112         571.2     1.2371   5.100E+00   0.0039   0.0038   2.328E-10  -1.45683743E-11   2.03062928E-06   2.22073801E-16
     113         576.3     1.2391   5.100E+00   0.0039   0.0038   2.328E-10   3.79080534E-12   2.04133539E-06   2.22073801E-16
     114         581.4     1.2375   5.100E+00   0.0039   0.0038   2.328E-10  -2.76859807E-12   2.05184779E-06   2.22073801E-16
     115         586.5     1.2386   5.100E+00   0.0039   0.0038   2.328E-10   1.76438736E-12   2.06217373E-06   2.22073801E-16
     116         591.6     1.2358   5.100E+00   0.0039   0.0038   2.328E-10  -7.75533826E-13   2.07231119E-06   2.22073801E-16
     117         596.7     1.2417   5.100E+00   0.0039   0.0038   2.910E-10  -2.28244984E-12   2.08226515E-06   2.22073801E-16
     118         601.8     1.2394   5.100E+00   0.0039   0.0038   1.892E-10   1.01923183E-11   2.09203631E-06   2.22073801E-16
     119         606.9     1.2368   5.100E+00   0.0039   0.0038   2.328E-10  -5.47768731E-12   2.10163080E-06   2.22073801E-16
     120           612     1.2332   5.100E+00   0.0039   0.0038   2.328E-10  -3.81888011E-12   2.11105180E-06   2.22073801E-16
     121         617.1     1.2384   5.100E+00   0.0038   0.0038   2.001E-10   3.41407631E-12   2.12030295E-06   2.22073801E-16
     122         622.2     1.2375   5.100E+00   0.0038   0.0038   1.796E-10   9.14443608E-12   2.12938676E-06   2.22073801E-16
     123         627.3     1.2345   5.100E+00   0.0038   0.0038   1.746E-10   5.00713620E-12   2.13830936E-06   2.22073801E-16
     124         632.4     1.2343   5.100E+00   0.0038   0.0038   1.892E-10  -7.52258173E-13   2.14707461E-06   2.22073801E-16
     125         637.5     1.2370   5.100E+00   0.0038   0.0038   2.328E-10   2.06001171E-11   2.15568934E-06   2.22073801E-16
     126         642.6     1.2347   5.100E+00   0.0038   0.0038   2.328E-10   7.31502098E-12   2.16415833E-06   2.22073801E-16
     127         647.7     1.2396   5.100E+00   0.0038   0.0038   1.746E-10  -2.10632293E-12   2.17248862E-06   2.22073801E-16
     128         652.8     1.2386   5.100E+00   0.0038   0.0038   2.328E-10   4.79909545E-16   2.18068703E-06   2.22073801E-16
     129         657.9     1.2387   5.100E+00   0.0038   0.0038   2.328E-10   2.08057582E-11   2.18876039E-06   2.22073801E-16
     130           663     1.2372   5.100E+00   0.0038   0.0038   2.328E-10  -7.97705652E-12   2.19671529E-06   2.22073801E-16
     131         668.1     1.2351   5.100E+00   0.0038   0.0038   2.328E-10   8.27244089E-12   2.20455877E-06   2.22073801E-16
     132         673.2     1.2397   5.100E+00   0.0038   0.0038   2.328E-10   2.08508696E-11   2.21229766E-06   2.22073801E-16
     133         678.3     1.2367   5.100E+00   0.0038   0.0038   2.328E-10   1.44136031E-11   2.21993901E-06   2.22073801E-16
     134         683.4     1.2361   5.100E+00   0.0038   0.0038   2.328E-10   2.03337672E-12   2.22749122E-06   2.22073801E-16
     135         688.5     1.2394   5.100E+00   0.0037   0.0038   2.910E-10   3.20699543E-12   2.23496045E-06   2.22073801E-16
     136         693.6     1.2354   5.100E+00   0.0037   0.0038   2.328E-10   5.97775301E-12   2.24235328E-06   2.22073801E-16
     137         698.7     1.2323   5.100E+00   0.0037   0.0038   2.328E-10  -1.17160318E-11   2.24967675E-06   2.22073801E-16
     138         703.8     1.2413   5.100E+00   0.0037   0.0038   2.328E-10   7.36469132E-12   2.25693611E-06   2.22073801E-16
     139         708.9     1.2393   5.100E+00   0.0037   0.0038   2.328E-10  -2.18406825E-12   2.26413886E-06   2.22073801E-16
     140           714     1.2349   5.100E+00   0.0037   0.0038   2.328E-10   1.81511386E-11   2.27129021E-06   2.22073801E-16
     141         719.1     1.2378   5.100E+00   0.0037   0.0038   1.746E-10   2.97303957E-12   2.27839428E-06   2.22073801E-16
     142         724.2     1.2386   5.100E+00   0.0037   0.0038   2.328E-10  -3.52997449E-12   2.28545787E-06   2.22073801E-16
     143         729.3     1.2340   5.100E+00   0.0037   0.0038   2.328E-10   2.42702247E-11   2.29248167E-06   2.22073801E-16
     144         734.4     1.2365   5.100E+00   0.0037   0.0038   2.328E-10   1.81669749E-11   2.29947273E-06   2.22073801E-16
     145         739.5     1.2346   5.100E+00   0.0037   0.0038   2.328E-10   1.47521786E-11   2.30643218E-06   2.22073801E-16
     146         744.6     1.2394   5.100E+00   0.0037   0.0038   2.328E-10   1.37052565E-11   2.31336389E-06   2.22073801E-16
     147         749.7     1.2415   5.100E+00   0.0037   0.0038   2.328E-10  -9.09764538E-12   2.32026946E-06   2.22073801E-16
     148         754.8     1.2361   5.100E+00   0.0037   0.0038   2.328E-10  -1.30967312E-11   2.32715001E-06   2.22073801E-16
     149         759.9     1.2343   5.100E+00   0.0037   0.0038   1.892E-10   1.00965764E-11   2.33400579E-06   2.22073801E-16
     150           765     1.2393   5.100E+00   0.0037   0.0038   2.037E-10   5.79490774E-13   2.34083859E-06   2.22073801E-16
     151         770.1     1.2397   5.100E+00   0.0037   0.0038   2.328E-10  -4.97546188E-12   2.34764639E-06   2.22073801E-16
     152         775.2     1.2373   5.100E+00   0.0037   0.0038   2.328E-10   1.63953885E-11   2.35442940E-06   2.22073801E-16
     153         780.3     1.2397   5.100E+00   0.0037   0.0038   1.746E-10   5.88848978E-12   2.36118490E-06   2.22073801E-16
     154         785.4     1.2388   5.100E+00   0.0037   0.0038   2.328E-10  -1.28121446E-11   2.36791266E-06   2.22073801E-16
     155         790.5     1.2345   5.100E+00   0.0037   0.0038   1.746E-10   1.48239251E-11   2.37460904E-06   2.22073801E-16
     156         795.6     1.2394   5.100E+00   0.0036   0.0038   2.328E-10  -8.93591570E-13   2.38127132E-06   2.22073801E-16
     157         800.7     1.2394   5.100E+00   0.0036   0.0038   2.910E-10   2.01446828E-11   2.38789426E-06   2.22073801E-16
     158         805.8     1.2373   5.100E+00   0.0036   0.0038   2.328E-10   9.31072493E-12   2.39447627E-06   2.22073801E-16
     159         810.9     1.2373   5.100E+00   0.0036   0.0038   1.746E-10  -6.27913650E-12   2.40101190E-06   2.22073801E-16
     160           816     1.2383   5.100E+00   0.0036   0.0038   2.328E-10   1.24694890E-11   2.40749773E-06   2.22073801E-16
     161         821.1     1.2408   5.100E+00   0.0036   0.0038   2.328E-10   1.06064810E-11   2.41392991E-06   2.22073801E-16
     162         826.2     1.2425   5.100E+00   0.0036   0.0038   2.328E-10   1.39044193E-11   2.42030319E-06   2.22073801E-16
     163         831.3     1.2369   5.100E+00   0.0036   0.0038   1.746E-10   1.72700240E-11   2.42661008E-06   2.22073801E-16
     164         836.4     1.2383   5.100E+00   0.0036   0.0038   2.328E-10  -4.43052496E-12   2.43284921E-06   2.22073801E-16
     165         841.5     1.2381   5.100E+00   0.0036   0.0038   1.746E-10   2.71628792E-12   2.43901241E-06   2.22073801E-16
     166         846.6     1.2411   5.100E+00   0.0036   0.0038   1.746E-10   1.76894653E-12   2.44509829E-06   2.22073801E-16
     167         851.7     1.2413   5.100E+00   0.0036   0.0038   2.328E-10   4.96034507E-12   2.45109914E-06   2.22073801E-16
     168         856.8     1.2377   5.100E+00   0.0035   0.0038   2.328E-10   6.32712719E-12   2.45701290E-06   2.22073801E-16
     169         861.9     1.2388   5.100E+00   0.0035   0.0038   2.328E-10   2.52432407E-13   2.46283366E-06   2.22073801E-16
     170           867     1.2404   5.100E+00   0.0035   0.0038   1.746E-10  -1.86012924E-12   2.46855802E-06   2.22073801E-16
     171         872.1     1.2380   5.100E+00   0.0035   0.0038   2.328E-10   7.61616410E-13   2.47418029E-06   2.22073801E-16
     172         877.2     1.2427   5.100E+00   0.0035   0.0038   2.328E-10  -2.39954761E-14   2.47969842E-06   2.22073801E-16
     173         882.3     1.2405   5.100E+00   0.0035   0.0038   1.746E-10   6.43942625E-12   2.48510833E-06   2.22073801E-16
     174         887.4     1.2359   5.100E+00   0.0035   0.0038   2.037E-10   7.82972385E-12   2.49041045E-06   2.22073801E-16
     175         892.5     1.2401   5.100E+00   0.0035   0.0038   2.328E-10  -2.87177855E-12   2.49559912E-06   2.22073801E-16
     176         897.6     1.2361   2.400E+00   0.0016   0.0018   2.910E-10   2.09619683E-11   2.50067433E-06   2.22073801E-16
     177           900     1.2428   5.100E+00   0.0035   0.0038   2.037E-10   3.94773580E-12   2.50299877E-06   2.22073801E-16
