    ITER          TIME      CPUDT          DT      CFL     DNUM         DIV              MOM              TKE             MASS
       0             0     0.0025   5.100E+00   0.0000   0.0000   0.000E+00   0.00000000E+00   0.00000000E+00   0.00000000E+00
       1           5.1     6.5544   5.100E+00   0.0001   0.0038   2.547E-11   4.65696709E-12   6.17953966E-10   2.22028577E-16
       2          10.2     0.5537   5.100E+00   0.0002   0.0038   2.910E-11   8.27664001E-13   2.46787524E-09   2.22028577E-16
       3          15.3     0.5549   5.100E+00   0.0003   0.0038   3.274E-11   1.01806812E-12   5.54027624E-09   2.22028577E-16
       4          20.4     0.5580   5.100E+00   0.0004   0.0038   3.274E-11  -2.11688089E-12   9.82391768E-09   2.22028577E-16
       5          25.5     0.5569   5.100E+00   0.0005   0.0038   3.638E-11   9.32134253E-13   1.53056217E-08   2.22028577E-16
       6          30.6     0.5548   5.100E+00   0.0006   0.0038   4.002E-11   1.47062278E-12   2.19725589E-08   2.22028577E-16
       7          35.7     0.5558   5.100E+00   0.0007   0.0038   4.729E-11   3.06950147E-12   2.98069907E-08   2.22028577E-16
       8          40.8     0.5545   5.100E+00   0.0008   0.0038   4.729E-11  -4.24713953E-12   3.87935835E-08   2.22028577E-16
       9          45.9     0.5557   5.100E+00   0.0009   0.0038   5.093E-11  -3.34736904E-12   4.89101453E-08   2.22028577E-16
      10            51     0.5538   5.100E+00   0.0011   0.0038   5.093E-11   2.73542430E-12   6.01370047E-08   2.22028577E-16
      11          56.1     0.5538   5.100E+00   0.0012   0.0038   5.821E-11  -2.03901566E-13   7.24440383E-08   2.22028577E-16
      12          61.2     0.5541   5.100E+00   0.0013   0.0038   5.821E-11  -2.19270674E-12   8.58091767E-08   2.22028577E-16
      13          66.3     0.5537   5.100E+00   0.0014   0.0038   6.003E-11  -5.46688953E-12   1.00197141E-07   2.22028577E-16
      14          71.4     0.5550   5.100E+00   0.0015   0.0038   6.810E-11   1.02004776E-12   1.15580555E-07   2.22028577E-16
      15          76.5     0.5555   5.100E+00   0.0016   0.0038   7.276E-11   1.28295412E-11   1.31919222E-07   2.22028577E-16
      16          81.6     0.5542   5.100E+00   0.0016   0.0038   8.731E-11   1.04116368E-12   1.49184970E-07   2.22028577E-16
      17          86.7     0.5541   5.100E+00   0.0017   0.0038   8.004E-11   1.60601729E-12   1.67335870E-07   2.22028577E-16
      18          91.8     0.5531   5.100E+00   0.0018   0.0038   9.095E-11  -7.88983288E-12   1.86336678E-07   2.22028577E-16
      19          96.9     0.5549   5.100E+00   0.0019   0.0038   9.618E-11   3.27286310E-12   2.06142460E-07   2.22028577E-16
      20           102     0.5546   5.100E+00   0.0020   0.0038   8.731E-11  -1.96259003E-12   2.26717006E-07   2.22028577E-16
      21         107.1     0.5550   5.100E+00   0.0021   0.0038   8.731E-11  -2.27897042E-12   2.48013890E-07   2.22028577E-16
      22         112.2     0.5537   5.100E+00   0.0022   0.0038   1.037E-10  -9.88337710E-12   2.69990323E-07   2.22028577E-16
      23         117.3     0.5544   5.100E+00   0.0023   0.0038   9.732E-11  -4.36837632E-12   2.92604085E-07   2.22028577E-16
      24         122.4     0.5546   5.100E+00   0.0024   0.0038   1.100E-10  -4.78301817E-12   3.15814873E-07   2.22028577E-16
      25         127.5     0.5554   5.100E+00   0.0025   0.0038   1.164E-10  -3.28018157E-13   3.39571471E-07   2.22028577E-16
      26         132.6     0.5565   5.100E+00   0.0025   0.0038   1.382E-10  -8.00129147E-12   3.63835369E-07   2.22028577E-16
      27         137.7     0.5566   5.100E+00   0.0026   0.0038   1.091E-10  -2.98023813E-13   3.88556145E-07   2.22028577E-16
      28         142.8     0.5555   5.100E+00   0.0027   0.0038   1.164E-10   4.58673518E-13   4.13695005E-07   2.22028577E-16
      29         147.9     0.5554   5.100E+00   0.0028   0.0038   1.173E-10   4.46807782E-12   4.39201841E-07   2.22028577E-16
      30           153     0.5549   5.100E+00   0.0028   0.0038   1.346E-10  -4.46771786E-12   4.65038596E-07   2.22028577E-16
      31         158.1     0.5548   5.100E+00   0.0029   0.0038   1.310E-10  -1.01455276E-11   4.91156470E-07   2.22028577E-16
      32         163.2     0.5553   5.100E+00   0.0030   0.0038   1.382E-10  -8.22996879E-12   5.17513286E-07   2.22028577E-16
      33         168.3     0.5540   5.100E+00   0.0031   0.0038   1.310E-10   1.08531543E-11   5.44068712E-07   2.22028577E-16
      34         173.4     0.5554   5.100E+00   0.0031   0.0038   1.455E-10  -1.17484251E-11   5.70789211E-07   2.22028577E-16
      35         178.5     0.5557   5.100E+00   0.0032   0.0038   1.455E-10  -6.77320309E-12   5.97627661E-07   2.22028577E-16
      36         183.6     0.5604   5.100E+00   0.0032   0.0038   1.455E-10   4.20880648E-12   6.24550012E-07   2.22028577E-16
      37         188.7     0.5562   5.100E+00   0.0033   0.0038   1.601E-10  -9.67857565E-12   6.51515393E-07   2.22028577E-16
      38         193.8     0.5560   5.100E+00   0.0034   0.0038   1.601E-10  -9.68673405E-12   6.78493620E-07   2.22028577E-16
      39         198.9     0.5556   5.100E+00   0.0034   0.0038   1.528E-10  -3.40567808E-12   7.05445302E-07   2.22028577E-16
      40           204     0.5548   5.100E+00   0.0035   0.0038   1.601E-10   3.49614082E-13   7.32343096E-07   2.22028577E-16
      41         209.1     0.5548   5.100E+00   0.0035   0.0038   1.601E-10  -1.29002078E-11   7.59151987E-07   2.22028577E-16
      42         214.2     0.5545   5.100E+00   0.0036   0.0038   1.601E-10   1.54065354E-11   7.85847305E-07   2.22028577E-16
      43         219.3     0.5555   5.100E+00   0.0036   0.0038   1.601E-10  -1.96844485E-11   8.12396820E-07   2.22028577E-16
      44         224.4     0.5569   5.100E+00   0.0037   0.0038   1.601E-10  -2.77714050E-11   8.38778760E-07   2.22028577E-16
      45         229.5     0.5546   5.100E+00   0.0037   0.0038   1.601E-10   1.54365305E-11   8.64964875E-07   2.22028577E-16
      46         234.6     0.5573   5.100E+00   0.0037   0.0038   1.746E-10  -7.62840225E-12   8.90937770E-07   2.22028577E-16
      47         239.7     0.5565   5.100E+00   0.0038   0.0038   1.746E-10  -5.89904774E-12   9.16673230E-07   2.22028577E-16
      48         244.8     0.5564   5.100E+00   0.0038   0.0038   1.746E-10  -6.61843236E-12   9.42156191E-07   2.22028577E-16
      49         249.9     0.5562   5.100E+00   0.0038   0.0038   1.746E-10   1.43682514E-11   9.67367100E-07   2.22028577E-16
      50           255     0.5541   5.100E+00   0.0039   0.0038   1.746E-10  -2.26846042E-11   9.92292485E-07   2.22028577E-16
      51         260.1     0.5567   5.100E+00   0.0039   0.0038   1.601E-10  -1.34343474E-11   1.01691467E-06   2.22028577E-16
      52         265.2     0.5552   5.100E+00   0.0039   0.0038   1.746E-10  -2.68528585E-11   1.04122569E-06   2.22028577E-16
      53         270.3     0.5546   5.100E+00   0.0039   0.0038   1.746E-10   1.73895219E-12   1.06521713E-06   2.22028577E-16
      54         275.4     0.5551   5.100E+00   0.0039   0.0038   1.746E-10   1.78785493E-11   1.08888514E-06   2.22028577E-16
      55         280.5     0.5554   5.100E+00   0.0040   0.0038   1.746E-10   1.11658148E-11   1.11221902E-06   2.22028577E-16
      56         285.6     0.5595   5.100E+00   0.0040   0.0038   1.746E-10  -5.04744857E-12   1.13521537E-06   2.22028577E-16
      57         290.7     0.5561   5.100E+00   0.0040   0.0038   1.746E-10   1.68911361E-11   1.15786975E-06   2.22028577E-16
      58         295.8     0.5562   5.100E+00   0.0040   0.0038   1.746E-10  -2.76727842E-11   1.18018227E-06   2.22028577E-16
      59         300.9     0.5575   5.100E+00   0.0040   0.0038   2.037E-10   1.80637948E-12   1.20215134E-06   2.22028577E-16
      60           306     0.5573   5.100E+00   0.0040   0.0038   1.965E-10  -2.61226752E-11   1.22377969E-06   2.22028577E-16
      61         311.1     0.5558   5.100E+00   0.0040   0.0038   1.819E-10  -4.50659041E-12   1.24506857E-06   2.22028577E-16
      62         316.2     0.5556   5.100E+00   0.0040   0.0038   1.892E-10  -1.85600216E-11   1.26602356E-06   2.22028577E-16
      63         321.3     0.5571   5.100E+00   0.0040   0.0038   1.819E-10  -7.21663961E-12   1.28664738E-06   2.22028577E-16
      64         326.4     0.5579   5.100E+00   0.0040   0.0038   1.892E-10  -7.06594809E-12   1.30694787E-06   2.22028577E-16
      65         331.5     0.5558   5.100E+00   0.0040   0.0038   1.783E-10  -2.06814618E-11   1.32693128E-06   2.22028577E-16
      66         336.6     0.5545   5.100E+00   0.0040   0.0038   2.328E-10  -1.10427180E-11   1.34660536E-06   2.22028577E-16
      67         341.7     0.5561   5.100E+00   0.0040   0.0038   2.328E-10  -1.42422749E-11   1.36597760E-06   2.22028577E-16
      68         346.8     0.5562   5.100E+00   0.0040   0.0038   1.746E-10  -6.16587770E-12   1.38505777E-06   2.22028577E-16
      69         351.9     0.5570   5.100E+00   0.0040   0.0038   1.746E-10  -1.34607421E-11   1.40385544E-06   2.22028577E-16
      70           357     0.5596   5.100E+00   0.0040   0.0038   2.328E-10  -8.52739233E-12   1.42237968E-06   2.22028577E-16
      71         362.1     0.5546   5.100E+00   0.0040   0.0038   1.892E-10  -2.58150532E-11   1.44064040E-06   2.22028577E-16
      72         367.2     0.5573   5.100E+00   0.0040   0.0038   2.328E-10  -1.10058854E-11   1.45864760E-06   2.22028577E-16
      73         372.3     0.5560   5.100E+00   0.0040   0.0038   2.328E-10  -9.04329563E-12   1.47641140E-06   2.22028577E-16
      74         377.4     0.5556   5.100E+00   0.0040   0.0038   1.746E-10  -1.64223843E-11   1.49394191E-06   2.22028577E-16
      75         382.5     0.5563   5.100E+00   0.0040   0.0038   1.819E-10   3.50141999E-11   1.51124868E-06   2.22028577E-16
      76         387.6     0.5573   5.100E+00   0.0040   0.0038   1.892E-10  -2.16192047E-11   1.52833979E-06   2.22028577E-16
      77         392.7     0.5547   5.100E+00   0.0040   0.0038   2.328E-10   3.21851335E-12   1.54522479E-06   2.22028577E-16
      78         397.8     0.5548   5.100E+00   0.0040   0.0038   1.746E-10   5.04001008E-12   1.56191095E-06   2.22028577E-16
      79         402.9     0.5561   5.100E+00   0.0040   0.0038   2.328E-10  -8.06715892E-12   1.57840611E-06   2.22028577E-16
      80           408     0.5568   5.100E+00   0.0040   0.0038   1.965E-10   3.52661520E-12   1.59471688E-06   2.22028577E-16
      81         413.1     0.5575   5.100E+00   0.0040   0.0038   1.746E-10  -8.69656083E-12   1.61084995E-06   2.22028577E-16
      82         418.2     0.5558   5.100E+00   0.0040   0.0038   1.746E-10  -1.13973718E-11   1.62681079E-06   2.22028577E-16
      83         423.3     0.5580   5.100E+00   0.0040   0.0038   2.328E-10  -2.12269993E-11   1.64260484E-06   2.22028577E-16
      84         428.4     0.5568   5.100E+00   0.0040   0.0038   2.328E-10  -2.12357562E-11   1.65823542E-06   2.22028577E-16
      85         433.5     0.5582   5.100E+00   0.0040   0.0038   1.910E-10  -2.26288138E-11   1.67370649E-06   2.22028577E-16
      86         438.6     0.5556   5.100E+00   0.0040   0.0038   1.746E-10   1.51407862E-11   1.68902034E-06   2.22028577E-16
      87         443.7     0.5572   5.100E+00   0.0039   0.0038   1.746E-10  -1.43492951E-13   1.70418173E-06   2.22028577E-16
      88         448.8     0.5580   5.100E+00   0.0039   0.0038   1.746E-10   2.51926102E-11   1.71918839E-06   2.22028577E-16
      89         453.9     0.5564   5.100E+00   0.0039   0.0038   1.946E-10  -7.84844065E-12   1.73404419E-06   2.22028577E-16
      90           459     0.5566   5.100E+00   0.0039   0.0038   2.328E-10  -7.17968653E-12   1.74874890E-06   2.22028577E-16
      91         464.1     0.5586   5.100E+00   0.0039   0.0038   1.819E-10  -4.36484911E-11   1.76330218E-06   2.22028577E-16
      92         469.2     0.5567   5.100E+00   0.0039   0.0038   1.764E-10  -1.75148090E-11   1.77770278E-06   2.22028577E-16
      93         474.3     0.5555   5.100E+00   0.0038   0.0038   1.746E-10   6.58564869E-12   1.79195001E-06   2.22028577E-16
      94         479.4     0.5559   5.100E+00   0.0038   0.0038   1.746E-10   3.97482091E-12   1.80604275E-06   2.22028577E-16
      95         484.5     0.5556   5.100E+00   0.0038   0.0038   1.803E-10  -1.16643813E-11   1.81997825E-06   2.22028577E-16
      96         489.6     0.5570   5.100E+00   0.0038   0.0038   2.328E-10  -2.87544988E-11   1.83375482E-06   2.22028577E-16
      97         494.7     0.5557   5.100E+00   0.0038   0.0038   2.328E-10  -9.43328141E-12   1.84737132E-06   2.22028577E-16
      98         499.8     0.5549   5.100E+00   0.0038   0.0038   1.746E-10  -2.15106856E-11   1.86082366E-06   2.22028577E-16
      99         504.9     0.5552   5.100E+00   0.0038   0.0038   1.746E-10  -4.19782854E-11   1.87410944E-06   2.22028577E-16
     100           510     0.5578   5.100E+00   0.0038   0.0038   2.328E-10  -1.63097851E-11   1.88722549E-06   2.22028577E-16
     101         515.1     0.5589   5.100E+00   0.0038   0.0038   2.328E-10   2.49001058E-12   1.90017124E-06   2.22028577E-16
     102         520.2     0.5584   5.100E+00   0.0038   0.0038   1.746E-10  -1.67293471E-11   1.91294180E-06   2.22028577E-16
     103         525.3     0.5560   5.100E+00   0.0037   0.0038   1.746E-10  -3.35495139E-11   1.92553648E-06   2.22028577E-16
     104         530.4     0.5575   5.100E+00   0.0037   0.0038   2.037E-10  -2.61610677E-12   1.93795131E-06   2.22028577E-16
     105         535.5     0.5558   5.100E+00   0.0037   0.0038   1.746E-10  -2.07788821E-12   1.95018424E-06   2.22028577E-16
     106         540.6     0.5566   5.100E+00   0.0037   0.0038   2.328E-10   1.86516839E-12   1.96223277E-06   2.22028577E-16
     107         545.7     0.5556   5.100E+00   0.0037   0.0038   1.746E-10  -1.77940856E-11   1.97409577E-06   2.22028577E-16
     108         550.8     0.5575   5.100E+00   0.0037   0.0038   1.746E-10   1.43351372E-11   1.98576981E-06   2.22028577E-16
     109         555.9     0.5569   5.100E+00   0.0037   0.0038   2.328E-10  -1.74730265E-11   1.99725469E-06   2.22028577E-16
     110           561     0.5553   5.100E+00   0.0037   0.0038   1.746E-10  -2.39030948E-11   2.00854834E-06   2.22028577E-16
     111         566.1     0.5566   5.100E+00   0.0037   0.0038   1.928E-10  -1.43146215E-11   2.01965145E-06   2.22028577E-16
     112         571.2     0.5596   5.100E+00   0.0036   0.0038   1.746E-10   4.94306798E-13   2.03056402E-06   2.22028577E-16
     113         576.3     0.5580   5.100E+00   0.0036   0.0038   1.746E-10  -4.73281969E-11   2.04128673E-06   2.22028577E-16
     114         581.4     0.5559   5.100E+00   0.0036   0.0038   2.328E-10  -8.13446619E-12   2.05181914E-06   2.22028577E-16
     115         586.5     0.5554   5.100E+00   0.0036   0.0038   1.746E-10  -3.26530448E-12   2.06216259E-06   2.22028577E-16
     116         591.6     0.5569   5.100E+00   0.0036   0.0038   2.328E-10   1.60846475E-11   2.07232051E-06   2.22028577E-16
     117         596.7     0.5564   5.100E+00   0.0036   0.0038   2.328E-10  -3.71325193E-11   2.08229449E-06   2.22028577E-16
     118         601.8     0.5555   5.100E+00   0.0036   0.0038   2.328E-10  -1.79102237E-11   2.09208633E-06   2.22028577E-16
     119         606.9     0.5577   5.100E+00   0.0036   0.0038   1.746E-10  -1.83687770E-11   2.10170015E-06   2.22028577E-16
     120           612     0.5587   5.100E+00   0.0035   0.0038   1.746E-10  -2.98515726E-11   2.11113911E-06   2.22028577E-16
     121         617.1     0.5559   5.100E+00   0.0035   0.0038   2.328E-10  -1.29321224E-11   2.12040754E-06   2.22028577E-16
     122         622.2     0.5567   5.100E+00   0.0035   0.0038   1.746E-10  -1.44491164E-11   2.12950954E-06   2.22028577E-16
     123         627.3     0.5589   5.100E+00   0.0035   0.0038   1.746E-10  -2.59890200E-11   2.13845055E-06   2.22028577E-16
     124         632.4     0.5576   5.100E+00   0.0035   0.0038   1.746E-10  -2.09151776E-11   2.14723468E-06   2.22028577E-16
     125         637.5     0.5559   5.100E+00   0.0035   0.0038   2.328E-10  -1.67829171E-11   2.15586806E-06   2.22028577E-16
     126         642.6     0.5568   5.100E+00   0.0035   0.0038   1.746E-10   2.17734945E-12   2.16435660E-06   2.22028577E-16
     127         647.7     0.5558   5.100E+00   0.0035   0.0038   1.746E-10   1.59090005E-12   2.17270622E-06   2.22028577E-16
     128         652.8     0.5563   5.100E+00   0.0035   0.0038   1.746E-10  -2.03044925E-11   2.18092509E-06   2.22028577E-16
     129         657.9     0.5562   5.100E+00   0.0035   0.0038   2.328E-10  -2.20758377E-11   2.18901891E-06   2.22028577E-16
     130           663     0.5564   5.100E+00   0.0035   0.0038   1.746E-10  -1.37234928E-11   2.19699382E-06   2.22028577E-16
     131         668.1     0.5570   5.100E+00   0.0035   0.0038   2.328E-10   2.31028456E-12   2.20485754E-06   2.22028577E-16
     132         673.2     0.5559   5.100E+00   0.0035   0.0038   1.746E-10   1.87500644E-12   2.21261848E-06   2.22028577E-16
     133         678.3     0.5598   5.100E+00   0.0035   0.0038   2.328E-10  -1.55783424E-11   2.22028143E-06   2.22028577E-16
     134         683.4     0.5578   5.100E+00   0.0035   0.0038   1.746E-10  -9.53340271E-12   2.22785548E-06   2.22028577E-16
     135         688.5     0.5558   5.100E+00   0.0034   0.0038   1.746E-10  -4.71237563E-11   2.23534721E-06   2.22028577E-16
     136         693.6     0.5571   5.100E+00   0.0034   0.0038   1.746E-10  -2.34282229E-11   2.24276278E-06   2.22028577E-16
     137         698.7     0.5558   5.100E+00   0.0034   0.0038   1.746E-10  -4.76550169E-13   2.25010876E-06   2.22028577E-16
     138         703.8     0.5553   5.100E+00   0.0034   0.0038   1.746E-10  -4.48115538E-11   2.25739177E-06   2.22028577E-16
     139         708.9     0.5557   5.100E+00   0.0034   0.0038   1.746E-10  -1.78843086E-11   2.26461680E-06   2.22028577E-16
     140           714     0.5573   5.100E+00   0.0034   0.0038   1.746E-10  -7.63823987E-12   2.27179157E-06   2.22028577E-16
     141         719.1     0.5552   5.100E+00   0.0034   0.0038   1.746E-10  -1.36217522E-11   2.27891928E-06   2.22028577E-16
     142         724.2     0.5566   5.100E+00   0.0034   0.0038   1.746E-10  -1.05997615E-11   2.28600561E-06   2.22028577E-16
     143         729.3     0.5568   5.100E+00   0.0034   0.0038   1.746E-10   2.36192281E-11   2.29305465E-06   2.22028577E-16
     144         734.4     0.5587   5.100E+00   0.0034   0.0038   2.328E-10  -5.31720570E-11   2.30006935E-06   2.22028577E-16
     145         739.5     0.5586   5.100E+00   0.0034   0.0038   1.746E-10  -2.12489540E-11   2.30705200E-06   2.22028577E-16
     146         744.6     0.5553   5.100E+00   0.0034   0.0038   1.746E-10  -2.59491890E-11   2.31400804E-06   2.22028577E-16
     147         749.7     0.5559   5.100E+00   0.0034   0.0038   2.328E-10  -4.24196824E-11   2.32093680E-06   2.22028577E-16
     148         754.8     0.5582   5.100E+00   0.0034   0.0038   1.746E-10   3.21251446E-12   2.32784146E-06   2.22028577E-16
     149         759.9     0.5559   5.100E+00   0.0034   0.0038   2.328E-10  -2.97673483E-11   2.33472133E-06   2.22028577E-16
     150           765     0.5568   5.100E+00   0.0034   0.0038   1.746E-10  -3.37141252E-11   2.34157687E-06   2.22028577E-16
     151         770.1     0.5578   5.100E+00   0.0034   0.0038   2.328E-10  -3.59399455E-11   2.34840900E-06   2.22028577E-16
     152         775.2     0.5568   5.100E+00   0.0033   0.0038   2.328E-10  -4.09617167E-11   2.35521520E-06   2.22028577E-16
     153         780.3     0.5563   5.100E+00   0.0033   0.0038   2.328E-10  -4.08945308E-11   2.36199367E-06   2.22028577E-16
     154         785.4     0.5564   5.100E+00   0.0033   0.0038   1.746E-10  -2.62510521E-12   2.36874416E-06   2.22028577E-16
     155         790.5     0.5585   5.100E+00   0.0033   0.0038   1.746E-10  -3.68306566E-11   2.37546351E-06   2.22028577E-16
     156         795.6     0.5592   5.100E+00   0.0033   0.0038   1.746E-10  -3.39003305E-11   2.38214875E-06   2.22028577E-16
     157         800.7     0.5576   5.100E+00   0.0033   0.0038   2.328E-10  -1.01270511E-11   2.38879329E-06   2.22028577E-16
     158         805.8     0.5569   5.100E+00   0.0033   0.0038   2.328E-10  -1.87198312E-11   2.39539781E-06   2.22028577E-16
     159         810.9     0.5579   5.100E+00   0.0034   0.0038   2.328E-10   5.01217514E-12   2.40195345E-06   2.22028577E-16
     160           816     0.5573   5.100E+00   0.0034   0.0038   1.746E-10  -3.36454961E-11   2.40846111E-06   2.22028577E-16
     161         821.1     0.5584   5.100E+00   0.0034   0.0038   2.328E-10  -3.16740280E-11   2.41491330E-06   2.22028577E-16
     162         826.2     0.5597   5.100E+00   0.0034   0.0038   1.746E-10  -1.10211224E-11   2.42130636E-06   2.22028577E-16
     163         831.3     0.5569   5.100E+00   0.0034   0.0038   1.746E-10  -2.36513812E-11   2.42763394E-06   2.22028577E-16
     164         836.4     0.5565   5.100E+00   0.0034   0.0038   1.746E-10  -3.40404614E-11   2.43389127E-06   2.22028577E-16
     165         841.5     0.5577   5.100E+00   0.0034   0.0038   1.746E-10  -9.39278950E-12   2.44007401E-06   2.22028577E-16
     166         846.6     0.5599   5.100E+00   0.0034   0.0038   1.746E-10  -2.44619481E-11   2.44617786E-06   2.22028577E-16
     167         851.7     0.5597   5.100E+00   0.0034   0.0038   1.746E-10  -8.13830600E-12   2.45219667E-06   2.22028577E-16
     168         856.8     0.5583   5.100E+00   0.0034   0.0038   1.746E-10  -2.09658072E-11   2.45812907E-06   2.22028577E-16
     169         861.9     0.5569   5.100E+00   0.0034   0.0038   1.746E-10  -2.76826218E-11   2.46396667E-06   2.22028577E-16
     170           867     0.5566   5.100E+00   0.0034   0.0038   1.746E-10  -3.09527265E-11   2.46970717E-06   2.22028577E-16
     171         872.1     0.5575   5.100E+00   0.0034   0.0038   2.037E-10  -1.85912154E-11   2.47534467E-06   2.22028577E-16
     172         877.2     0.5573   5.100E+00   0.0034   0.0038   1.746E-10  -3.29112362E-11   2.48087917E-06   2.22028577E-16
     173         882.3     0.5577   5.100E+00   0.0034   0.0038   1.746E-10  -1.93773071E-11   2.48630431E-06   2.22028577E-16
     174         887.4     0.5569   5.100E+00   0.0034   0.0038   1.746E-10  -3.06916541E-11   2.49161985E-06   2.22028577E-16
     175         892.5     0.5578   5.100E+00   0.0034   0.0038   1.746E-10   6.69953730E-13   2.49682262E-06   2.22028577E-16
     176         897.6     0.5576   2.400E+00   0.0016   0.0018   2.328E-10  -1.48119277E-11   2.50191079E-06   2.22028577E-16
     177           900     0.5618   5.100E+00   0.0034   0.0038   1.746E-10  -4.38699702E-11   2.50424159E-06   2.22028577E-16
