    ITER          TIME      CPUDT          DT      CFL     DNUM         DIV              MOM              TKE             MASS
       0             0     0.0012   5.100E+00   0.0000   0.0000   0.000E+00   0.00000000E+00   0.00000000E+00   0.00000000E+00
       1           5.1    19.8260   5.100E+00   0.0001   0.0038   3.183E-11   1.15338847E-12   6.18125551E-10   2.22073801E-16
       2          10.2     1.4557   5.100E+00   0.0002   0.0038   3.274E-11  -5.25782109E-13   2.46855336E-09   2.22073801E-16
       3          15.3     1.4624   5.100E+00   0.0003   0.0038   3.638E-11   2.22180109E-12   5.54178969E-09   2.22073801E-16
       4          20.4     1.4554   5.100E+00   0.0004   0.0038   3.638E-11  -2.49858532E-12   9.82654225E-09   2.22073801E-16
       5          25.5     1.4606   5.100E+00   0.0005   0.0038   4.366E-11   2.53111789E-12   1.53097872E-08   2.22073801E-16
       6          30.6     1.4560   5.100E+00   0.0007   0.0038   4.911E-11   3.45000222E-12   2.19783356E-08   2.22073801E-16
       7          35.7     1.4568   5.100E+00   0.0008   0.0038   5.093E-11  -1.70880790E-12   2.98148599E-08   2.22073801E-16
       8          40.8     1.4573   5.100E+00   0.0009   0.0038   5.821E-11  -4.23855352E-12   3.88034209E-08   2.22073801E-16
       9          45.9     1.4528   5.100E+00   0.0010   0.0038   6.548E-11  -5.75261572E-13   4.89226579E-08   2.22073801E-16
      10            51     1.4553   5.100E+00   0.0011   0.0038   6.548E-11  -1.32263070E-12   6.01525301E-08   2.22073801E-16
      11          56.1     1.4598   5.100E+00   0.0012   0.0038   6.548E-11  -2.98428735E-13   7.24621358E-08   2.22073801E-16
      12          61.2     1.4635   5.100E+00   0.0013   0.0038   7.276E-11   1.20463296E-12   8.58309193E-08   2.22073801E-16
      13          66.3     1.4544   5.100E+00   0.0014   0.0038   7.685E-11  -4.69870410E-12   1.00222920E-07   2.22073801E-16
      14          71.4     1.4552   5.100E+00   0.0015   0.0038   8.731E-11  -1.59167991E-12   1.15610675E-07   2.22073801E-16
      15          76.5     1.4584   5.100E+00   0.0016   0.0038   9.459E-11   6.25379089E-12   1.31952476E-07   2.22073801E-16
      16          81.6     1.4584   5.100E+00   0.0017   0.0038   9.459E-11   1.59854863E-13   1.49223212E-07   2.22073801E-16
      17          86.7     1.4547   5.100E+00   0.0018   0.0038   9.459E-11   3.12963999E-12   1.67379454E-07   2.22073801E-16
      18          91.8     1.4587   5.100E+00   0.0019   0.0038   1.019E-10  -9.87764818E-12   1.86385805E-07   2.22073801E-16
      19          96.9     1.4580   5.100E+00   0.0020   0.0038   1.019E-10  -2.03196699E-13   2.06197498E-07   2.22073801E-16
      20           102     1.4586   5.100E+00   0.0021   0.0038   1.164E-10   7.64570861E-13   2.26778155E-07   2.22073801E-16
      21         107.1     1.4590   5.100E+00   0.0022   0.0038   1.164E-10  -8.71065806E-13   2.48081506E-07   2.22073801E-16
      22         112.2     1.4584   5.100E+00   0.0022   0.0038   1.164E-10  -7.51793246E-12   2.70061264E-07   2.22073801E-16
      23         117.3     1.4600   5.100E+00   0.0023   0.0038   1.164E-10  -4.18790046E-12   2.92681676E-07   2.22073801E-16
      24         122.4     1.4533   5.100E+00   0.0024   0.0038   1.182E-10  -7.56079487E-12   3.15899399E-07   2.22073801E-16
      25         127.5     1.4520   5.100E+00   0.0025   0.0038   1.455E-10   3.14970619E-12   3.39663046E-07   2.22073801E-16
      26         132.6     1.4544   5.100E+00   0.0026   0.0038   1.291E-10  -6.97968430E-13   3.63934276E-07   2.22073801E-16
      27         137.7     1.4558   5.100E+00   0.0027   0.0038   1.310E-10  -1.71309711E-12   3.88662414E-07   2.22073801E-16
      28         142.8     1.4589   5.100E+00   0.0027   0.0038   1.437E-10  -4.49267316E-12   4.13808976E-07   2.22073801E-16
      29         147.9     1.4554   5.100E+00   0.0028   0.0038   1.601E-10  -1.27643935E-12   4.39323600E-07   2.22073801E-16
      30           153     1.4586   5.100E+00   0.0029   0.0038   1.473E-10   2.85318210E-12   4.65168341E-07   2.22073801E-16
      31         158.1     1.4626   5.100E+00   0.0030   0.0038   1.746E-10  -2.15359397E-14   4.91294202E-07   2.22073801E-16
      32         163.2     1.4534   5.100E+00   0.0031   0.0038   1.564E-10  -1.47554180E-12   5.17654485E-07   2.22073801E-16
      33         168.3     1.4576   5.100E+00   0.0031   0.0038   1.673E-10  -1.42281174E-12   5.44215027E-07   2.22073801E-16
      34         173.4     1.4552   5.100E+00   0.0032   0.0038   1.887E-10  -4.42260638E-12   5.70943769E-07   2.22073801E-16
      35         178.5     1.4597   5.100E+00   0.0033   0.0038   1.746E-10   9.27125239E-13   5.97790290E-07   2.22073801E-16
      36         183.6     1.4546   5.100E+00   0.0033   0.0038   1.764E-10  -3.37505371E-12   6.24720997E-07   2.22073801E-16
      37         188.7     1.4533   5.100E+00   0.0034   0.0038   1.992E-10   2.42294330E-13   6.51694620E-07   2.22073801E-16
      38         193.8     1.4584   5.100E+00   0.0034   0.0039   1.746E-10   7.61856398E-14   6.78680976E-07   2.22073801E-16
      39         198.9     1.4563   5.100E+00   0.0035   0.0039   1.746E-10  -3.30777642E-13   7.05640900E-07   2.22073801E-16
      40           204     1.4576   5.100E+00   0.0036   0.0039   1.855E-10  -1.37014174E-12   7.32546823E-07   2.22073801E-16
      41         209.1     1.4577   5.100E+00   0.0036   0.0039   2.010E-10   1.90950012E-12   7.59363502E-07   2.22073801E-16
      42         214.2     1.4568   5.100E+00   0.0037   0.0039   1.892E-10  -4.68268740E-12   7.86066664E-07   2.22073801E-16
      43         219.3     1.4557   5.100E+00   0.0037   0.0039   2.037E-10  -1.22268948E-12   8.12624023E-07   2.22073801E-16
      44         224.4     1.4585   5.100E+00   0.0038   0.0039   2.037E-10  -3.46452684E-12   8.39013637E-07   2.22073801E-16
      45         229.5     1.4607   5.100E+00   0.0038   0.0039   1.855E-10  -2.46127597E-12   8.65207596E-07   2.22073801E-16
      46         234.6     1.4546   5.100E+00   0.0039   0.0039   2.037E-10   4.57281782E-12   8.91188108E-07   2.22073801E-16
      47         239.7     1.4576   5.100E+00   0.0039   0.0039   2.074E-10  -4.04641728E-12   9.16930844E-07   2.22073801E-16
      48         244.8     1.4561   5.100E+00   0.0039   0.0039   1.892E-10  -1.29743547E-12   9.42421082E-07   2.22073801E-16
      49         249.9     1.4564   5.100E+00   0.0040   0.0039   1.934E-10  -3.18084036E-12   9.67638925E-07   2.22073801E-16
      50           255     1.4570   5.100E+00   0.0040   0.0039   1.892E-10  -6.92122531E-12   9.92571699E-07   2.22073801E-16
      51         260.1     1.4589   5.100E+00   0.0040   0.0039   2.328E-10  -1.63769131E-13   1.01719900E-06   2.22073801E-16
      52         265.2     1.4607   5.100E+00   0.0041   0.0039   2.046E-10   3.43615219E-13   1.04150809E-06   2.22073801E-16
      53         270.3     1.4588   5.100E+00   0.0041   0.0039   2.001E-10  -2.49187021E-12   1.06550272E-06   2.22073801E-16
      54         275.4     1.4615   5.100E+00   0.0041   0.0039   2.328E-10   3.78228698E-13   1.08917698E-06   2.22073801E-16
      55         280.5     1.4604   5.100E+00   0.0041   0.0039   2.328E-10   1.16516031E-12   1.11251666E-06   2.22073801E-16
      56         285.6     1.4569   5.100E+00   0.0041   0.0039   2.328E-10   6.12940471E-12   1.13551835E-06   2.22073801E-16
      57         290.7     1.4608   5.100E+00   0.0042   0.0039   2.328E-10  -1.67908344E-13   1.15817738E-06   2.22073801E-16
      58         295.8     1.4530   5.100E+00   0.0042   0.0039   2.328E-10   2.85114250E-12   1.18049456E-06   2.22073801E-16
      59         300.9     1.4571   5.100E+00   0.0042   0.0039   2.328E-10   1.90188143E-12   1.20246796E-06   2.22073801E-16
      60           306     1.4582   5.100E+00   0.0042   0.0039   2.328E-10  -4.32098541E-12   1.22410063E-06   2.22073801E-16
      61         311.1     1.4605   5.100E+00   0.0042   0.0039   2.328E-10  -5.49334449E-12   1.24539361E-06   2.22073801E-16
      62         316.2     1.4601   5.100E+00   0.0042   0.0039   2.328E-10  -1.10865104E-12   1.26635189E-06   2.22073801E-16
      63         321.3     1.4574   5.100E+00   0.0043   0.0039   2.328E-10  -4.18175173E-12   1.28697923E-06   2.22073801E-16
      64         326.4     1.4619   5.100E+00   0.0043   0.0039   2.328E-10  -4.61019114E-12   1.30728267E-06   2.22073801E-16
      65         331.5     1.4572   5.100E+00   0.0043   0.0039   2.328E-10  -7.19942292E-12   1.32726871E-06   2.22073801E-16
      66         336.6     1.4568   5.100E+00   0.0043   0.0039   2.328E-10  -6.22706617E-12   1.34694494E-06   2.22073801E-16
      67         341.7     1.4567   5.100E+00   0.0043   0.0039   2.328E-10  -1.61591541E-12   1.36631900E-06   2.22073801E-16
      68         346.8     1.4595   5.100E+00   0.0043   0.0039   2.328E-10   2.79847239E-12   1.38540054E-06   2.22073801E-16
      69         351.9     1.4611   5.100E+00   0.0043   0.0039   2.328E-10  -4.46033922E-12   1.40419854E-06   2.22073801E-16
      70           357     1.4532   5.100E+00   0.0043   0.0039   2.328E-10   4.94426819E-13   1.42272313E-06   2.22073801E-16
      71         362.1     1.4584   5.100E+00   0.0043   0.0039   2.328E-10  -1.85431054E-12   1.44098362E-06   2.22073801E-16
      72         367.2     1.4627   5.100E+00   0.0043   0.0039   2.328E-10   1.31267252E-12   1.45898980E-06   2.22073801E-16
      73         372.3     1.4660   5.100E+00   0.0043   0.0039   2.328E-10  -3.14988617E-12   1.47675223E-06   2.22073801E-16
      74         377.4     1.4554   5.100E+00   0.0043   0.0039   2.328E-10   2.88425642E-13   1.49428070E-06   2.22073801E-16
      75         382.5     1.4577   5.100E+00   0.0043   0.0039   2.328E-10   1.26084234E-12   1.51158463E-06   2.22073801E-16
      76         387.6     1.4614   5.100E+00   0.0043   0.0038   2.328E-10  -3.82187944E-12   1.52867256E-06   2.22073801E-16
      77         392.7     1.4581   5.100E+00   0.0043   0.0038   2.328E-10  -4.25499783E-12   1.54555403E-06   2.22073801E-16
      78         397.8     1.4557   5.100E+00   0.0043   0.0038   2.328E-10  -2.69697155E-12   1.56223621E-06   2.22073801E-16
      79         402.9     1.4601   5.100E+00   0.0043   0.0038   2.328E-10  -6.58627840E-12   1.57872648E-06   2.22073801E-16
      80           408     1.4576   5.100E+00   0.0043   0.0038   2.328E-10  -3.52361586E-12   1.59503213E-06   2.22073801E-16
      81         413.1     1.4587   5.100E+00   0.0043   0.0038   2.328E-10  -4.44684177E-12   1.61116009E-06   2.22073801E-16
      82         418.2     1.4587   5.100E+00   0.0043   0.0038   2.328E-10   5.20341929E-12   1.62711478E-06   2.22073801E-16
      83         423.3     1.4594   5.100E+00   0.0043   0.0038   2.910E-10  -5.10311801E-12   1.64290225E-06   2.22073801E-16
      84         428.4     1.4601   5.100E+00   0.0043   0.0038   2.328E-10   8.46668395E-12   1.65852566E-06   2.22073801E-16
      85         433.5     1.4576   5.100E+00   0.0043   0.0038   2.328E-10   1.24698489E-11   1.67398957E-06   2.22073801E-16
      86         438.6     1.4595   5.100E+00   0.0043   0.0038   2.328E-10   5.30300023E-12   1.68929580E-06   2.22073801E-16
      87         443.7     1.4631   5.100E+00   0.0042   0.0038   2.328E-10  -4.12134302E-12   1.70444798E-06   2.22073801E-16
      88         448.8     1.4599   5.100E+00   0.0042   0.0038   2.328E-10  -5.49316452E-12   1.71944635E-06   2.22073801E-16
      89         453.9     1.4600   5.100E+00   0.0042   0.0038   2.328E-10  -5.83234069E-12   1.73429339E-06   2.22073801E-16
      90           459     1.4597   5.100E+00   0.0042   0.0038   2.328E-10  -1.90308121E-12   1.74898787E-06   2.22073801E-16
      91         464.1     1.4601   5.100E+00   0.0042   0.0038   2.328E-10  -3.44479068E-12   1.76353080E-06   2.22073801E-16
      92         469.2     1.4632   5.100E+00   0.0042   0.0038   2.328E-10  -6.93229328E-13   1.77791992E-06   2.22073801E-16
      93         474.3     1.4613   5.100E+00   0.0042   0.0038   2.328E-10   1.05436124E-12   1.79215635E-06   2.22073801E-16
      94         479.4     1.4619   5.100E+00   0.0041   0.0038   2.328E-10   4.82872986E-12   1.80623658E-06   2.22073801E-16
      95         484.5     1.4565   5.100E+00   0.0041   0.0038   2.328E-10   8.98438615E-12   1.82016038E-06   2.22073801E-16
      96         489.6     1.4614   5.100E+00   0.0041   0.0038   2.328E-10   1.84789163E-12   1.83392376E-06   2.22073801E-16
      97         494.7     1.4577   5.100E+00   0.0041   0.0038   2.328E-10   3.72733745E-12   1.84752639E-06   2.22073801E-16
      98         499.8     1.4563   5.100E+00   0.0041   0.0038   2.328E-10   1.03708448E-12   1.86096418E-06   2.22073801E-16
      99         504.9     1.4588   5.100E+00   0.0041   0.0038   2.328E-10  -1.10175226E-12   1.87423541E-06   2.22073801E-16
     100           510     1.4626   5.100E+00   0.0041   0.0038   2.328E-10   1.29491589E-12   1.88733645E-06   2.22073801E-16
     101         515.1     1.4579   5.100E+00   0.0040   0.0038   2.328E-10   3.81024162E-12   1.90026628E-06   2.22073801E-16
     102         520.2     1.4612   5.100E+00   0.0040   0.0038   2.328E-10   7.93290455E-13   1.91302024E-06   2.22073801E-16
     103         525.3     1.4606   5.100E+00   0.0040   0.0038   2.328E-10  -4.03124013E-13   1.92559833E-06   2.22073801E-16
     104         530.4     1.4554   5.100E+00   0.0040   0.0038   2.328E-10  -7.31862047E-15   1.93799542E-06   2.22073801E-16
     105         535.5     1.4599   5.100E+00   0.0040   0.0038   2.328E-10   5.97511363E-12   1.95021084E-06   2.22073801E-16
     106         540.6     1.4592   5.100E+00   0.0040   0.0038   2.328E-10   5.94991851E-12   1.96224096E-06   2.22073801E-16
     107         545.7     1.4567   5.100E+00   0.0040   0.0038   2.910E-10  -2.43326127E-12   1.97408554E-06   2.22073801E-16
     108         550.8     1.4576   5.100E+00   0.0040   0.0038   2.328E-10  -4.01924235E-13   1.98574025E-06   2.22073801E-16
     109         555.9     1.4575   5.100E+00   0.0040   0.0038   2.328E-10   9.97611932E-13   1.99720580E-06   2.22073801E-16
     110           561     1.4630   5.100E+00   0.0040   0.0038   2.328E-10  -8.51347551E-12   2.00847876E-06   2.22073801E-16
     111         566.1     1.4577   5.100E+00   0.0039   0.0038   2.328E-10  -4.16261513E-12   2.01956050E-06   2.22073801E-16
     112         571.2     1.4587   5.100E+00   0.0039   0.0038   2.328E-10   8.34802605E-13   2.03044965E-06   2.22073801E-16
     113         576.3     1.4586   5.100E+00   0.0039   0.0038   2.328E-10  -2.76523878E-12   2.04114713E-06   2.22073801E-16
     114         581.4     1.4573   5.100E+00   0.0039   0.0038   2.328E-10  -8.54011046E-12   2.05165338E-06   2.22073801E-16
     115         586.5     1.4627   5.100E+00   0.0039   0.0038   2.328E-10   2.09888443E-12   2.06197046E-06   2.22073801E-16
     116         591.6     1.4608   5.100E+00   0.0039   0.0038   2.910E-10  -2.61694659E-12   2.07209951E-06   2.22073801E-16
     117         596.7     1.4616   5.100E+00   0.0039   0.0038   2.328E-10  -2.25221534E-12   2.08204483E-06   2.22073801E-16
     118         601.8     1.4628   5.100E+00   0.0039   0.0038   2.328E-10   7.93278464E-12   2.09180871E-06   2.22073801E-16
     119         606.9     1.4652   5.100E+00   0.0039   0.0038   2.328E-10  -5.25356971E-12   2.10139547E-06   2.22073801E-16
     120           612     1.4613   5.100E+00   0.0039   0.0038   2.328E-10  -6.86510581E-13   2.11080828E-06   2.22073801E-16
     121         617.1     1.4604   5.100E+00   0.0039   0.0038   2.328E-10  -4.31282701E-12   2.12005102E-06   2.22073801E-16
     122         622.2     1.4599   5.100E+00   0.0039   0.0038   2.328E-10   5.34451259E-12   2.12912732E-06   2.22073801E-16
     123         627.3     1.4623   5.100E+00   0.0038   0.0038   2.328E-10  -4.79837524E-12   2.13804219E-06   2.22073801E-16
     124         632.4     1.4626   5.100E+00   0.0038   0.0038   2.328E-10  -4.84360685E-12   2.14679994E-06   2.22073801E-16
     125         637.5     1.4599   5.100E+00   0.0038   0.0038   2.328E-10   1.88340489E-12   2.15540695E-06   2.22073801E-16
     126         642.6     1.4627   5.100E+00   0.0038   0.0038   2.328E-10   3.23063104E-12   2.16386843E-06   2.22073801E-16
     127         647.7     1.4600   5.100E+00   0.0038   0.0038   2.328E-10  -2.36871352E-12   2.17219190E-06   2.22073801E-16
     128         652.8     1.4565   5.100E+00   0.0038   0.0038   2.328E-10  -5.90696632E-12   2.18038281E-06   2.22073801E-16
     129         657.9     1.4610   5.100E+00   0.0038   0.0038   2.328E-10  -5.93600082E-12   2.18844866E-06   2.22073801E-16
     130           663     1.4611   5.100E+00   0.0038   0.0038   2.328E-10   3.16608306E-12   2.19639605E-06   2.22073801E-16
     131         668.1     1.4623   5.100E+00   0.0038   0.0038   2.328E-10   2.70009102E-12   2.20423203E-06   2.22073801E-16
     132         673.2     1.4599   5.100E+00   0.0038   0.0038   2.328E-10   4.04275788E-12   2.21196387E-06   2.22073801E-16
     133         678.3     1.4633   5.100E+00   0.0038   0.0038   2.328E-10   6.86990482E-12   2.21959817E-06   2.22073801E-16
     134         683.4     1.4620   5.100E+00   0.0038   0.0038   2.328E-10   3.23087087E-12   2.22714289E-06   2.22073801E-16
     135         688.5     1.4642   5.100E+00   0.0038   0.0038   2.328E-10   7.38100878E-13   2.23460529E-06   2.22073801E-16
     136         693.6     1.4611   5.100E+00   0.0038   0.0038   2.328E-10   2.42966194E-12   2.24199084E-06   2.22073801E-16
     137         698.7     1.4625   5.100E+00   0.0038   0.0038   2.328E-10   6.54368660E-12   2.24930682E-06   2.22073801E-16
     138         703.8     1.4592   5.100E+00   0.0038   0.0038   2.328E-10   2.06217118E-12   2.25655981E-06   2.22073801E-16
     139         708.9     1.4631   5.100E+00   0.0038   0.0038   2.328E-10   1.82485605E-13   2.26375550E-06   2.22073801E-16
     140           714     1.4636   5.100E+00   0.0038   0.0038   2.328E-10  -4.01036409E-12   2.27090004E-06   2.22073801E-16
     141         719.1     1.4599   5.100E+00   0.0038   0.0038   2.328E-10   1.39713664E-12   2.27799728E-06   2.22073801E-16
     142         724.2     1.4618   5.100E+00   0.0038   0.0038   2.328E-10  -1.94099402E-12   2.28505360E-06   2.22073801E-16
     143         729.3     1.4651   5.100E+00   0.0038   0.0038   2.328E-10   2.91545047E-14   2.29207126E-06   2.22073801E-16
     144         734.4     1.4599   5.100E+00   0.0038   0.0038   2.328E-10  -2.80291155E-12   2.29905550E-06   2.22073801E-16
     145         739.5     1.4599   5.100E+00   0.0038   0.0038   2.328E-10   2.13979659E-12   2.30600813E-06   2.22073801E-16
     146         744.6     1.4616   5.100E+00   0.0038   0.0038   2.328E-10  -2.07560870E-13   2.31293325E-06   2.22073801E-16
     147         749.7     1.4604   5.100E+00   0.0037   0.0038   2.328E-10  -1.02004776E-12   2.31983176E-06   2.22073801E-16
     148         754.8     1.4594   5.100E+00   0.0037   0.0038   2.910E-10   3.65607067E-12   2.32670664E-06   2.22073801E-16
     149         759.9     1.4591   5.100E+00   0.0037   0.0038   2.328E-10  -1.94675309E-12   2.33355536E-06   2.22073801E-16
     150           765     1.4559   5.100E+00   0.0037   0.0038   2.328E-10  -1.12586774E-12   2.34038157E-06   2.22073801E-16
     151         770.1     1.4629   5.100E+00   0.0037   0.0038   2.328E-10  -1.80469984E-12   2.34718232E-06   2.22073801E-16
     152         775.2     1.4617   5.100E+00   0.0037   0.0038   2.328E-10  -7.00787909E-12   2.35395919E-06   2.22073801E-16
     153         780.3     1.4662   5.100E+00   0.0037   0.0038   2.328E-10  -7.49258728E-12   2.36070832E-06   2.22073801E-16
     154         785.4     1.4623   5.100E+00   0.0037   0.0038   2.328E-10  -6.25418120E-12   2.36742972E-06   2.22073801E-16
     155         790.5     1.4628   5.100E+00   0.0037   0.0038   2.328E-10  -2.93896591E-12   2.37411950E-06   2.22073801E-16
     156         795.6     1.4648   5.100E+00   0.0037   0.0038   2.328E-10  -1.97518759E-12   2.38077564E-06   2.22073801E-16
     157         800.7     1.4640   5.100E+00   0.0037   0.0038   2.910E-10  -3.89926481E-13   2.38739221E-06   2.22073801E-16
     158         805.8     1.4586   5.100E+00   0.0037   0.0038   2.328E-10   8.06415958E-12   2.39396832E-06   2.22073801E-16
     159         810.9     1.4620   5.100E+00   0.0037   0.0038   2.328E-10  -5.74331706E-13   2.40049690E-06   2.22073801E-16
     160           816     1.4649   5.100E+00   0.0037   0.0038   2.328E-10   7.51190429E-12   2.40697682E-06   2.22073801E-16
     161         821.1     1.4617   5.100E+00   0.0037   0.0038   2.328E-10   4.72590933E-13   2.41340172E-06   2.22073801E-16
     162         826.2     1.4615   5.100E+00   0.0037   0.0038   2.328E-10  -3.31941419E-12   2.41976818E-06   2.22073801E-16
     163         831.3     1.4610   5.100E+00   0.0037   0.0038   2.328E-10  -1.66780565E-12   2.42606916E-06   2.22073801E-16
     164         836.4     1.4608   5.100E+00   0.0037   0.0038   2.328E-10   3.54737138E-12   2.43230102E-06   2.22073801E-16
     165         841.5     1.4587   5.100E+00   0.0037   0.0038   2.328E-10   5.18086355E-12   2.43845807E-06   2.22073801E-16
     166         846.6     1.4626   5.100E+00   0.0036   0.0038   2.328E-10   1.47680165E-12   2.44453690E-06   2.22073801E-16
     167         851.7     1.4619   5.100E+00   0.0036   0.0038   2.328E-10   3.35312789E-12   2.45053093E-06   2.22073801E-16
     168         856.8     1.4597   5.100E+00   0.0036   0.0038   2.328E-10   7.69078985E-12   2.45643923E-06   2.22073801E-16
     169         861.9     1.4591   5.100E+00   0.0036   0.0038   2.328E-10   4.36213782E-12   2.46225250E-06   2.22073801E-16
     170           867     1.4619   5.100E+00   0.0036   0.0038   2.328E-10  -1.40985422E-12   2.46797003E-06   2.22073801E-16
     171         872.1     1.4602   5.100E+00   0.0036   0.0038   2.328E-10   8.12750822E-12   2.47358503E-06   2.22073801E-16
     172         877.2     1.4639   5.100E+00   0.0036   0.0038   2.328E-10  -5.88165107E-12   2.47909702E-06   2.22073801E-16
     173         882.3     1.4633   5.100E+00   0.0036   0.0038   2.328E-10   1.37794019E-12   2.48449942E-06   2.22073801E-16
     174         887.4     1.4622   5.100E+00   0.0036   0.0038   2.328E-10   2.28172993E-12   2.48979450E-06   2.22073801E-16
     175         892.5     1.4586   5.100E+00   0.0036   0.0038   2.910E-10   4.89987608E-13   2.49497566E-06   2.22073801E-16
     176         897.6     1.4632   2.400E+00   0.0017   0.0018   2.328E-10  -7.64351950E-12   2.50004382E-06   2.22073801E-16
     177           900     1.4625   5.100E+00   0.0036   0.0038   2.328E-10  -1.15538221E-13   2.50236508E-06   2.22073801E-16
