    ITER          TIME      CPUDT          DT      CFL     DNUM         DIV              MOM              TKE             MASS
       0             0     0.0022   5.100E+00   0.0000   0.0000   0.000E+00   0.00000000E+00   0.00000000E+00   0.00000000E+00
       1           5.1    12.6491   5.100E+00   0.0001   0.0038   3.092E-11   1.89245299E-12   6.18326723E-10   2.22028577E-16
       2          10.2     0.7889   5.100E+00   0.0002   0.0038   3.274E-11  -6.79859340E-14   2.46935850E-09   2.22028577E-16
       3          15.3     0.7940   5.100E+00   0.0003   0.0038   3.638E-11   1.07626083E-12   5.54359003E-09   2.22028577E-16
       4          20.4     0.7945   5.100E+00   0.0004   0.0038   4.366E-11   6.12147120E-14   9.82976012E-09   2.22028577E-16
       5          25.5     0.7912   5.100E+00   0.0005   0.0038   4.002E-11   1.24184842E-12   1.53146988E-08   2.22028577E-16
       6          30.6     0.7955   5.100E+00   0.0006   0.0038   4.366E-11   2.92159916E-12   2.19855085E-08   2.22028577E-16
       7          35.7     0.7994   5.100E+00   0.0007   0.0038   5.093E-11  -1.37137903E-12   2.98244700E-08   2.22028577E-16
       8          40.8     0.7968   5.100E+00   0.0008   0.0038   5.093E-11  -5.41341711E-12   3.88161965E-08   2.22028577E-16
       9          45.9     0.7942   5.100E+00   0.0009   0.0038   5.821E-11  -1.44490257E-12   4.89385954E-08   2.22028577E-16
      10            51     0.7951   5.100E+00   0.0011   0.0038   6.185E-11  -1.31870892E-12   6.01719918E-08   2.22028577E-16
      11          56.1     0.7929   5.100E+00   0.0012   0.0038   7.276E-11  -8.78331912E-13   7.24862232E-08   2.22028577E-16
      12          61.2     0.7963   5.100E+00   0.0013   0.0038   7.276E-11   8.22504933E-13   8.58592770E-08   2.22028577E-16
      13          66.3     0.7892   5.100E+00   0.0014   0.0038   7.716E-11  -5.03630557E-12   1.00255896E-07   2.22028577E-16
      14          71.4     0.7923   5.100E+00   0.0015   0.0038   8.731E-11   8.35762449E-13   1.15648660E-07   2.22028577E-16
      15          76.5     0.7916   5.100E+00   0.0016   0.0038   8.731E-11   5.36594337E-12   1.31997297E-07   2.22028577E-16
      16          81.6     0.7917   5.100E+00   0.0016   0.0038   8.731E-11  -8.42181251E-13   1.49273788E-07   2.22028577E-16
      17          86.7     0.7964   5.100E+00   0.0017   0.0038   1.019E-10  -1.06947838E-12   1.67436099E-07   2.22028577E-16
      18          91.8     0.7955   5.100E+00   0.0018   0.0038   1.091E-10  -9.69025814E-12   1.86448830E-07   2.22028577E-16
      19          96.9     0.7944   5.100E+00   0.0019   0.0038   1.091E-10  -1.07439752E-12   2.06267273E-07   2.22028577E-16
      20           102     0.7956   5.100E+00   0.0020   0.0038   1.164E-10  -4.55659111E-13   2.26854965E-07   2.22028577E-16
      21         107.1     0.7898   5.100E+00   0.0021   0.0038   1.455E-10  -2.55724283E-12   2.48165605E-07   2.22028577E-16
      22         112.2     0.7904   5.100E+00   0.0022   0.0038   1.164E-10  -8.47662739E-12   2.70156420E-07   2.22028577E-16
      23         117.3     0.7941   5.100E+00   0.0023   0.0038   1.164E-10  -3.30369716E-12   2.92784875E-07   2.22028577E-16
      24         122.4     0.7945   5.100E+00   0.0024   0.0038   1.164E-10  -1.73112371E-12   3.16011068E-07   2.22028577E-16
      25         127.5     0.7959   5.100E+00   0.0025   0.0038   1.310E-10   1.89234327E-12   3.39783497E-07   2.22028577E-16
      26         132.6     0.7890   5.100E+00   0.0025   0.0038   1.310E-10  -2.17638971E-12   3.64063879E-07   2.22028577E-16
      27         137.7     0.7918   5.100E+00   0.0026   0.0038   1.310E-10  -1.52038343E-12   3.88801482E-07   2.22028577E-16
      28         142.8     0.7939   5.100E+00   0.0027   0.0038   1.492E-10  -7.32761833E-14   4.13957963E-07   2.22028577E-16
      29         147.9     0.7956   5.100E+00   0.0028   0.0038   1.419E-10  -5.24901032E-13   4.39482733E-07   2.22028577E-16
      30           153     0.7929   5.100E+00   0.0028   0.0038   1.455E-10  -6.08885230E-15   4.65337962E-07   2.22028577E-16
      31         158.1     0.7962   5.100E+00   0.0029   0.0038   1.601E-10  -2.28799878E-12   4.91474623E-07   2.22028577E-16
      32         163.2     0.7904   5.100E+00   0.0030   0.0038   1.746E-10  -1.96564943E-12   5.17850424E-07   2.22028577E-16
      33         168.3     0.7913   5.100E+00   0.0031   0.0038   1.601E-10  -1.12643770E-12   5.44425291E-07   2.22028577E-16
      34         173.4     0.7928   5.100E+00   0.0031   0.0039   1.528E-10  -3.42643405E-12   5.71165799E-07   2.22028577E-16
      35         178.5     0.7975   5.100E+00   0.0032   0.0039   1.892E-10   1.97344788E-12   5.98024428E-07   2.22028577E-16
      36         183.6     0.7914   5.100E+00   0.0032   0.0039   1.892E-10  -2.79646293E-12   6.24967356E-07   2.22028577E-16
      37         188.7     0.7940   5.100E+00   0.0033   0.0039   1.855E-10  -3.20204648E-12   6.51953485E-07   2.22028577E-16
      38         193.8     0.7911   5.100E+00   0.0034   0.0039   1.892E-10  -9.27308230E-12   6.78952574E-07   2.22028577E-16
      39         198.9     0.7953   5.100E+00   0.0034   0.0039   1.965E-10   3.60532025E-12   7.05925686E-07   2.22028577E-16
      40           204     0.7944   5.100E+00   0.0035   0.0039   1.892E-10   6.50127467E-13   7.32844853E-07   2.22028577E-16
      41         209.1     0.7983   5.100E+00   0.0035   0.0039   1.892E-10  -1.56165564E-12   7.59675117E-07   2.22028577E-16
      42         214.2     0.7975   5.100E+00   0.0036   0.0039   1.819E-10  -2.38844968E-13   7.86392150E-07   2.22028577E-16
      43         219.3     0.7963   5.100E+00   0.0036   0.0039   2.037E-10  -4.75689323E-12   8.12963492E-07   2.22028577E-16
      44         224.4     0.7979   5.100E+00   0.0037   0.0039   1.928E-10   7.41070291E-13   8.39367431E-07   2.22028577E-16
      45         229.5     0.7964   5.100E+00   0.0037   0.0039   1.892E-10   1.63112254E-12   8.65575771E-07   2.22028577E-16
      46         234.6     0.7892   5.100E+00   0.0037   0.0039   2.037E-10   2.90783174E-12   8.91571005E-07   2.22028577E-16
      47         239.7     0.7933   5.100E+00   0.0038   0.0039   2.037E-10  -2.81754893E-12   9.17328407E-07   2.22028577E-16
      48         244.8     0.7973   5.100E+00   0.0038   0.0039   2.137E-10  -1.46390408E-12   9.42833481E-07   2.22028577E-16
      49         249.9     0.7952   5.100E+00   0.0038   0.0039   1.892E-10  -2.48293205E-12   9.68066161E-07   2.22028577E-16
      50           255     0.7949   5.100E+00   0.0039   0.0039   2.328E-10  -5.26844670E-12   9.93013600E-07   2.22028577E-16
      51         260.1     0.7947   5.100E+00   0.0039   0.0039   2.328E-10  -4.80509404E-13   1.01765750E-06   2.22028577E-16
      52         265.2     0.7976   5.100E+00   0.0040   0.0039   2.328E-10  -4.32278519E-12   1.04198989E-06   2.22028577E-16
      53         270.3     0.7920   5.100E+00   0.0040   0.0039   2.037E-10  -1.25244390E-12   1.06600305E-06   2.22028577E-16
      54         275.4     0.7965   5.100E+00   0.0040   0.0039   2.219E-10   3.93645782E-13   1.08969220E-06   2.22028577E-16
      55         280.5     0.7944   5.100E+00   0.0041   0.0039   2.328E-10   3.34742889E-12   1.11304746E-06   2.22028577E-16
      56         285.6     0.7963   5.100E+00   0.0041   0.0039   2.328E-10   5.47918698E-12   1.13606484E-06   2.22028577E-16
      57         290.7     0.7921   5.100E+00   0.0041   0.0039   2.183E-10  -6.74596837E-12   1.15873956E-06   2.22028577E-16
      58         295.8     0.7950   5.100E+00   0.0041   0.0039   2.910E-10  -4.12902178E-12   1.18107221E-06   2.22028577E-16
      59         300.9     0.7947   5.100E+00   0.0042   0.0039   2.328E-10  -1.25202398E-12   1.20306095E-06   2.22028577E-16
      60           306     0.7936   5.100E+00   0.0042   0.0039   2.328E-10  -4.89543735E-12   1.22470885E-06   2.22028577E-16
      61         311.1     0.7997   5.100E+00   0.0042   0.0039   2.328E-10  -1.10709133E-11   1.24601706E-06   2.22028577E-16
      62         316.2     0.7945   5.100E+00   0.0042   0.0039   2.328E-10  -4.89177795E-12   1.26699024E-06   2.22028577E-16
      63         321.3     0.7916   5.100E+00   0.0043   0.0039   2.328E-10  -5.17522440E-13   1.28763236E-06   2.22028577E-16
      64         326.4     0.7942   5.100E+00   0.0043   0.0039   2.328E-10  -2.15743330E-12   1.30795047E-06   2.22028577E-16
      65         331.5     0.7980   5.100E+00   0.0043   0.0039   2.328E-10  -4.94552749E-12   1.32795094E-06   2.22028577E-16
      66         336.6     0.7945   5.100E+00   0.0043   0.0039   2.328E-10  -4.27449439E-12   1.34764173E-06   2.22028577E-16
      67         341.7     0.7945   5.100E+00   0.0043   0.0039   2.328E-10   1.73967201E-14   1.36703045E-06   2.22028577E-16
      68         346.8     0.7962   5.100E+00   0.0043   0.0039   2.328E-10   3.33675101E-12   1.38612643E-06   2.22028577E-16
      69         351.9     0.7921   5.100E+00   0.0043   0.0039   2.328E-10  -1.31033303E-12   1.40493876E-06   2.22028577E-16
      70           357     0.7893   5.100E+00   0.0043   0.0039   2.328E-10   1.21453108E-12   1.42347767E-06   2.22028577E-16
      71         362.1     0.7922   5.100E+00   0.0043   0.0039   2.328E-10   4.42356601E-13   1.44175226E-06   2.22028577E-16
      72         367.2     0.7931   5.100E+00   0.0044   0.0039   2.328E-10  -1.19377490E-13   1.45977265E-06   2.22028577E-16
      73         372.3     0.7968   5.100E+00   0.0044   0.0039   2.328E-10  -7.02479568E-12   1.47754906E-06   2.22028577E-16
      74         377.4     0.7972   5.100E+00   0.0044   0.0039   2.328E-10   1.92863642E-13   1.49509128E-06   2.22028577E-16
      75         382.5     0.7922   5.100E+00   0.0044   0.0039   2.328E-10  -3.67274744E-12   1.51240897E-06   2.22028577E-16
      76         387.6     0.7971   5.100E+00   0.0044   0.0038   2.328E-10  -5.97907303E-13   1.52951020E-06   2.22028577E-16
      77         392.7     0.7985   5.100E+00   0.0044   0.0038   2.328E-10  -3.78456641E-12   1.54640497E-06   2.22028577E-16
      78         397.8     0.7998   5.100E+00   0.0043   0.0038   2.910E-10   2.02455826E-12   1.56310000E-06   2.22028577E-16
      79         402.9     0.7969   5.100E+00   0.0043   0.0038   2.328E-10  -4.72932847E-12   1.57960335E-06   2.22028577E-16
      80           408     0.7954   5.100E+00   0.0043   0.0038   2.328E-10  -5.32879567E-13   1.59592162E-06   2.22028577E-16
      81         413.1     0.7980   5.100E+00   0.0043   0.0038   2.328E-10   1.59809869E-13   1.61206208E-06   2.22028577E-16
      82         418.2     0.7882   5.100E+00   0.0043   0.0038   2.328E-10   3.34137015E-13   1.62802905E-06   2.22028577E-16
      83         423.3     0.7964   5.100E+00   0.0043   0.0038   2.328E-10  -4.81763197E-12   1.64382868E-06   2.22028577E-16
      84         428.4     0.7934   5.100E+00   0.0043   0.0038   2.328E-10   2.56319683E-12   1.65946415E-06   2.22028577E-16
      85         433.5     0.7980   5.100E+00   0.0043   0.0038   2.328E-10   1.29299631E-12   1.67493988E-06   2.22028577E-16
      86         438.6     0.7932   5.100E+00   0.0043   0.0038   2.328E-10  -1.88358487E-12   1.69025748E-06   2.22028577E-16
      87         443.7     0.7925   5.100E+00   0.0043   0.0038   2.328E-10  -1.73271337E-12   1.70542125E-06   2.22028577E-16
      88         448.8     0.7979   5.100E+00   0.0043   0.0038   2.328E-10   2.30788500E-12   1.72043065E-06   2.22028577E-16
      89         453.9     0.7929   5.100E+00   0.0043   0.0038   2.910E-10  -3.21443414E-12   1.73528838E-06   2.22028577E-16
      90           459     0.7971   5.100E+00   0.0043   0.0038   2.910E-10   2.03373668E-12   1.74999377E-06   2.22028577E-16
      91         464.1     0.7925   5.100E+00   0.0043   0.0038   2.328E-10  -3.48906234E-12   1.76454705E-06   2.22028577E-16
      92         469.2     0.8001   5.100E+00   0.0043   0.0038   2.328E-10   7.74513960E-12   1.77894663E-06   2.22028577E-16
      93         474.3     0.7956   5.100E+00   0.0043   0.0038   2.328E-10  -8.46584434E-12   1.79319318E-06   2.22028577E-16
      94         479.4     0.7998   5.100E+00   0.0043   0.0038   2.328E-10  -3.01023258E-13   1.80728352E-06   2.22028577E-16
      95         484.5     0.7962   5.100E+00   0.0043   0.0038   2.328E-10   5.64721533E-12   1.82121687E-06   2.22028577E-16
      96         489.6     0.7980   5.100E+00   0.0043   0.0038   2.328E-10   5.57606869E-12   1.83498992E-06   2.22028577E-16
      97         494.7     0.7965   5.100E+00   0.0043   0.0038   2.910E-10  -2.10104395E-12   1.84860198E-06   2.22028577E-16
      98         499.8     0.7933   5.100E+00   0.0043   0.0038   2.328E-10   7.85863822E-12   1.86204898E-06   2.22028577E-16
      99         504.9     0.7973   5.100E+00   0.0043   0.0038   2.328E-10  -5.16766577E-12   1.87532942E-06   2.22028577E-16
     100           510     0.7936   5.100E+00   0.0043   0.0038   2.328E-10   1.03936402E-12   1.88843967E-06   2.22028577E-16
     101         515.1     0.7924   5.100E+00   0.0043   0.0038   2.328E-10  -4.45536013E-12   1.90137814E-06   2.22028577E-16
     102         520.2     0.7905   5.100E+00   0.0042   0.0038   2.328E-10  -3.28798013E-12   1.91414097E-06   2.22028577E-16
     103         525.3     0.7957   5.100E+00   0.0042   0.0038   2.328E-10  -3.11569260E-12   1.92672746E-06   2.22028577E-16
     104         530.4     0.8026   5.100E+00   0.0042   0.0038   2.328E-10   3.16944257E-12   1.93913297E-06   2.22028577E-16
     105         535.5     0.7942   5.100E+00   0.0042   0.0038   2.328E-10  -1.12910712E-12   1.95135658E-06   2.22028577E-16
     106         540.6     0.7919   5.100E+00   0.0042   0.0038   2.328E-10   9.27545107E-12   1.96339488E-06   2.22028577E-16
     107         545.7     0.7989   5.100E+00   0.0042   0.0038   2.328E-10  -3.65571099E-13   1.97524696E-06   2.22028577E-16
     108         550.8     0.7927   5.100E+00   0.0042   0.0038   2.328E-10   1.30331434E-12   1.98690941E-06   2.22028577E-16
     109         555.9     0.7905   5.100E+00   0.0042   0.0038   2.328E-10  -1.22148971E-12   1.99838200E-06   2.22028577E-16
     110           561     0.7992   5.100E+00   0.0041   0.0038   2.328E-10  -1.05906438E-11   2.00966269E-06   2.22028577E-16
     111         566.1     0.7968   5.100E+00   0.0041   0.0038   2.910E-10  -6.92737404E-12   2.02075239E-06   2.22028577E-16
     112         571.2     0.7921   5.100E+00   0.0041   0.0038   2.328E-10  -8.03848470E-13   2.03165018E-06   2.22028577E-16
     113         576.3     0.7966   5.100E+00   0.0041   0.0038   2.328E-10  -9.62038608E-12   2.04235744E-06   2.22028577E-16
     114         581.4     0.7976   5.100E+00   0.0041   0.0038   2.328E-10  -1.29071667E-12   2.05287392E-06   2.22028577E-16
     115         586.5     0.7946   5.100E+00   0.0041   0.0038   2.328E-10  -3.92733979E-12   2.06320215E-06   2.22028577E-16
     116         591.6     0.7930   5.100E+00   0.0040   0.0038   2.910E-10   1.37866010E-12   2.07334210E-06   2.22028577E-16
     117         596.7     0.7954   5.100E+00   0.0040   0.0038   2.328E-10  -5.58158771E-12   2.08329811E-06   2.22028577E-16
     118         601.8     0.7955   5.100E+00   0.0040   0.0038   2.328E-10  -1.54974785E-12   2.09307154E-06   2.22028577E-16
     119         606.9     0.7984   5.100E+00   0.0040   0.0038   2.328E-10  -4.17941208E-13   2.10266626E-06   2.22028577E-16
     120           612     0.7961   5.100E+00   0.0040   0.0038   2.328E-10   5.45957073E-12   2.11208635E-06   2.22028577E-16
     121         617.1     0.7995   5.100E+00   0.0040   0.0038   2.328E-10  -1.34716609E-12   2.12133523E-06   2.22028577E-16
     122         622.2     0.7955   5.100E+00   0.0039   0.0038   2.328E-10   2.89925337E-13   2.13041722E-06   2.22028577E-16
     123         627.3     0.7965   5.100E+00   0.0039   0.0038   2.328E-10   2.63440333E-12   2.13933708E-06   2.22028577E-16
     124         632.4     0.7946   5.100E+00   0.0039   0.0038   2.328E-10   9.01510041E-13   2.14810029E-06   2.22028577E-16
     125         637.5     0.8020   5.100E+00   0.0039   0.0038   2.328E-10  -1.49587797E-12   2.15671207E-06   2.22028577E-16
     126         642.6     0.7945   5.100E+00   0.0039   0.0038   2.328E-10   6.92629439E-13   2.16517856E-06   2.22028577E-16
     127         647.7     0.7907   5.100E+00   0.0039   0.0038   2.328E-10   2.49708934E-12   2.17350612E-06   2.22028577E-16
     128         652.8     0.7933   5.100E+00   0.0039   0.0038   2.328E-10  -3.64191359E-12   2.18170180E-06   2.22028577E-16
     129         657.9     0.7947   5.100E+00   0.0039   0.0038   2.328E-10   3.17910065E-12   2.18977175E-06   2.22028577E-16
     130           663     0.7891   5.100E+00   0.0038   0.0038   2.328E-10  -8.39961672E-13   2.19772369E-06   2.22028577E-16
     131         668.1     0.7970   5.100E+00   0.0038   0.0038   2.328E-10   1.03036572E-11   2.20556331E-06   2.22028577E-16
     132         673.2     0.7931   5.100E+00   0.0038   0.0038   2.328E-10   6.27421726E-13   2.21329879E-06   2.22028577E-16
     133         678.3     0.7950   5.100E+00   0.0038   0.0038   2.328E-10  -7.15545136E-13   2.22093672E-06   2.22028577E-16
     134         683.4     0.7970   5.100E+00   0.0038   0.0038   2.328E-10  -4.59117466E-12   2.22848507E-06   2.22028577E-16
     135         688.5     0.7954   5.100E+00   0.0038   0.0038   2.328E-10   1.81777737E-12   2.23595066E-06   2.22028577E-16
     136         693.6     0.7928   5.100E+00   0.0038   0.0038   2.328E-10  -6.84830881E-13   2.24333917E-06   2.22028577E-16
     137         698.7     0.7962   5.100E+00   0.0038   0.0038   2.328E-10  -2.26907230E-12   2.25065810E-06   2.22028577E-16
     138         703.8     0.7963   5.100E+00   0.0038   0.0038   2.328E-10  -3.24778767E-12   2.25791382E-06   2.22028577E-16
     139         708.9     0.8003   5.100E+00   0.0038   0.0038   2.328E-10   1.20475288E-12   2.26511179E-06   2.22028577E-16
     140           714     0.7953   5.100E+00   0.0038   0.0038   2.328E-10  -3.33285179E-12   2.27225883E-06   2.22028577E-16
     141         719.1     0.8003   5.100E+00   0.0038   0.0038   2.328E-10   1.84711187E-12   2.27935857E-06   2.22028577E-16
     142         724.2     0.7939   5.100E+00   0.0038   0.0038   2.328E-10  -1.97152841E-12   2.28641693E-06   2.22028577E-16
     143         729.3     0.7958   5.100E+00   0.0038   0.0038   2.328E-10  -2.30494551E-12   2.29343686E-06   2.22028577E-16
     144         734.4     0.7944   5.100E+00   0.0038   0.0038   2.328E-10  -4.21900470E-13   2.30042292E-06   2.22028577E-16
     145         739.5     0.7969   5.100E+00   0.0038   0.0038   2.328E-10   5.05260764E-12   2.30737783E-06   2.22028577E-16
     146         744.6     0.7925   5.100E+00   0.0038   0.0038   2.328E-10  -3.39368030E-12   2.31430431E-06   2.22028577E-16
     147         749.7     0.7971   5.100E+00   0.0038   0.0038   2.328E-10  -5.83366038E-12   2.32120465E-06   2.22028577E-16
     148         754.8     0.7938   5.100E+00   0.0038   0.0038   2.328E-10  -6.05417886E-12   2.32808065E-06   2.22028577E-16
     149         759.9     0.7929   5.100E+00   0.0038   0.0038   2.328E-10   7.08466434E-13   2.33493097E-06   2.22028577E-16
     150           765     0.7968   5.100E+00   0.0038   0.0038   2.328E-10   1.32167085E-12   2.34175877E-06   2.22028577E-16
     151         770.1     0.7955   5.100E+00   0.0038   0.0038   2.910E-10  -2.04981366E-12   2.34856111E-06   2.22028577E-16
     152         775.2     0.7980   5.100E+00   0.0038   0.0038   2.328E-10  -5.63101865E-12   2.35533889E-06   2.22028577E-16
     153         780.3     0.7986   5.100E+00   0.0038   0.0038   2.328E-10  -3.53501364E-12   2.36208939E-06   2.22028577E-16
     154         785.4     0.7985   5.100E+00   0.0038   0.0038   2.328E-10  -7.32341965E-12   2.36881147E-06   2.22028577E-16
     155         790.5     0.7932   5.100E+00   0.0038   0.0038   2.328E-10  -4.77749958E-12   2.37550262E-06   2.22028577E-16
     156         795.6     0.7957   5.100E+00   0.0038   0.0038   2.328E-10  -7.45323508E-12   2.38215966E-06   2.22028577E-16
     157         800.7     0.7958   5.100E+00   0.0038   0.0038   2.328E-10   3.77916752E-12   2.38877738E-06   2.22028577E-16
     158         805.8     0.7963   5.100E+00   0.0038   0.0038   2.328E-10  -2.29132815E-12   2.39535461E-06   2.22028577E-16
     159         810.9     0.7979   5.100E+00   0.0037   0.0038   2.328E-10   2.25773436E-12   2.40188410E-06   2.22028577E-16
     160           816     0.7935   5.100E+00   0.0037   0.0038   2.328E-10   3.57316650E-12   2.40836516E-06   2.22028577E-16
     161         821.1     0.7998   5.100E+00   0.0037   0.0038   2.328E-10   4.29387038E-12   2.41479097E-06   2.22028577E-16
     162         826.2     0.7957   5.100E+00   0.0037   0.0038   2.328E-10  -5.25752879E-12   2.42115834E-06   2.22028577E-16
     163         831.3     0.7953   5.100E+00   0.0037   0.0038   2.910E-10   5.78243009E-12   2.42746000E-06   2.22028577E-16
     164         836.4     0.7949   5.100E+00   0.0037   0.0038   2.328E-10   7.00679922E-12   2.43369277E-06   2.22028577E-16
     165         841.5     0.7974   5.100E+00   0.0037   0.0038   2.328E-10   2.90969158E-12   2.43985073E-06   2.22028577E-16
     166         846.6     0.7934   5.100E+00   0.0037   0.0038   2.910E-10   5.33911370E-12   2.44593025E-06   2.22028577E-16
     167         851.7     0.8000   5.100E+00   0.0037   0.0038   2.328E-10  -6.39719397E-13   2.45192518E-06   2.22028577E-16
     168         856.8     0.7947   5.100E+00   0.0037   0.0038   2.328E-10   7.26799003E-12   2.45783372E-06   2.22028577E-16
     169         861.9     0.7986   5.100E+00   0.0037   0.0038   2.328E-10   4.99537824E-12   2.46364812E-06   2.22028577E-16
     170           867     0.7979   5.100E+00   0.0037   0.0038   2.328E-10   3.75721156E-12   2.46936656E-06   2.22028577E-16
     171         872.1     0.7931   5.100E+00   0.0036   0.0038   2.328E-10   4.30766794E-12   2.47498178E-06   2.22028577E-16
     172         877.2     0.7971   5.100E+00   0.0036   0.0038   2.328E-10   8.01628902E-12   2.48049423E-06   2.22028577E-16
     173         882.3     0.7937   5.100E+00   0.0036   0.0038   2.328E-10   4.81469248E-12   2.48589754E-06   2.22028577E-16
     174         887.4     0.7938   5.100E+00   0.0036   0.0038   2.328E-10   1.45868506E-12   2.49119262E-06   2.22028577E-16
     175         892.5     0.7983   5.100E+00   0.0036   0.0038   2.328E-10  -5.37642630E-12   2.49637492E-06   2.22028577E-16
     176         897.6     0.7987   2.400E+00   0.0017   0.0018   2.328E-10   1.46984291E-12   2.50144285E-06   2.22028577E-16
     177           900     0.7944   5.100E+00   0.0036   0.0038   2.328E-10   9.48301225E-13   2.50376456E-06   2.22028577E-16
