    ITER          TIME      CPUDT          DT      CFL     DNUM         DIV              MOM              TKE             MASS
       0             0     0.0038   5.100E+00   0.0000   0.0000   0.000E+00   0.00000000E+00   0.00000000E+00   0.00000000E+00
       1           5.1    28.9122   5.100E+00   0.0001   0.0038   3.092E-11   1.32840744E-12   6.18140261E-10   2.22113003E-16
       2          10.2     2.7774   5.100E+00   0.0002   0.0038   3.274E-11   1.05451867E-12   2.46861198E-09   2.22113003E-16
       3          15.3     2.7783   5.100E+00   0.0003   0.0038   3.456E-11   1.22808469E-12   5.54194646E-09   2.22113003E-16
       4          20.4     2.7736   5.100E+00   0.0004   0.0038   3.638E-11  -2.95602150E-12   9.82677761E-09   2.22113003E-16
       5          25.5     2.7785   5.100E+00   0.0006   0.0038   3.638E-11   2.26625272E-12   1.53103503E-08   2.22113003E-16
       6          30.6     2.7736   5.100E+00   0.0007   0.0038   4.366E-11   4.36524948E-12   2.19789378E-08   2.22113003E-16
       7          35.7     2.7778   5.100E+00   0.0008   0.0038   5.093E-11   3.14925630E-13   2.98159186E-08   2.22113003E-16
       8          40.8     2.7714   5.100E+00   0.0009   0.0038   5.093E-11  -4.56600946E-12   3.88042700E-08   2.22113003E-16
       9          45.9     2.7749   5.100E+00   0.0010   0.0038   5.821E-11  -6.78487106E-13   4.89240932E-08   2.22113003E-16
      10            51     2.7756   5.100E+00   0.0011   0.0038   5.821E-11  -1.50142691E-12   6.01545835E-08   2.22113003E-16
      11          56.1     2.7681   5.100E+00   0.0012   0.0038   6.276E-11  -2.70421532E-12   7.24634432E-08   2.22113003E-16
      12          61.2     2.7717   5.100E+00   0.0013   0.0038   7.276E-11   2.31128940E-12   8.58330012E-08   2.22113003E-16
      13          66.3     2.7645   5.100E+00   0.0014   0.0038   8.004E-11  -6.19864663E-12   1.00225790E-07   2.22113003E-16
      14          71.4     2.7711   5.100E+00   0.0015   0.0038   7.640E-11   4.30907783E-12   1.15614448E-07   2.22113003E-16
      15          76.5     2.7943   5.100E+00   0.0016   0.0038   8.731E-11   4.49595743E-12   1.31954181E-07   2.22113003E-16
      16          81.6     2.7750   5.100E+00   0.0017   0.0038   9.459E-11  -4.34784543E-12   1.49225997E-07   2.22113003E-16
      17          86.7     2.7693   5.100E+00   0.0018   0.0038   9.618E-11   1.69549043E-12   1.67383334E-07   2.22113003E-16
      18          91.8     2.7661   5.100E+00   0.0019   0.0038   9.459E-11  -7.64329398E-12   1.86390835E-07   2.22113003E-16
      19          96.9     2.7667   5.100E+00   0.0020   0.0038   1.019E-10  -3.66614898E-12   2.06203694E-07   2.22113003E-16
      20           102     2.7704   5.100E+00   0.0021   0.0038   1.091E-10  -4.73640712E-13   2.26785616E-07   2.22113003E-16
      21         107.1     2.7660   5.100E+00   0.0022   0.0038   1.091E-10  -6.33930503E-14   2.48090345E-07   2.22113003E-16
      22         112.2     2.7747   5.100E+00   0.0023   0.0038   1.164E-10  -2.79037405E-12   2.70065527E-07   2.22113003E-16
      23         117.3     2.7710   5.100E+00   0.0024   0.0038   1.191E-10  -3.76705004E-12   2.92687304E-07   2.22113003E-16
      24         122.4     2.7699   5.100E+00   0.0025   0.0038   1.310E-10  -7.29999394E-12   3.15906590E-07   2.22113003E-16
      25         127.5     2.7723   5.100E+00   0.0026   0.0038   1.455E-10   4.72024026E-12   3.39671885E-07   2.22113003E-16
      26         132.6     2.7731   5.100E+00   0.0026   0.0038   1.164E-10  -1.19707439E-13   3.63944906E-07   2.22113003E-16
      27         137.7     2.7755   5.100E+00   0.0027   0.0038   1.455E-10   3.90838317E-12   3.88674692E-07   2.22113003E-16
      28         142.8     2.7674   5.100E+00   0.0028   0.0038   1.482E-10  -2.01232065E-12   4.13823273E-07   2.22113003E-16
      29         147.9     2.7720   5.100E+00   0.0029   0.0038   1.455E-10  -5.62846905E-12   4.39339686E-07   2.22113003E-16
      30           153     2.7744   5.100E+00   0.0029   0.0038   1.492E-10   1.32383048E-12   4.65186389E-07   2.22113003E-16
      31         158.1     2.7710   5.100E+00   0.0030   0.0038   1.528E-10   5.51770001E-12   4.91314381E-07   2.22113003E-16
      32         163.2     2.7681   5.100E+00   0.0031   0.0038   1.774E-10  -3.73246659E-12   5.17670060E-07   2.22113003E-16
      33         168.3     2.7767   5.100E+00   0.0032   0.0038   1.494E-10  -2.06775027E-12   5.44229636E-07   2.22113003E-16
      34         173.4     2.7747   5.100E+00   0.0032   0.0038   1.746E-10  -4.74090645E-12   5.70961333E-07   2.22113003E-16
      35         178.5     2.7733   5.100E+00   0.0033   0.0038   1.601E-10  -2.82936673E-12   5.97810867E-07   2.22113003E-16
      36         183.6     2.7726   5.100E+00   0.0033   0.0038   1.680E-10   1.61981463E-12   6.24744473E-07   2.22113003E-16
      37         188.7     2.7727   5.100E+00   0.0034   0.0038   1.746E-10  -2.86991893E-12   6.51721280E-07   2.22113003E-16
      38         193.8     2.7631   5.100E+00   0.0034   0.0039   2.037E-10  -5.65018475E-12   6.78710876E-07   2.22113003E-16
      39         198.9     2.7733   5.100E+00   0.0035   0.0039   1.746E-10  -3.98234917E-12   7.05674324E-07   2.22113003E-16
      40           204     2.7697   5.100E+00   0.0036   0.0039   1.846E-10  -6.20559030E-12   7.32583601E-07   2.22113003E-16
      41         209.1     2.7717   5.100E+00   0.0036   0.0039   1.837E-10   3.27655242E-12   7.59403861E-07   2.22113003E-16
      42         214.2     2.7780   5.100E+00   0.0036   0.0039   2.037E-10  -5.58458705E-12   7.86110661E-07   2.22113003E-16
      43         219.3     2.7747   5.100E+00   0.0037   0.0039   1.892E-10  -1.05230659E-11   8.12671828E-07   2.22113003E-16
      44         224.4     2.7804   5.100E+00   0.0037   0.0039   2.328E-10  -8.42469150E-12   8.39065308E-07   2.22113003E-16
      45         229.5     2.7707   5.100E+00   0.0038   0.0039   1.928E-10  -4.88721867E-12   8.65263132E-07   2.22113003E-16
      46         234.6     2.7793   5.100E+00   0.0038   0.0039   1.892E-10   3.21818332E-12   8.91247964E-07   2.22113003E-16
      47         239.7     2.7722   5.100E+00   0.0038   0.0039   1.910E-10   5.42627683E-13   9.16995134E-07   2.22113003E-16
      48         244.8     2.7784   5.100E+00   0.0038   0.0039   2.092E-10  -2.91832986E-12   9.42489976E-07   2.22113003E-16
      49         249.9     2.7672   5.100E+00   0.0039   0.0039   2.328E-10  -3.91006281E-12   9.67712481E-07   2.22113003E-16
      50           255     2.7693   5.100E+00   0.0039   0.0039   2.019E-10  -9.63940299E-12   9.92650598E-07   2.22113003E-16
      51         260.1     2.7710   5.100E+00   0.0039   0.0039   2.328E-10  -5.56602073E-12   1.01728187E-06   2.22113003E-16
      52         265.2     2.7701   5.100E+00   0.0039   0.0039   1.892E-10  -2.15533364E-12   1.04157925E-06   2.22113003E-16
      53         270.3     2.7818   5.100E+00   0.0039   0.0039   1.910E-10  -6.05684817E-12   1.06557661E-06   2.22113003E-16
      54         275.4     2.7808   5.100E+00   0.0040   0.0039   1.965E-10  -3.28219136E-12   1.08925678E-06   2.22113003E-16
      55         280.5     2.7763   5.100E+00   0.0040   0.0039   2.328E-10   1.69306084E-12   1.11260158E-06   2.22113003E-16
      56         285.6     2.7723   5.100E+00   0.0040   0.0039   2.328E-10   1.24494534E-12   1.13560884E-06   2.22113003E-16
      57         290.7     2.7770   5.100E+00   0.0040   0.0039   2.328E-10  -5.65678364E-12   1.15827345E-06   2.22113003E-16
      58         295.8     2.7708   5.100E+00   0.0040   0.0039   2.037E-10  -1.53178121E-12   1.18059620E-06   2.22113003E-16
      59         300.9     2.7753   5.100E+00   0.0040   0.0039   2.146E-10   7.19864333E-15   1.20257482E-06   2.22113003E-16
      60           306     2.7704   5.100E+00   0.0040   0.0039   2.328E-10  -2.41142544E-12   1.22421284E-06   2.22113003E-16
      61         311.1     2.7720   5.100E+00   0.0040   0.0039   2.328E-10  -8.17693829E-12   1.24551082E-06   2.22113003E-16
      62         316.2     2.7730   5.100E+00   0.0040   0.0039   2.183E-10  -9.49171037E-12   1.26647467E-06   2.22113003E-16
      63         321.3     2.7763   5.100E+00   0.0041   0.0039   2.328E-10  -3.73141665E-12   1.28710758E-06   2.22113003E-16
      64         326.4     2.7732   5.100E+00   0.0041   0.0039   2.328E-10  -1.03190451E-11   1.30741716E-06   2.22113003E-16
      65         331.5     2.7770   5.100E+00   0.0041   0.0039   2.328E-10  -6.19245280E-12   1.32740900E-06   2.22113003E-16
      66         336.6     2.7755   5.100E+00   0.0041   0.0039   2.328E-10  -4.28874167E-12   1.34709114E-06   2.22113003E-16
      67         341.7     2.7798   5.100E+00   0.0041   0.0039   2.328E-10  -2.77903612E-12   1.36647122E-06   2.22113003E-16
      68         346.8     2.7764   5.100E+00   0.0041   0.0039   2.328E-10  -1.49086895E-12   1.38556004E-06   2.22113003E-16
      69         351.9     2.7710   5.100E+00   0.0041   0.0039   2.328E-10  -4.33889209E-12   1.40436498E-06   2.22113003E-16
      70           357     2.7750   5.100E+00   0.0041   0.0039   2.328E-10  -8.23890695E-12   1.42289684E-06   2.22113003E-16
      71         362.1     2.7779   5.100E+00   0.0041   0.0039   2.328E-10  -6.78835026E-12   1.44116484E-06   2.22113003E-16
      72         367.2     2.7736   5.100E+00   0.0041   0.0039   2.328E-10   5.14220047E-12   1.45917875E-06   2.22113003E-16
      73         372.3     2.7730   5.100E+00   0.0041   0.0039   2.328E-10  -1.08889972E-11   1.47694914E-06   2.22113003E-16
      74         377.4     2.7771   5.100E+00   0.0041   0.0039   2.328E-10  -1.13782352E-11   1.49448567E-06   2.22113003E-16
      75         382.5     2.7714   5.100E+00   0.0041   0.0039   2.328E-10   1.54479879E-12   1.51179745E-06   2.22113003E-16
      76         387.6     2.7717   5.100E+00   0.0041   0.0039   2.328E-10  -1.03819427E-11   1.52889288E-06   2.22113003E-16
      77         392.7     2.7770   5.100E+00   0.0041   0.0039   2.328E-10  -1.75979825E-12   1.54578208E-06   2.22113003E-16
      78         397.8     2.7714   5.100E+00   0.0042   0.0039   2.328E-10  -2.80909042E-12   1.56247188E-06   2.22113003E-16
      79         402.9     2.7701   5.100E+00   0.0042   0.0039   2.328E-10  -1.13873234E-11   1.57896920E-06   2.22113003E-16
      80           408     2.7794   5.100E+00   0.0042   0.0038   2.328E-10  -4.19983839E-12   1.59528167E-06   2.22113003E-16
      81         413.1     2.7739   5.100E+00   0.0042   0.0038   2.328E-10   2.15809318E-13   1.61141634E-06   2.22113003E-16
      82         418.2     2.7722   5.100E+00   0.0042   0.0038   2.328E-10  -4.35589889E-12   1.62737751E-06   2.22113003E-16
      83         423.3     2.7807   5.100E+00   0.0042   0.0038   2.328E-10  -1.13712165E-11   1.64317134E-06   2.22113003E-16
      84         428.4     2.7683   5.100E+00   0.0041   0.0038   2.328E-10  -3.41203671E-12   1.65880078E-06   2.22113003E-16
      85         433.5     2.7762   5.100E+00   0.0041   0.0038   2.910E-10  -4.11384468E-12   1.67427061E-06   2.22113003E-16
      86         438.6     2.7766   5.100E+00   0.0041   0.0038   2.328E-10   2.91674020E-12   1.68958309E-06   2.22113003E-16
      87         443.7     2.7760   5.100E+00   0.0041   0.0038   2.328E-10  -9.82134838E-13   1.70474084E-06   2.22113003E-16
      88         448.8     2.7726   5.100E+00   0.0041   0.0038   2.328E-10  -2.87879724E-12   1.71974546E-06   2.22113003E-16
      89         453.9     2.7792   5.100E+00   0.0041   0.0038   2.328E-10  -8.97283810E-12   1.73459830E-06   2.22113003E-16
      90           459     2.7778   5.100E+00   0.0041   0.0038   2.910E-10   1.36627244E-12   1.74929903E-06   2.22113003E-16
      91         464.1     2.7786   5.100E+00   0.0041   0.0038   2.328E-10  -1.36117940E-11   1.76384867E-06   2.22113003E-16
      92         469.2     2.7756   5.100E+00   0.0041   0.0038   2.328E-10  -2.55614822E-12   1.77824404E-06   2.22113003E-16
      93         474.3     2.7797   5.100E+00   0.0041   0.0038   2.328E-10  -7.93716395E-12   1.79248661E-06   2.22113003E-16
      94         479.4     2.7787   5.100E+00   0.0041   0.0038   2.328E-10   1.92050802E-12   1.80657321E-06   2.22113003E-16
      95         484.5     2.7701   5.100E+00   0.0041   0.0038   2.328E-10  -7.30170351E-12   1.82050314E-06   2.22113003E-16
      96         489.6     2.7814   5.100E+00   0.0041   0.0038   2.328E-10   1.03576479E-12   1.83427301E-06   2.22113003E-16
      97         494.7     2.7698   5.100E+00   0.0041   0.0038   2.328E-10  -9.78175548E-13   1.84788166E-06   2.22113003E-16
      98         499.8     2.7779   5.100E+00   0.0041   0.0038   2.328E-10   3.21545394E-12   1.86132547E-06   2.22113003E-16
      99         504.9     2.7781   5.100E+00   0.0041   0.0038   2.328E-10  -1.33187792E-11   1.87460284E-06   2.22113003E-16
     100           510     2.7736   5.100E+00   0.0041   0.0038   2.328E-10  -4.67353890E-12   1.88770980E-06   2.22113003E-16
     101         515.1     2.7696   5.100E+00   0.0041   0.0038   2.328E-10  -7.80632828E-13   1.90064554E-06   2.22113003E-16
     102         520.2     2.7704   5.100E+00   0.0041   0.0038   2.328E-10  -4.12827194E-12   1.91340541E-06   2.22113003E-16
     103         525.3     2.7716   5.100E+00   0.0041   0.0038   2.328E-10  -7.81469681E-12   1.92598964E-06   2.22113003E-16
     104         530.4     2.7791   5.100E+00   0.0040   0.0038   2.910E-10   6.63115016E-13   1.93839264E-06   2.22113003E-16
     105         535.5     2.7709   5.100E+00   0.0040   0.0038   2.328E-10   6.28309557E-12   1.95061421E-06   2.22113003E-16
     106         540.6     2.7732   5.100E+00   0.0040   0.0038   2.328E-10   2.62522512E-12   1.96265046E-06   2.22113003E-16
     107         545.7     2.7727   5.100E+00   0.0040   0.0038   2.328E-10  -3.23788956E-12   1.97450095E-06   2.22113003E-16
     108         550.8     2.7767   5.100E+00   0.0040   0.0038   2.328E-10  -3.92955937E-12   1.98616203E-06   2.22113003E-16
     109         555.9     2.7785   5.100E+00   0.0040   0.0038   2.328E-10  -1.91930825E-12   1.99763372E-06   2.22113003E-16
     110           561     2.7782   5.100E+00   0.0040   0.0038   2.328E-10  -1.35001550E-11   2.00891418E-06   2.22113003E-16
     111         566.1     2.7815   5.100E+00   0.0040   0.0038   2.328E-10  -9.17251084E-12   2.02000274E-06   2.22113003E-16
     112         571.2     2.7720   5.100E+00   0.0040   0.0038   2.328E-10  -2.14057643E-11   2.03089598E-06   2.22113003E-16
     113         576.3     2.7747   5.100E+00   0.0039   0.0038   2.328E-10  -1.56234557E-11   2.04159574E-06   2.22113003E-16
     114         581.4     2.7810   5.100E+00   0.0039   0.0038   2.328E-10  -1.72319919E-11   2.05209949E-06   2.22113003E-16
     115         586.5     2.7769   5.100E+00   0.0039   0.0038   2.328E-10  -1.34771794E-11   2.06241134E-06   2.22113003E-16
     116         591.6     2.7758   5.100E+00   0.0039   0.0038   2.328E-10  -9.56351751E-12   2.07253652E-06   2.22113003E-16
     117         596.7     2.7806   5.100E+00   0.0039   0.0038   2.328E-10  -6.75973557E-12   2.08248002E-06   2.22113003E-16
     118         601.8     2.7737   5.100E+00   0.0039   0.0038   2.328E-10   4.03369959E-12   2.09224709E-06   2.22113003E-16
     119         606.9     2.7788   5.100E+00   0.0038   0.0038   2.328E-10  -5.71770235E-12   2.10183816E-06   2.22113003E-16
     120           612     2.7748   5.100E+00   0.0038   0.0038   2.328E-10   4.91700300E-12   2.11125598E-06   2.22113003E-16
     121         617.1     2.7744   5.100E+00   0.0038   0.0038   2.328E-10  -5.43551532E-12   2.12050440E-06   2.22113003E-16
     122         622.2     2.7791   5.100E+00   0.0038   0.0038   2.328E-10  -5.71692216E-12   2.12958639E-06   2.22113003E-16
     123         627.3     2.7777   5.100E+00   0.0038   0.0038   2.328E-10   2.64796084E-12   2.13850694E-06   2.22113003E-16
     124         632.4     2.7772   5.100E+00   0.0038   0.0038   2.328E-10  -7.01360801E-12   2.14726970E-06   2.22113003E-16
     125         637.5     2.7767   5.100E+00   0.0038   0.0038   2.328E-10  -1.40231368E-11   2.15588148E-06   2.22113003E-16
     126         642.6     2.7828   5.100E+00   0.0038   0.0038   2.328E-10  -2.24762635E-12   2.16434728E-06   2.22113003E-16
     127         647.7     2.7754   5.100E+00   0.0037   0.0038   2.328E-10  -7.00580913E-12   2.17267552E-06   2.22113003E-16
     128         652.8     2.7754   5.100E+00   0.0037   0.0038   2.328E-10  -1.05076191E-11   2.18087098E-06   2.22113003E-16
     129         657.9     2.7727   5.100E+00   0.0037   0.0038   2.328E-10  -1.65767955E-11   2.18894070E-06   2.22113003E-16
     130           663     2.7800   5.100E+00   0.0037   0.0038   2.328E-10   2.99850466E-12   2.19689286E-06   2.22113003E-16
     131         668.1     2.7724   5.100E+00   0.0037   0.0038   2.328E-10   4.35343948E-12   2.20473362E-06   2.22113003E-16
     132         673.2     2.7788   5.100E+00   0.0037   0.0038   2.328E-10  -2.70881928E-12   2.21246933E-06   2.22113003E-16
     133         678.3     2.7733   5.100E+00   0.0037   0.0038   2.328E-10   4.52488698E-12   2.22010772E-06   2.22113003E-16
     134         683.4     2.7824   5.100E+00   0.0037   0.0038   2.328E-10  -5.86992347E-12   2.22765721E-06   2.22113003E-16
     135         688.5     2.7807   5.100E+00   0.0037   0.0038   2.328E-10  -7.43082939E-12   2.23512347E-06   2.22113003E-16
     136         693.6     2.7781   5.100E+00   0.0036   0.0038   2.328E-10  -5.25557939E-12   2.24251289E-06   2.22113003E-16
     137         698.7     2.7799   5.100E+00   0.0036   0.0038   2.328E-10  -5.59508516E-12   2.24983273E-06   2.22113003E-16
     138         703.8     2.7796   5.100E+00   0.0036   0.0038   2.328E-10  -1.40797955E-11   2.25708936E-06   2.22113003E-16
     139         708.9     2.7724   5.100E+00   0.0036   0.0038   2.328E-10  -3.34711404E-12   2.26428847E-06   2.22113003E-16
     140           714     2.7791   5.100E+00   0.0036   0.0038   2.328E-10  -1.03065369E-11   2.27143596E-06   2.22113003E-16
     141         719.1     2.7778   5.100E+00   0.0036   0.0038   2.328E-10  -9.91965537E-12   2.27853639E-06   2.22113003E-16
     142         724.2     2.7798   5.100E+00   0.0036   0.0038   2.328E-10  -1.83579488E-11   2.28559566E-06   2.22113003E-16
     143         729.3     2.7809   5.100E+00   0.0036   0.0038   2.328E-10  -7.57193787E-12   2.29261627E-06   2.22113003E-16
     144         734.4     2.7824   5.100E+00   0.0036   0.0038   2.328E-10  -2.75315101E-12   2.29960347E-06   2.22113003E-16
     145         739.5     2.7743   5.100E+00   0.0036   0.0038   2.328E-10  -7.96276413E-12   2.30655814E-06   2.22113003E-16
     146         744.6     2.7829   5.100E+00   0.0036   0.0038   2.910E-10  -1.22422975E-11   2.31348554E-06   2.22113003E-16
     147         749.7     2.7793   5.100E+00   0.0036   0.0038   2.328E-10  -1.47644171E-11   2.32038610E-06   2.22113003E-16
     148         754.8     2.7790   5.100E+00   0.0036   0.0038   2.328E-10  -1.06890850E-11   2.32726279E-06   2.22113003E-16
     149         759.9     2.7775   5.100E+00   0.0036   0.0038   2.328E-10  -6.72992131E-12   2.33411424E-06   2.22113003E-16
     150           765     2.7756   5.100E+00   0.0036   0.0038   2.328E-10  -1.95417662E-12   2.34094182E-06   2.22113003E-16
     151         770.1     2.7833   5.100E+00   0.0036   0.0038   2.328E-10  -1.25240486E-11   2.34774484E-06   2.22113003E-16
     152         775.2     2.7792   5.100E+00   0.0036   0.0038   2.328E-10  -1.89982544E-11   2.35452285E-06   2.22113003E-16
     153         780.3     2.7739   5.100E+00   0.0036   0.0038   2.328E-10  -2.02363005E-11   2.36127266E-06   2.22113003E-16
     154         785.4     2.7824   5.100E+00   0.0036   0.0038   2.328E-10  -7.05017078E-12   2.36799474E-06   2.22113003E-16
     155         790.5     2.7771   5.100E+00   0.0036   0.0038   2.328E-10  -6.18382949E-12   2.37468566E-06   2.22113003E-16
     156         795.6     2.7786   5.100E+00   0.0036   0.0038   2.328E-10  -6.45928217E-14   2.38134248E-06   2.22113003E-16
     157         800.7     2.7732   5.100E+00   0.0036   0.0038   2.328E-10  -1.28523676E-11   2.38795974E-06   2.22113003E-16
     158         805.8     2.7822   5.100E+00   0.0036   0.0038   2.328E-10  -5.84649787E-13   2.39453584E-06   2.22113003E-16
     159         810.9     2.7768   5.100E+00   0.0036   0.0038   2.328E-10  -9.28041585E-12   2.40106442E-06   2.22113003E-16
     160           816     2.7767   5.100E+00   0.0036   0.0038   2.328E-10  -7.85077992E-12   2.40754548E-06   2.22113003E-16
     161         821.1     2.7775   5.100E+00   0.0036   0.0038   2.328E-10  -1.09573841E-12   2.41396992E-06   2.22113003E-16
     162         826.2     2.7802   5.100E+00   0.0036   0.0038   2.328E-10  -1.31655234E-11   2.42033661E-06   2.22113003E-16
     163         831.3     2.7706   5.100E+00   0.0036   0.0038   2.328E-10  -1.27375940E-11   2.42663668E-06   2.22113003E-16
     164         836.4     2.7775   5.100E+00   0.0036   0.0038   2.328E-10  -9.55384383E-12   2.43286809E-06   2.22113003E-16
     165         841.5     2.7770   5.100E+00   0.0036   0.0038   2.328E-10  -1.33339711E-11   2.43902491E-06   2.22113003E-16
     166         846.6     2.7817   5.100E+00   0.0036   0.0038   2.328E-10  -1.78892274E-12   2.44510238E-06   2.22113003E-16
     167         851.7     2.7739   5.100E+00   0.0036   0.0038   2.328E-10  -7.83089392E-12   2.45109618E-06   2.22113003E-16
     168         856.8     2.7781   5.100E+00   0.0036   0.0038   2.328E-10  -4.29027126E-12   2.45700267E-06   2.22113003E-16
     169         861.9     2.7795   5.100E+00   0.0036   0.0038   2.328E-10   8.55198779E-13   2.46281547E-06   2.22113003E-16
     170           867     2.7798   5.100E+00   0.0035   0.0038   2.328E-10  -1.14226267E-11   2.46853233E-06   2.22113003E-16
     171         872.1     2.7811   5.100E+00   0.0035   0.0038   2.328E-10  -7.35839254E-12   2.47414528E-06   2.22113003E-16
     172         877.2     2.7801   5.100E+00   0.0035   0.0038   2.910E-10  -1.23834059E-11   2.47965568E-06   2.22113003E-16
     173         882.3     2.7757   5.100E+00   0.0035   0.0038   2.328E-10  -1.94294364E-12   2.48505694E-06   2.22113003E-16
     174         887.4     2.7813   5.100E+00   0.0035   0.0038   2.328E-10  -1.03882120E-11   2.49035043E-06   2.22113003E-16
     175         892.5     2.7806   5.100E+00   0.0035   0.0038   2.328E-10  -8.87988641E-12   2.49553045E-06   2.22113003E-16
     176         897.6     2.7805   2.400E+00   0.0017   0.0018   2.328E-10  -1.25827179E-11   2.50059657E-06   2.22113003E-16
     177           900     2.7761   5.100E+00   0.0035   0.0038   2.328E-10  -1.24929450E-11   2.50291828E-06   2.22113003E-16
