    ITER          TIME      CPUDT          DT      CFL     DNUM         DIV              MOM              TKE             MASS
       0             0     0.0022   5.100E+00   0.0000   0.0000   0.000E+00   0.00000000E+00   0.00000000E+00   0.00000000E+00
       1           5.1    27.0942   5.100E+00   0.0001   0.0038   2.910E-11   2.20859485E-12   6.18395835E-10   2.22113003E-16
       2          10.2     2.4168   5.100E+00   0.0002   0.0038   2.910E-11   4.33938503E-13   2.46963183E-09   2.22113003E-16
       3          15.3     2.4165   5.100E+00   0.0003   0.0038   3.092E-11   1.71598586E-12   5.54423440E-09   2.22113003E-16
       4          20.4     2.4148   5.100E+00   0.0004   0.0038   3.365E-11   3.15807840E-12   9.83083925E-09   2.22113003E-16
       5          25.5     2.4203   5.100E+00   0.0005   0.0038   3.638E-11   7.85120721E-13   1.53166884E-08   2.22113003E-16
       6          30.6     2.4168   5.100E+00   0.0006   0.0038   4.911E-11   1.18038251E-12   2.19880611E-08   2.22113003E-16
       7          35.7     2.4173   5.100E+00   0.0007   0.0038   4.729E-11  -2.75100255E-12   2.98283354E-08   2.22113003E-16
       8          40.8     2.4170   5.100E+00   0.0008   0.0038   5.457E-11  -4.57799944E-12   3.88204668E-08   2.22113003E-16
       9          45.9     2.4197   5.100E+00   0.0009   0.0038   5.821E-11  -1.32943938E-12   4.89445640E-08   2.22113003E-16
      10            51     2.4154   5.100E+00   0.0010   0.0038   5.821E-11  -8.68358825E-13   6.01797794E-08   2.22113003E-16
      11          56.1     2.4146   5.100E+00   0.0011   0.0038   5.821E-11  -2.30670019E-12   7.24937621E-08   2.22113003E-16
      12          61.2     2.4137   5.100E+00   0.0012   0.0038   6.884E-11   1.87780347E-12   8.58689759E-08   2.22113003E-16
      13          66.3     2.4164   5.100E+00   0.0013   0.0038   7.276E-11  -7.58093588E-12   1.00267798E-07   2.22113003E-16
      14          71.4     2.4121   5.100E+00   0.0014   0.0038   8.004E-11  -1.73759499E-12   1.15662900E-07   2.22113003E-16
      15          76.5     2.4123   5.100E+00   0.0015   0.0038   8.731E-11   1.15995633E-13   1.32009461E-07   2.22113003E-16
      16          81.6     2.4207   5.100E+00   0.0016   0.0038   8.731E-11  -3.04250635E-12   1.49288553E-07   2.22113003E-16
      17          86.7     2.4146   5.100E+00   0.0017   0.0038   8.004E-11   9.34683754E-13   1.67453408E-07   2.22113003E-16
      18          91.8     2.4181   5.100E+00   0.0018   0.0038   8.913E-11  -1.07156150E-11   1.86468938E-07   2.22113003E-16
      19          96.9     2.4133   5.100E+00   0.0018   0.0038   8.731E-11   2.56004744E-12   2.06290125E-07   2.22113003E-16
      20           102     2.4113   5.100E+00   0.0019   0.0038   9.229E-11  -6.65507059E-12   2.26880644E-07   2.22113003E-16
      21         107.1     2.4135   5.100E+00   0.0020   0.0038   1.019E-10   6.54709099E-12   2.48194311E-07   2.22113003E-16
      22         112.2     2.4112   5.100E+00   0.0021   0.0038   1.055E-10  -6.39278474E-12   2.70178788E-07   2.22113003E-16
      23         117.3     2.4098   5.100E+00   0.0022   0.0038   1.164E-10  -6.17343633E-13   2.92810086E-07   2.22113003E-16
      24         122.4     2.4153   5.100E+00   0.0023   0.0038   1.164E-10  -8.70079009E-12   3.16039092E-07   2.22113003E-16
      25         127.5     2.4213   5.100E+00   0.0023   0.0038   1.310E-10   2.97025013E-12   3.39814335E-07   2.22113003E-16
      26         132.6     2.4162   5.100E+00   0.0024   0.0038   1.310E-10   7.09289788E-12   3.64097616E-07   2.22113003E-16
      27         137.7     2.4176   5.100E+00   0.0025   0.0038   1.164E-10   4.02989014E-12   3.88837663E-07   2.22113003E-16
      28         142.8     2.4170   5.100E+00   0.0026   0.0038   1.219E-10  -2.73938370E-13   4.13996844E-07   2.22113003E-16
      29         147.9     2.4169   5.100E+00   0.0026   0.0038   1.310E-10   4.89074319E-12   4.39523717E-07   2.22113003E-16
      30           153     2.4160   5.100E+00   0.0027   0.0038   1.455E-10   3.90071959E-12   4.65381163E-07   2.22113003E-16
      31         158.1     2.4211   5.100E+00   0.0028   0.0038   1.455E-10   7.47882051E-12   4.91519700E-07   2.22113003E-16
      32         163.2     2.4146   5.100E+00   0.0028   0.0038   1.455E-10  -1.53616039E-13   5.17885326E-07   2.22113003E-16
      33         168.3     2.4112   5.100E+00   0.0029   0.0038   1.473E-10  -1.39151266E-12   5.44456896E-07   2.22113003E-16
      34         173.4     2.4204   5.100E+00   0.0030   0.0038   1.610E-10  -6.80736674E-12   5.71199280E-07   2.22113003E-16
      35         178.5     2.4140   5.100E+00   0.0030   0.0038   1.455E-10  -1.91327943E-12   5.98059614E-07   2.22113003E-16
      36         183.6     2.4142   5.100E+00   0.0031   0.0038   1.673E-10  -7.74834970E-12   6.25004304E-07   2.22113003E-16
      37         188.7     2.4176   5.100E+00   0.0031   0.0038   1.737E-10  -1.62482666E-11   6.51992025E-07   2.22113003E-16
      38         193.8     2.4083   5.100E+00   0.0032   0.0038   1.601E-10  -1.21232044E-11   6.78992535E-07   2.22113003E-16
      39         198.9     2.4125   5.100E+00   0.0033   0.0038   1.764E-10  -5.15971727E-12   7.05966841E-07   2.22113003E-16
      40           204     2.4166   5.100E+00   0.0033   0.0038   1.746E-10  -9.71564842E-12   7.32886974E-07   2.22113003E-16
      41         209.1     2.4249   5.100E+00   0.0033   0.0038   1.746E-10  -4.34914995E-12   7.59718205E-07   2.22113003E-16
      42         214.2     2.4081   5.100E+00   0.0034   0.0038   1.746E-10  -7.84220171E-12   7.86435862E-07   2.22113003E-16
      43         219.3     2.4165   5.100E+00   0.0034   0.0038   1.746E-10  -8.75124018E-12   8.13007603E-07   2.22113003E-16
      44         224.4     2.4047   5.100E+00   0.0035   0.0038   1.746E-10  -6.76282511E-12   8.39411882E-07   2.22113003E-16
      45         229.5     2.4108   5.100E+00   0.0035   0.0038   1.801E-10   3.34268984E-12   8.65620791E-07   2.22113003E-16
      46         234.6     2.4239   5.100E+00   0.0036   0.0038   1.855E-10   5.56581083E-12   8.91615969E-07   2.22113003E-16
      47         239.7     2.4137   5.100E+00   0.0036   0.0038   1.892E-10  -4.62647802E-12   9.17373711E-07   2.22113003E-16
      48         244.8     2.4164   5.100E+00   0.0036   0.0038   1.746E-10  -2.82144815E-12   9.42879069E-07   2.22113003E-16
      49         249.9     2.4172   5.100E+00   0.0036   0.0038   1.819E-10   1.33474839E-12   9.68111976E-07   2.22113003E-16
      50           255     2.4173   5.100E+00   0.0037   0.0038   2.037E-10  -4.60329214E-12   9.93060326E-07   2.22113003E-16
      51         260.1     2.4234   5.100E+00   0.0037   0.0038   1.746E-10  -7.01843705E-12   1.01770172E-06   2.22113003E-16
      52         265.2     2.4235   5.100E+00   0.0037   0.0038   1.892E-10  -7.35713313E-12   1.04200876E-06   2.22113003E-16
      53         270.3     2.4206   5.100E+00   0.0038   0.0038   1.892E-10  -7.30614267E-12   1.06601647E-06   2.22113003E-16
      54         275.4     2.4167   5.100E+00   0.0038   0.0038   2.110E-10  -1.27928883E-11   1.08970698E-06   2.22113003E-16
      55         280.5     2.4235   5.100E+00   0.0038   0.0038   1.892E-10  -1.30655372E-12   1.11306213E-06   2.22113003E-16
      56         285.6     2.4160   5.100E+00   0.0038   0.0038   2.183E-10  -8.92613761E-12   1.13607859E-06   2.22113003E-16
      57         290.7     2.4194   5.100E+00   0.0039   0.0038   1.892E-10  -1.24056614E-12   1.15875332E-06   2.22113003E-16
      58         295.8     2.4212   5.100E+00   0.0039   0.0038   2.183E-10  -2.84274405E-12   1.18108517E-06   2.22113003E-16
      59         300.9     2.4223   5.100E+00   0.0039   0.0038   2.328E-10  -3.34436949E-12   1.20307368E-06   2.22113003E-16
      60           306     2.4178   5.100E+00   0.0039   0.0038   2.328E-10  -7.52726093E-12   1.22472125E-06   2.22113003E-16
      61         311.1     2.4217   5.100E+00   0.0039   0.0038   2.037E-10  -8.55222750E-12   1.24602877E-06   2.22113003E-16
      62         316.2     2.4109   5.100E+00   0.0039   0.0038   1.892E-10  -5.73155932E-12   1.26700218E-06   2.22113003E-16
      63         321.3     2.4499   5.100E+00   0.0040   0.0038   2.183E-10  -1.02463081E-11   1.28764384E-06   2.22113003E-16
      64         326.4     2.4228   5.100E+00   0.0040   0.0038   2.037E-10  -1.12228039E-11   1.30796286E-06   2.22113003E-16
      65         331.5     2.4213   5.100E+00   0.0040   0.0038   2.328E-10  -1.23877844E-11   1.32796401E-06   2.22113003E-16
      66         336.6     2.4245   5.100E+00   0.0040   0.0038   2.328E-10  -8.07867748E-12   1.34765537E-06   2.22113003E-16
      67         341.7     2.4164   5.100E+00   0.0040   0.0038   2.037E-10   1.01661639E-11   1.36704546E-06   2.22113003E-16
      68         346.8     2.4242   5.100E+00   0.0040   0.0038   2.328E-10   1.35526451E-11   1.38614234E-06   2.22113003E-16
      69         351.9     2.4153   5.100E+00   0.0040   0.0038   2.328E-10  -1.77880870E-11   1.40495672E-06   2.22113003E-16
      70           357     2.4243   5.100E+00   0.0040   0.0038   1.892E-10  -2.08604683E-12   1.42349745E-06   2.22113003E-16
      71         362.1     2.4189   5.100E+00   0.0040   0.0038   1.892E-10   7.04747133E-13   1.44177443E-06   2.22113003E-16
      72         367.2     2.4138   5.100E+00   0.0040   0.0038   2.328E-10  -4.80113475E-12   1.45979789E-06   2.22113003E-16
      73         372.3     2.4132   5.100E+00   0.0040   0.0038   1.965E-10  -1.97756325E-11   1.47757714E-06   2.22113003E-16
      74         377.4     2.4167   5.100E+00   0.0040   0.0038   2.328E-10  -9.26477384E-12   1.49512232E-06   2.22113003E-16
      75         382.5     2.4193   5.100E+00   0.0040   0.0038   2.328E-10   7.40164440E-12   1.51244285E-06   2.22113003E-16
      76         387.6     2.4215   5.100E+00   0.0041   0.0038   2.037E-10  -5.06904458E-12   1.52954726E-06   2.22113003E-16
      77         392.7     2.4162   5.100E+00   0.0041   0.0038   2.328E-10  -7.75449843E-12   1.54644476E-06   2.22113003E-16
      78         397.8     2.4177   5.100E+00   0.0041   0.0038   2.328E-10  -3.21119455E-12   1.56314366E-06   2.22113003E-16
      79         402.9     2.4192   5.100E+00   0.0041   0.0038   2.328E-10  -5.55279303E-12   1.57964939E-06   2.22113003E-16
      80           408     2.4235   5.100E+00   0.0041   0.0038   2.328E-10  -1.57579488E-11   1.59596982E-06   2.22113003E-16
      81         413.1     2.4237   5.100E+00   0.0041   0.0038   2.328E-10  -4.54474322E-13   1.61211301E-06   2.22113003E-16
      82         418.2     2.4210   5.100E+00   0.0041   0.0038   2.328E-10   1.12754749E-12   1.62808249E-06   2.22113003E-16
      83         423.3     2.4234   5.100E+00   0.0041   0.0038   2.328E-10  -4.95722560E-12   1.64388462E-06   2.22113003E-16
      84         428.4     2.4188   5.100E+00   0.0041   0.0038   2.328E-10   7.19024449E-13   1.65952247E-06   2.22113003E-16
      85         433.5     2.4288   5.100E+00   0.0041   0.0038   2.328E-10  -1.25030828E-11   1.67500116E-06   2.22113003E-16
      86         438.6     2.4237   5.100E+00   0.0041   0.0038   2.328E-10   3.92326037E-13   1.69032171E-06   2.22113003E-16
      87         443.7     2.4160   5.100E+00   0.0041   0.0038   2.328E-10   8.07687738E-13   1.70548788E-06   2.22113003E-16
      88         448.8     2.4168   5.100E+00   0.0041   0.0038   1.783E-10   1.90500090E-12   1.72050090E-06   2.22113003E-16
      89         453.9     2.4198   5.100E+00   0.0041   0.0038   2.328E-10  -3.71929890E-13   1.73536228E-06   2.22113003E-16
      90           459     2.4258   5.100E+00   0.0041   0.0038   2.328E-10  -7.21280024E-12   1.75007187E-06   2.22113003E-16
      91         464.1     2.4213   5.100E+00   0.0041   0.0038   2.328E-10  -1.31404028E-11   1.76462913E-06   2.22113003E-16
      92         469.2     2.4152   5.100E+00   0.0041   0.0038   2.328E-10  -2.63782269E-12   1.77903303E-06   2.22113003E-16
      93         474.3     2.4262   5.100E+00   0.0041   0.0038   2.328E-10   1.18787211E-11   1.79328481E-06   2.22113003E-16
      94         479.4     2.4207   5.100E+00   0.0041   0.0038   2.328E-10  -1.63409199E-11   1.80738016E-06   2.22113003E-16
      95         484.5     2.4171   5.100E+00   0.0041   0.0038   2.328E-10   1.67728380E-13   1.82131839E-06   2.22113003E-16
      96         489.6     2.4168   5.100E+00   0.0041   0.0038   2.328E-10  -1.61969466E-11   1.83509667E-06   2.22113003E-16
      97         494.7     2.4177   5.100E+00   0.0041   0.0038   2.328E-10  -7.43163864E-12   1.84871340E-06   2.22113003E-16
      98         499.8     2.4303   5.100E+00   0.0041   0.0038   2.328E-10  -1.54410892E-12   1.86216550E-06   2.22113003E-16
      99         504.9     2.4162   5.100E+00   0.0041   0.0038   2.328E-10   5.84265839E-12   1.87545118E-06   2.22113003E-16
     100           510     2.4233   5.100E+00   0.0041   0.0038   2.328E-10  -1.61621532E-11   1.88856666E-06   2.22113003E-16
     101         515.1     2.4214   5.100E+00   0.0041   0.0038   2.328E-10  -3.32649294E-12   1.90151025E-06   2.22113003E-16
     102         520.2     2.4198   5.100E+00   0.0041   0.0038   2.328E-10  -1.91483895E-12   1.91427807E-06   2.22113003E-16
     103         525.3     2.4211   5.100E+00   0.0041   0.0038   2.328E-10  -5.32675596E-12   1.92687003E-06   2.22113003E-16
     104         530.4     2.4187   5.100E+00   0.0040   0.0038   2.328E-10   1.36755017E-11   1.93928122E-06   2.22113003E-16
     105         535.5     2.4157   5.100E+00   0.0040   0.0038   2.328E-10   2.02394646E-11   1.95151028E-06   2.22113003E-16
     106         540.6     2.4214   5.100E+00   0.0040   0.0038   2.328E-10   2.67069656E-12   1.96355450E-06   2.22113003E-16
     107         545.7     2.4161   5.100E+00   0.0040   0.0038   2.328E-10  -5.66749165E-12   1.97541226E-06   2.22113003E-16
     108         550.8     2.4251   5.100E+00   0.0040   0.0038   2.328E-10   1.03698855E-11   1.98708130E-06   2.22113003E-16
     109         555.9     2.4193   5.100E+00   0.0040   0.0038   2.328E-10  -6.36731987E-12   1.99855936E-06   2.22113003E-16
     110           561     2.4185   5.100E+00   0.0040   0.0038   2.328E-10  -2.14320402E-11   2.00984709E-06   2.22113003E-16
     111         566.1     2.4213   5.100E+00   0.0040   0.0038   2.328E-10  -8.05252219E-12   2.02094361E-06   2.22113003E-16
     112         571.2     2.4251   5.100E+00   0.0039   0.0038   2.328E-10  -2.69913128E-12   2.03184254E-06   2.22113003E-16
     113         576.3     2.4231   5.100E+00   0.0039   0.0038   2.328E-10  -9.50544851E-12   2.04254775E-06   2.22113003E-16
     114         581.4     2.4243   5.100E+00   0.0039   0.0038   2.328E-10  -2.69109266E-11   2.05306037E-06   2.22113003E-16
     115         586.5     2.4183   5.100E+00   0.0039   0.0038   2.328E-10  -1.16781185E-11   2.06337563E-06   2.22113003E-16
     116         591.6     2.4265   5.100E+00   0.0039   0.0038   2.328E-10  -1.88245721E-11   2.07350695E-06   2.22113003E-16
     117         596.7     2.4198   5.100E+00   0.0039   0.0038   2.328E-10  -2.05746808E-11   2.08345682E-06   2.22113003E-16
     118         601.8     2.4299   5.100E+00   0.0039   0.0038   1.746E-10  -2.40885784E-11   2.09323116E-06   2.22113003E-16
     119         606.9     2.4183   5.100E+00   0.0038   0.0038   2.328E-10  -1.80455581E-11   2.10282701E-06   2.22113003E-16
     120           612     2.4249   5.100E+00   0.0038   0.0038   2.328E-10   9.70521059E-12   2.11225142E-06   2.22113003E-16
     121         617.1     2.4186   5.100E+00   0.0038   0.0038   2.328E-10  -1.59413940E-11   2.12150553E-06   2.22113003E-16
     122         622.2     2.4252   5.100E+00   0.0038   0.0038   2.328E-10   1.14494417E-12   2.13059275E-06   2.22113003E-16
     123         627.3     2.4219   5.100E+00   0.0038   0.0038   2.328E-10  -7.42036120E-12   2.13951671E-06   2.22113003E-16
     124         632.4     2.4221   5.100E+00   0.0038   0.0038   2.328E-10  -9.63634381E-12   2.14828492E-06   2.22113003E-16
     125         637.5     2.4269   5.100E+00   0.0037   0.0038   2.328E-10  -6.83703094E-12   2.15690079E-06   2.22113003E-16
     126         642.6     2.4243   5.100E+00   0.0037   0.0038   2.037E-10  -8.17393896E-12   2.16537046E-06   2.22113003E-16
     127         647.7     2.4217   5.100E+00   0.0037   0.0038   2.328E-10  -1.44803102E-11   2.17370234E-06   2.22113003E-16
     128         652.8     2.4214   5.100E+00   0.0037   0.0038   2.328E-10  -6.78532100E-13   2.18190166E-06   2.22113003E-16
     129         657.9     2.4221   5.100E+00   0.0037   0.0038   2.328E-10  -2.94940396E-12   2.18997479E-06   2.22113003E-16
     130           663     2.4300   5.100E+00   0.0036   0.0038   1.819E-10  -4.00160547E-12   2.19792992E-06   2.22113003E-16
     131         668.1     2.4163   5.100E+00   0.0036   0.0038   2.328E-10  -9.09908433E-12   2.20577317E-06   2.22113003E-16
     132         673.2     2.4212   5.100E+00   0.0036   0.0038   2.328E-10  -4.02500125E-12   2.21351274E-06   2.22113003E-16
     133         678.3     2.4294   5.100E+00   0.0036   0.0038   2.328E-10  -2.88713584E-12   2.22115432E-06   2.22113003E-16
     134         683.4     2.4246   5.100E+00   0.0036   0.0038   1.965E-10  -2.01346041E-11   2.22870563E-06   2.22113003E-16
     135         688.5     2.4274   5.100E+00   0.0036   0.0038   2.328E-10  -8.55786709E-12   2.23617371E-06   2.22113003E-16
     136         693.6     2.4225   5.100E+00   0.0036   0.0038   2.328E-10   4.55098199E-12   2.24356540E-06   2.22113003E-16
     137         698.7     2.4243   5.100E+00   0.0036   0.0038   2.328E-10  -9.04389519E-13   2.25088661E-06   2.22113003E-16
     138         703.8     2.4256   5.100E+00   0.0036   0.0038   1.746E-10   4.44876124E-13   2.25814551E-06   2.22113003E-16
     139         708.9     2.4194   5.100E+00   0.0036   0.0038   1.746E-10  -7.74448040E-12   2.26534553E-06   2.22113003E-16
     140           714     2.4285   5.100E+00   0.0036   0.0038   2.328E-10  -1.27539559E-11   2.27249438E-06   2.22113003E-16
     141         719.1     2.4225   5.100E+00   0.0036   0.0038   2.328E-10  -1.04688064E-11   2.27959617E-06   2.22113003E-16
     142         724.2     2.4246   5.100E+00   0.0036   0.0038   2.328E-10  -4.27713377E-12   2.28665522E-06   2.22113003E-16
     143         729.3     2.4207   5.100E+00   0.0036   0.0038   2.328E-10  -5.50576208E-12   2.29367674E-06   2.22113003E-16
     144         734.4     2.4242   5.100E+00   0.0036   0.0038   1.746E-10  -1.68862168E-12   2.30066394E-06   2.22113003E-16
     145         739.5     2.4202   5.100E+00   0.0036   0.0038   1.746E-10  -1.29377611E-11   2.30761998E-06   2.22113003E-16
     146         744.6     2.4235   5.100E+00   0.0036   0.0038   2.328E-10  -1.57643083E-11   2.31454760E-06   2.22113003E-16
     147         749.7     2.4250   5.100E+00   0.0036   0.0038   1.746E-10  -2.83703321E-11   2.32144839E-06   2.22113003E-16
     148         754.8     2.4239   5.100E+00   0.0036   0.0038   1.746E-10  -2.75057754E-11   2.32832508E-06   2.22113003E-16
     149         759.9     2.4164   5.100E+00   0.0036   0.0038   2.328E-10  -8.13926563E-13   2.33517630E-06   2.22113003E-16
     150           765     2.4228   5.100E+00   0.0036   0.0038   2.328E-10  -3.31857453E-13   2.34200479E-06   2.22113003E-16
     151         770.1     2.4230   5.100E+00   0.0036   0.0038   2.328E-10  -2.21788993E-11   2.34880713E-06   2.22113003E-16
     152         775.2     2.4221   5.100E+00   0.0036   0.0038   2.328E-10  -2.84759126E-11   2.35558537E-06   2.22113003E-16
     153         780.3     2.4293   5.100E+00   0.0036   0.0038   2.328E-10  -2.13869287E-11   2.36233404E-06   2.22113003E-16
     154         785.4     2.4265   5.100E+00   0.0036   0.0038   2.328E-10  -1.72859817E-11   2.36905589E-06   2.22113003E-16
     155         790.5     2.4241   5.100E+00   0.0036   0.0038   1.746E-10  -1.41095798E-11   2.37574568E-06   2.22113003E-16
     156         795.6     2.4244   5.100E+00   0.0035   0.0038   1.746E-10  -1.88467679E-11   2.38240227E-06   2.22113003E-16
     157         800.7     2.4233   5.100E+00   0.0035   0.0038   2.328E-10  -6.38279685E-13   2.38901725E-06   2.22113003E-16
     158         805.8     2.4171   5.100E+00   0.0035   0.0038   2.328E-10  -9.85134283E-12   2.39559245E-06   2.22113003E-16
     159         810.9     2.4216   5.100E+00   0.0035   0.0038   2.328E-10  -2.31328394E-11   2.40212034E-06   2.22113003E-16
     160           816     2.4261   5.100E+00   0.0035   0.0038   2.328E-10   5.10599766E-12   2.40860004E-06   2.22113003E-16
     161         821.1     2.4216   5.100E+00   0.0035   0.0038   2.328E-10  -1.56736048E-11   2.41502403E-06   2.22113003E-16
     162         826.2     2.4241   5.100E+00   0.0035   0.0038   1.746E-10  -1.18789605E-11   2.42138890E-06   2.22113003E-16
     163         831.3     2.4181   5.100E+00   0.0035   0.0038   2.328E-10  -6.61507307E-12   2.42768760E-06   2.22113003E-16
     164         836.4     2.4277   5.100E+00   0.0035   0.0038   1.746E-10  -4.18049189E-12   2.43391537E-06   2.22113003E-16
     165         841.5     2.4227   5.100E+00   0.0035   0.0038   2.328E-10   2.83482569E-12   2.44006969E-06   2.22113003E-16
     166         846.6     2.4171   5.100E+00   0.0035   0.0038   2.328E-10  -7.55665582E-12   2.44614785E-06   2.22113003E-16
     167         851.7     2.4275   5.100E+00   0.0035   0.0038   2.328E-10  -2.89241482E-12   2.45213732E-06   2.22113003E-16
     168         856.8     2.4228   5.100E+00   0.0035   0.0038   2.328E-10  -2.77622873E-11   2.45804245E-06   2.22113003E-16
     169         861.9     2.4269   5.100E+00   0.0034   0.0038   2.328E-10  -6.06797598E-12   2.46385298E-06   2.22113003E-16
     170           867     2.4248   5.100E+00   0.0034   0.0038   2.328E-10  -1.31907931E-11   2.46956756E-06   2.22113003E-16
     171         872.1     2.4268   5.100E+00   0.0034   0.0038   2.328E-10  -1.40651883E-11   2.47517778E-06   2.22113003E-16
     172         877.2     2.4254   5.100E+00   0.0034   0.0038   1.746E-10  -9.37503287E-12   2.48068591E-06   2.22113003E-16
     173         882.3     2.4268   5.100E+00   0.0034   0.0038   1.746E-10   1.41484532E-11   2.48608558E-06   2.22113003E-16
     174         887.4     2.4241   5.100E+00   0.0034   0.0038   2.328E-10  -6.12220604E-12   2.49137497E-06   2.22113003E-16
     175         892.5     2.4331   5.100E+00   0.0034   0.0038   1.746E-10  -1.17527446E-11   2.49655409E-06   2.22113003E-16
     176         897.6     2.4286   2.400E+00   0.0016   0.0018   1.746E-10  -2.90177301E-12   2.50161679E-06   2.22113003E-16
     177           900     2.4270   5.100E+00   0.0034   0.0038   2.328E-10  -1.04291541E-11   2.50393623E-06   2.22113003E-16
