    ITER          TIME      CPUDT          DT      CFL     DNUM         DIV              MOM              TKE             MASS
       0             0     0.0021   3.500E+00   0.0000   0.0000   0.000E+00   0.00000000E+00   0.00000000E+00   0.00000000E+00
       1           3.5     6.7325   3.500E+00   0.0000   0.0026   1.842E-11  -1.42576337E-12   9.32218955E-11   2.22017050E-16
       2             7     0.5891   3.500E+00   0.0000   0.0027   1.955E-11   3.51807060E-12   3.72777587E-10   2.22017050E-16
       3          10.5     0.5911   3.500E+00   0.0000   0.0027   1.955E-11  -8.20502845E-13   8.38490999E-10   2.22017050E-16
       4            14     0.5879   3.500E+00   0.0001   0.0027   2.137E-11   3.34013654E-12   1.49018475E-09   2.22017050E-16
       5          17.5     0.5895   3.500E+00   0.0001   0.0027   2.001E-11  -8.14650159E-13   2.32769182E-09   2.22017050E-16
       6            21     0.5896   3.500E+00   0.0001   0.0027   2.001E-11   4.49759197E-12   3.35092509E-09   2.22017050E-16
       7          24.5     0.5891   3.500E+00   0.0001   0.0027   2.183E-11  -1.08656020E-12   4.55958293E-09   2.22017050E-16
       8            28     0.5907   3.500E+00   0.0001   0.0027   2.092E-11   4.02137958E-12   5.95374194E-09   2.22017050E-16
       9          31.5     0.5905   3.500E+00   0.0001   0.0026   2.274E-11  -3.04505596E-12   7.53317320E-09   2.22017050E-16
      10            35     0.5878   3.500E+00   0.0002   0.0026   2.092E-11  -4.43391424E-14   9.29755029E-09   2.22017050E-16
      11          38.5     0.5873   3.500E+00   0.0002   0.0026   2.183E-11  -1.27738423E-12   1.12471445E-08   2.22017050E-16
      12            42     0.5856   3.500E+00   0.0002   0.0026   2.183E-11   8.68066361E-13   1.33816958E-08   2.22017050E-16
      13          45.5     0.5943   3.500E+00   0.0002   0.0026   2.547E-11  -2.85337704E-12   1.57010138E-08   2.22017050E-16
      14            49     0.5877   3.500E+00   0.0002   0.0026   2.547E-11   1.19017567E-12   1.82046485E-08   2.22017050E-16
      15          52.5     0.5937   3.500E+00   0.0002   0.0026   2.910E-11  -2.96494112E-13   2.08927506E-08   2.22017050E-16
      16            56     0.5909   3.500E+00   0.0003   0.0026   2.728E-11  -1.83310439E-13   2.37645139E-08   2.22017050E-16
      17          59.5     0.5890   3.500E+00   0.0003   0.0026   2.728E-11   1.28104352E-12   2.68198921E-08   2.22017050E-16
      18            63     0.5884   3.500E+00   0.0003   0.0026   3.274E-11  -5.07414369E-13   3.00578229E-08   2.22017050E-16
      19          66.5     0.5914   3.500E+00   0.0003   0.0026   3.092E-11   1.15610202E-12   3.34773915E-08   2.22017050E-16
      20            70     0.5874   3.500E+00   0.0003   0.0026   3.274E-11  -4.72185984E-13   3.70779105E-08   2.22017050E-16
      21          73.5     0.5872   3.500E+00   0.0003   0.0026   3.638E-11   1.81069862E-12   4.08584597E-08   2.22017050E-16
      22            77     0.5860   3.500E+00   0.0004   0.0026   3.092E-11   1.05539600E-12   4.48167476E-08   2.22017050E-16
      23          80.5     0.5912   3.500E+00   0.0004   0.0026   3.638E-11   8.27574012E-13   4.89519714E-08   2.22017050E-16
      24            84     0.5885   3.500E+00   0.0004   0.0026   3.638E-11   1.39299737E-12   5.32615410E-08   2.22017050E-16
      25          87.5     0.5895   3.500E+00   0.0004   0.0026   3.456E-11  -1.77848469E-12   5.77441668E-08   2.22017050E-16
      26            91     0.5904   3.500E+00   0.0004   0.0026   3.638E-11  -1.93430536E-12   6.23971630E-08   2.22017050E-16
      27          94.5     0.5881   3.500E+00   0.0004   0.0026   3.638E-11   1.51045528E-12   6.72188634E-08   2.22017050E-16
      28            98     0.5874   3.500E+00   0.0005   0.0026   4.184E-11  -4.17359333E-12   7.22059070E-08   2.22017050E-16
      29         101.5     0.5882   3.500E+00   0.0005   0.0026   3.638E-11   1.09998263E-12   7.73575337E-08   2.22017050E-16
      30           105     0.5885   3.500E+00   0.0005   0.0026   4.366E-11   1.75412929E-12   8.26703186E-08   2.22017050E-16
      31         108.5     0.5919   3.500E+00   0.0005   0.0026   3.729E-11  -3.24322860E-12   8.81423929E-08   2.22017050E-16
      32           112     0.5892   3.500E+00   0.0005   0.0026   4.366E-11   1.26153222E-12   9.37685769E-08   2.22017050E-16
      33         115.5     0.5901   3.500E+00   0.0005   0.0026   4.002E-11   2.80543123E-12   9.95467744E-08   2.22017050E-16
      34           119     0.5892   3.500E+00   0.0005   0.0026   4.002E-11  -4.08043087E-12   1.05471010E-07   2.22017050E-16
      35         122.5     0.5876   3.500E+00   0.0006   0.0026   4.002E-11   2.92102930E-12   1.11541418E-07   2.22017050E-16
      36           126     0.5930   3.500E+00   0.0006   0.0026   4.547E-11  -1.96292006E-12   1.17751952E-07   2.22017050E-16
      37         129.5     0.5878   3.500E+00   0.0006   0.0026   5.093E-11  -3.70157203E-12   1.24102044E-07   2.22017050E-16
      38           133     0.5893   3.500E+00   0.0006   0.0026   4.366E-11   2.32522161E-12   1.30583629E-07   2.22017050E-16
      39         136.5     0.5898   3.500E+00   0.0006   0.0026   4.729E-11  -2.49468978E-12   1.37197219E-07   2.22017050E-16
      40           140     0.5905   3.500E+00   0.0006   0.0026   4.457E-11   7.96589845E-13   1.43936646E-07   2.22017050E-16
      41         143.5     0.5896   3.500E+00   0.0006   0.0026   5.093E-11  -5.21280718E-12   1.50800545E-07   2.22017050E-16
      42           147     0.5890   3.500E+00   0.0007   0.0026   5.457E-11  -3.40741758E-12   1.57782651E-07   2.22017050E-16
      43         150.5     0.5881   3.500E+00   0.0007   0.0026   5.093E-11   1.46822319E-13   1.64882309E-07   2.22017050E-16
      44           154     0.5880   3.500E+00   0.0007   0.0026   4.729E-11  -1.03420506E-12   1.72092712E-07   2.22017050E-16
      45         157.5     0.5905   3.500E+00   0.0007   0.0026   6.639E-11  -6.94899997E-12   1.79413036E-07   2.22017050E-16
      46           161     0.5871   3.500E+00   0.0007   0.0026   5.639E-11  -6.10384952E-13   1.86836260E-07   2.22017050E-16
      47         164.5     0.5882   3.500E+00   0.0007   0.0026   5.275E-11   6.06257709E-12   1.94361832E-07   2.22017050E-16
      48           168     0.5874   3.500E+00   0.0007   0.0026   5.821E-11   2.76847799E-13   2.01982417E-07   2.22017050E-16
      49         171.5     0.5896   3.500E+00   0.0008   0.0026   6.548E-11   5.68092882E-13   2.09697731E-07   2.22017050E-16
      50           175     0.5897   3.500E+00   0.0008   0.0026   6.548E-11  -3.66080994E-12   2.17500485E-07   2.22017050E-16
      51         178.5     0.5890   3.500E+00   0.0008   0.0026   6.548E-11  -8.84473267E-13   2.25389655E-07   2.22017050E-16
      52           182     0.5887   3.500E+00   0.0008   0.0026   6.730E-11  -1.25268383E-12   2.33357937E-07   2.22017050E-16
      53         185.5     0.5885   3.500E+00   0.0008   0.0026   6.094E-11  -4.54897231E-12   2.41405218E-07   2.22017050E-16
      54           189     0.5882   3.500E+00   0.0008   0.0026   7.230E-11   2.35905523E-12   2.49522799E-07   2.22017050E-16
      55         192.5     0.5944   3.500E+00   0.0008   0.0026   7.094E-11  -7.02161636E-12   2.57711690E-07   2.22017050E-16
      56           196     0.5910   3.500E+00   0.0008   0.0026   7.185E-11  -4.16357530E-12   2.65964303E-07   2.22017050E-16
      57         199.5     0.5896   3.500E+00   0.0009   0.0026   6.480E-11   4.10094701E-12   2.74281660E-07   2.22017050E-16
      58           203     0.5891   3.500E+00   0.0009   0.0026   7.276E-11   2.15053452E-12   2.82656060E-07   2.22017050E-16
      59         206.5     0.5896   3.500E+00   0.0009   0.0026   7.458E-11  -3.10981384E-12   2.91086479E-07   2.22017050E-16
      60           210     0.5886   3.500E+00   0.0009   0.0026   6.548E-11  -3.47022584E-12   2.99565386E-07   2.22017050E-16
      61         213.5     0.5891   3.500E+00   0.0009   0.0026   6.844E-11  -6.42238910E-12   3.08093945E-07   2.22017050E-16
      62           217     0.5870   3.500E+00   0.0009   0.0026   7.094E-11  -4.28451241E-12   3.16664568E-07   2.22017050E-16
      63         220.5     0.5882   3.500E+00   0.0009   0.0026   7.276E-11  -1.16612015E-12   3.25277512E-07   2.22017050E-16
      64           224     0.5874   3.500E+00   0.0009   0.0026   7.276E-11  -5.72975998E-12   3.33926579E-07   2.22017050E-16
      65         227.5     0.5898   3.500E+00   0.0009   0.0026   6.912E-11   2.58983178E-12   3.42611457E-07   2.22017050E-16
      66           231     0.5891   3.500E+00   0.0010   0.0026   6.912E-11  -1.26240208E-12   3.51325440E-07   2.22017050E-16
      67         234.5     0.5912   3.500E+00   0.0010   0.0026   7.276E-11   9.36153498E-13   3.60068697E-07   2.22017050E-16
      68           238     0.5882   3.500E+00   0.0010   0.0026   7.344E-11   2.73419460E-12   3.68835089E-07   2.22017050E-16
      69         241.5     0.5907   3.500E+00   0.0010   0.0026   6.548E-11   1.18414675E-12   3.77624815E-07   2.22017050E-16
      70           245     0.5899   3.500E+00   0.0010   0.0026   7.458E-11   2.36295467E-13   3.86430884E-07   2.22017050E-16
      71         248.5     0.5881   3.500E+00   0.0010   0.0026   7.640E-11   5.53971582E-12   3.95254773E-07   2.22017050E-16
      72           252     0.5882   3.500E+00   0.0010   0.0026   7.185E-11   6.11944653E-12   4.04090656E-07   2.22017050E-16
      73         255.5     0.5890   3.500E+00   0.0010   0.0026   7.094E-11  -9.60832889E-12   4.12939187E-07   2.22017050E-16
      74           259     0.5878   3.500E+00   0.0010   0.0026   8.731E-11   2.64988053E-12   4.21795363E-07   2.22017050E-16
      75         262.5     0.5888   3.500E+00   0.0010   0.0026   8.731E-11  -3.77376862E-12   4.30660265E-07   2.22017050E-16
      76           266     0.5928   3.500E+00   0.0010   0.0026   7.276E-11   1.73049379E-12   4.39526474E-07   2.22017050E-16
      77         269.5     0.5890   3.500E+00   0.0011   0.0026   7.276E-11  -8.06451954E-12   4.48396179E-07   2.22017050E-16
      78           273     0.5877   3.500E+00   0.0011   0.0026   7.640E-11  -1.29131655E-12   4.57262104E-07   2.22017050E-16
      79         276.5     0.5892   3.500E+00   0.0011   0.0026   7.276E-11   1.37674052E-12   4.66126153E-07   2.22017050E-16
      80           280     0.5896   3.500E+00   0.0011   0.0026   7.276E-11  -2.20296481E-12   4.74983352E-07   2.22017050E-16
      81         283.5     0.5894   3.500E+00   0.0011   0.0026   8.004E-11  -7.43319902E-13   4.83835549E-07   2.22017050E-16
      82           287     0.5907   3.500E+00   0.0011   0.0026   7.640E-11   1.99834333E-12   4.92677259E-07   2.22017050E-16
      83         290.5     0.5899   3.500E+00   0.0011   0.0026   7.640E-11  -7.06006922E-13   5.01508680E-07   2.22017050E-16
      84           294     0.5904   3.500E+00   0.0011   0.0026   7.276E-11  -3.08161916E-12   5.10325322E-07   2.22017050E-16
      85         297.5     0.5918   3.500E+00   0.0011   0.0026   8.731E-11  -2.15059459E-12   5.19127582E-07   2.22017050E-16
      86           301     0.5886   3.500E+00   0.0011   0.0026   8.777E-11   5.31667765E-12   5.27911709E-07   2.22017050E-16
      87         304.5     0.5892   3.500E+00   0.0011   0.0026   7.367E-11   5.27918464E-12   5.36681057E-07   2.22017050E-16
      88           308     0.5924   3.500E+00   0.0011   0.0026   8.731E-11  -2.23433880E-12   5.45430453E-07   2.22017050E-16
      89         311.5     0.5910   3.500E+00   0.0011   0.0026   7.458E-11   3.91348239E-12   5.54160636E-07   2.22017050E-16
      90           315     0.5897   3.500E+00   0.0011   0.0026   8.004E-11   3.47106567E-12   5.62867172E-07   2.22017050E-16
      91         318.5     0.5898   3.500E+00   0.0012   0.0026   8.731E-11  -9.13375799E-12   5.71552448E-07   2.22017050E-16
      92           322     0.5883   3.500E+00   0.0012   0.0026   8.004E-11  -8.61845491E-12   5.80210099E-07   2.22017050E-16
      93         325.5     0.5904   3.500E+00   0.0012   0.0026   8.004E-11  -2.29600713E-12   5.88843648E-07   2.22017050E-16
      94           329     0.5884   3.500E+00   0.0012   0.0026   8.731E-11   9.16027304E-14   5.97449173E-07   2.22017050E-16
      95         332.5     0.5895   3.500E+00   0.0012   0.0026   8.731E-11  -1.68820177E-12   6.06027584E-07   2.22017050E-16
      96           336     0.5892   3.500E+00   0.0012   0.0026   8.731E-11   3.12085167E-12   6.14577232E-07   2.22017050E-16
      97         339.5     0.5887   3.500E+00   0.0012   0.0026   9.231E-11  -7.07554631E-12   6.23098686E-07   2.22017050E-16
      98           343     0.5871   3.500E+00   0.0012   0.0026   8.004E-11  -7.54537763E-13   6.31587966E-07   2.22017050E-16
      99         346.5     0.5898   3.500E+00   0.0012   0.0026   8.731E-11  -1.17955765E-12   6.40047858E-07   2.22017050E-16
     100           350     0.5896   3.500E+00   0.0012   0.0026   8.822E-11   9.79495348E-13   6.48475009E-07   2.22017050E-16
     101         353.5     0.5880   3.500E+00   0.0012   0.0026   1.110E-10   6.08165341E-12   6.56872146E-07   2.22017050E-16
     102           357     0.5912   3.500E+00   0.0012   0.0026   8.731E-11  -1.84315258E-12   6.65235461E-07   2.22017050E-16
     103         360.5     0.5899   3.500E+00   0.0012   0.0026   9.459E-11  -7.44591628E-12   6.73567399E-07   2.22017050E-16
     104           364     0.5893   3.500E+00   0.0012   0.0026   8.731E-11   6.40409297E-12   6.81864776E-07   2.22017050E-16
     105         367.5     0.5925   3.500E+00   0.0012   0.0026   9.459E-11   4.37521503E-12   6.90129639E-07   2.22017050E-16
     106           371     0.5916   3.500E+00   0.0012   0.0026   8.731E-11   7.92810533E-13   6.98359941E-07   2.22017050E-16
     107         374.5     0.5913   3.500E+00   0.0012   0.0026   9.459E-11   5.13767154E-12   7.06558581E-07   2.22017050E-16
     108           378     0.5893   3.500E+00   0.0012   0.0026   8.731E-11   5.13383227E-13   7.14721637E-07   2.22017050E-16
     109         381.5     0.5915   3.500E+00   0.0012   0.0026   8.731E-11   3.85571306E-12   7.22852064E-07   2.22017050E-16
     110           385     0.5954   3.500E+00   0.0013   0.0026   8.731E-11  -5.07024435E-13   7.30947704E-07   2.22017050E-16
     111         388.5     0.5907   3.500E+00   0.0013   0.0026   8.004E-11  -1.14722370E-12   7.39010659E-07   2.22017050E-16
     112           392     0.5884   3.500E+00   0.0013   0.0026   1.019E-10   3.92374024E-12   7.47039223E-07   2.22017050E-16
     113         395.5     0.5902   3.500E+00   0.0013   0.0026   8.731E-11   1.60037836E-12   7.55035842E-07   2.22017050E-16
     114           399     0.5904   3.500E+00   0.0013   0.0026   1.060E-10  -6.20103101E-12   7.62997331E-07   2.22017050E-16
     115         402.5     0.5901   3.500E+00   0.0013   0.0026   9.459E-11  -2.78539496E-12   7.70927272E-07   2.22017050E-16
     116           406     0.5917   3.500E+00   0.0013   0.0026   1.091E-10  -1.10115237E-12   7.78822539E-07   2.22017050E-16
     117         409.5     0.5909   3.500E+00   0.0013   0.0026   8.731E-11  -1.86084915E-12   7.86685803E-07   2.22017050E-16
     118           413     0.5899   3.500E+00   0.0013   0.0026   8.731E-11   4.29267082E-12   7.94515813E-07   2.22017050E-16
     119         416.5     0.5908   3.500E+00   0.0013   0.0026   8.731E-11  -1.79546157E-12   8.02314617E-07   2.22017050E-16
     120           420     0.5891   3.500E+00   0.0013   0.0026   8.731E-11  -1.29599565E-12   8.10080905E-07   2.22017050E-16
     121         423.5     0.5889   3.500E+00   0.0013   0.0026   8.731E-11  -1.91387921E-12   8.17817579E-07   2.22017050E-16
     122           427     0.5919   3.500E+00   0.0013   0.0026   8.731E-11  -1.00676620E-11   8.25522307E-07   2.22017050E-16
     123         430.5     0.5894   3.500E+00   0.0013   0.0026   8.731E-11  -2.28688899E-12   8.33198101E-07   2.22017050E-16
     124           434     0.5903   3.500E+00   0.0013   0.0026   1.019E-10   8.16686042E-12   8.40843143E-07   2.22017050E-16
     125         437.5     0.5906   3.500E+00   0.0013   0.0026   9.095E-11  -1.98070661E-12   8.48459763E-07   2.22017050E-16
     126           441     0.5912   3.500E+00   0.0013   0.0026   9.823E-11   2.32648146E-12   8.56047620E-07   2.22017050E-16
     127         444.5     0.5908   3.500E+00   0.0013   0.0026   8.731E-11  -4.00364507E-12   8.63608875E-07   2.22017050E-16
     128           448     0.5897   3.500E+00   0.0013   0.0026   9.459E-11  -5.03557092E-12   8.71142049E-07   2.22017050E-16
     129         451.5     0.5908   3.500E+00   0.0013   0.0026   8.731E-11   3.21659366E-12   8.78650383E-07   2.22017050E-16
     130           455     0.5923   3.500E+00   0.0013   0.0026   8.731E-11   1.21069181E-12   8.86132227E-07   2.22017050E-16
     131         458.5     0.5908   3.500E+00   0.0013   0.0026   8.731E-11  -4.39741082E-12   8.93590254E-07   2.22017050E-16
     132           462     0.5884   3.500E+00   0.0013   0.0026   8.731E-11   4.26675579E-12   9.01022702E-07   2.22017050E-16
     133         465.5     0.5902   3.500E+00   0.0013   0.0026   9.459E-11  -1.58946033E-12   9.08432980E-07   2.22017050E-16
     134           469     0.5899   3.500E+00   0.0013   0.0026   8.731E-11  -4.29159095E-12   9.15819726E-07   2.22017050E-16
     135         472.5     0.5904   3.500E+00   0.0013   0.0026   9.459E-11   1.66768556E-14   9.23186235E-07   2.22017050E-16
     136           476     0.5906   3.500E+00   0.0013   0.0026   8.731E-11  -9.02565869E-12   9.30530803E-07   2.22017050E-16
     137         479.5     0.5917   3.500E+00   0.0013   0.0026   8.731E-11  -8.35882405E-12   9.37856043E-07   2.22017050E-16
     138           483     0.5917   3.500E+00   0.0013   0.0026   8.731E-11  -1.38117963E-11   9.45160991E-07   2.22017050E-16
     139         486.5     0.5908   3.500E+00   0.0013   0.0026   8.731E-11  -1.03756446E-12   9.52447579E-07   2.22017050E-16
     140           490     0.5915   3.500E+00   0.0013   0.0026   8.731E-11  -9.26633336E-12   9.59715294E-07   2.22017050E-16
     141         493.5     0.5904   3.500E+00   0.0013   0.0026   8.731E-11   4.03124019E-12   9.66966354E-07   2.22017050E-16
     142           497     0.5903   3.500E+00   0.0013   0.0026   1.019E-10   5.27972457E-12   9.74200361E-07   2.22017050E-16
     143         500.5     0.5914   3.500E+00   0.0013   0.0026   9.368E-11   4.99345877E-12   9.81418907E-07   2.22017050E-16
     144           504     0.5915   3.500E+00   0.0013   0.0026   8.731E-11  -6.05093926E-12   9.88621991E-07   2.22017050E-16
     145         507.5     0.5914   3.500E+00   0.0013   0.0026   1.019E-10  -9.10148476E-13   9.95810979E-07   2.22017050E-16
     146           511     0.5948   3.500E+00   0.0013   0.0026   9.459E-11  -1.71927587E-12   1.00298485E-06   2.22017050E-16
     147         514.5     0.5923   3.500E+00   0.0013   0.0026   8.731E-11  -2.71964721E-12   1.01014564E-06   2.22017050E-16
     148           518     0.5898   3.500E+00   0.0013   0.0026   1.019E-10   9.52044520E-12   1.01729324E-06   2.22017050E-16
     149         521.5     0.5924   3.500E+00   0.0013   0.0026   8.731E-11   2.57015546E-12   1.02442903E-06   2.22017050E-16
     150           525     0.5918   3.500E+00   0.0013   0.0026   8.731E-11  -5.61782088E-12   1.03155219E-06   2.22017050E-16
     151         528.5     0.5908   3.500E+00   0.0013   0.0026   9.459E-11  -1.45268615E-11   1.03866535E-06   2.22017050E-16
     152           532     0.5910   3.500E+00   0.0013   0.0026   8.731E-11  -2.69013284E-12   1.04576679E-06   2.22017050E-16
     153         535.5     0.5933   3.500E+00   0.0013   0.0026   9.459E-11  -5.66869121E-12   1.05285949E-06   2.22017050E-16
     154           539     0.5920   3.500E+00   0.0013   0.0026   8.731E-11  -4.69039564E-12   1.05994195E-06   2.22017050E-16
     155         542.5     0.5920   3.500E+00   0.0013   0.0026   1.019E-10  -5.21997593E-12   1.06701680E-06   2.22017050E-16
     156           546     0.5923   3.500E+00   0.0013   0.0026   8.731E-11  -4.79573586E-12   1.07408232E-06   2.22017050E-16
     157         549.5     0.5936   3.500E+00   0.0013   0.0026   1.019E-10  -3.41887543E-12   1.08114045E-06   2.22017050E-16
     158           553     0.5910   3.500E+00   0.0013   0.0026   8.731E-11   8.96231060E-13   1.08818995E-06   2.22017050E-16
     159         556.5     0.5913   3.500E+00   0.0013   0.0026   8.731E-11   2.42018384E-12   1.09523262E-06   2.22017050E-16
     160           560     0.5909   3.500E+00   0.0013   0.0026   9.459E-11   2.91880973E-12   1.10226756E-06   2.22017050E-16
     161         563.5     0.5912   3.500E+00   0.0013   0.0026   8.731E-11  -1.66528602E-13   1.10929591E-06   2.22017050E-16
     162           567     0.5912   3.500E+00   0.0013   0.0026   8.731E-11  -1.13275448E-11   1.11631732E-06   2.22017050E-16
     163         570.5     0.5905   3.500E+00   0.0013   0.0026   8.731E-11  -6.99732113E-12   1.12333271E-06   2.22017050E-16
     164           574     0.5934   3.500E+00   0.0013   0.0026   1.019E-10  -1.16968353E-11   1.13034093E-06   2.22017050E-16
     165         577.5     0.5907   3.500E+00   0.0013   0.0026   9.095E-11  -1.70833400E-11   1.13734291E-06   2.22017050E-16
     166           581     0.5919   3.500E+00   0.0013   0.0026   1.019E-10  -7.24519403E-12   1.14433726E-06   2.22017050E-16
     167         584.5     0.5923   3.500E+00   0.0014   0.0026   8.731E-11  -8.05192198E-12   1.15132605E-06   2.22017050E-16
     168           588     0.5898   3.500E+00   0.0014   0.0026   1.164E-10  -7.34285549E-12   1.15830733E-06   2.22017050E-16
     169         591.5     0.5926   3.500E+00   0.0014   0.0026   8.731E-11  -7.65695667E-12   1.16528236E-06   2.22017050E-16
     170           595     0.5936   3.500E+00   0.0014   0.0026   8.731E-11  -1.98946502E-12   1.17224943E-06   2.22017050E-16
     171         598.5     0.5916   3.500E+00   0.0014   0.0026   8.731E-11  -1.19269516E-11   1.17921013E-06   2.22017050E-16
     172           602     0.5914   3.500E+00   0.0014   0.0026   8.731E-11   4.10178662E-12   1.18616219E-06   2.22017050E-16
     173         605.5     0.5906   3.500E+00   0.0014   0.0026   1.164E-10  -4.33838208E-12   1.19310675E-06   2.22017050E-16
     174           609     0.5909   3.500E+00   0.0014   0.0026   8.731E-11  -5.34139313E-12   1.20004245E-06   2.22017050E-16
     175         612.5     0.5930   3.500E+00   0.0014   0.0026   9.095E-11  -4.00052604E-12   1.20697007E-06   2.22017050E-16
     176           616     0.5921   3.500E+00   0.0014   0.0026   8.731E-11   4.14473881E-12   1.21388780E-06   2.22017050E-16
     177         619.5     0.5917   3.500E+00   0.0014   0.0026   1.019E-10  -2.92528848E-12   1.22079587E-06   2.22017050E-16
     178           623     0.5918   3.500E+00   0.0014   0.0026   8.731E-11   3.72505759E-12   1.22769291E-06   2.22017050E-16
     179         626.5     0.5918   3.500E+00   0.0014   0.0026   9.459E-11  -4.41516778E-13   1.23457926E-06   2.22017050E-16
     180           630     0.5916   3.500E+00   0.0014   0.0026   8.731E-11  -2.87657767E-12   1.24145276E-06   2.22017050E-16
     181         633.5     0.5923   3.500E+00   0.0014   0.0026   1.164E-10   1.94603312E-13   1.24831411E-06   2.22017050E-16
     182           637     0.5907   3.500E+00   0.0014   0.0026   9.459E-11   7.38100878E-13   1.25516124E-06   2.22017050E-16
     183         640.5     0.5922   3.500E+00   0.0014   0.0026   8.731E-11  -7.16216973E-12   1.26199473E-06   2.22017050E-16
     184           644     0.5907   3.500E+00   0.0014   0.0026   1.019E-10  -3.10453486E-12   1.26881264E-06   2.22017050E-16
     185         647.5     0.5895   3.500E+00   0.0014   0.0026   8.731E-11   2.71916734E-12   1.27561509E-06   2.22017050E-16
     186           651     0.5913   3.500E+00   0.0014   0.0026   8.731E-11  -2.04921366E-12   1.28239981E-06   2.22017050E-16
     187         654.5     0.5920   3.500E+00   0.0014   0.0026   1.019E-10  -1.39994414E-11   1.28916804E-06   2.22017050E-16
     188           658     0.5918   3.500E+00   0.0014   0.0026   8.731E-11  -9.31792317E-12   1.29591672E-06   2.22017050E-16
     189         661.5     0.5909   3.500E+00   0.0014   0.0026   8.731E-11   1.29575577E-14   1.30264675E-06   2.22017050E-16
     190           665     0.5923   3.500E+00   0.0014   0.0026   8.731E-11  -7.55329653E-12   1.30935564E-06   2.22017050E-16
     191         668.5     0.5906   3.500E+00   0.0014   0.0026   8.731E-11   6.85598757E-12   1.31604361E-06   2.22017050E-16
     192           672     0.5916   3.500E+00   0.0014   0.0026   1.164E-10  -1.32608603E-11   1.32270839E-06   2.22017050E-16
     193         675.5     0.5918   3.500E+00   0.0014   0.0026   8.731E-11  -1.28495773E-11   1.32935111E-06   2.22017050E-16
     194           679     0.5905   3.500E+00   0.0014   0.0026   8.731E-11  -2.89385459E-13   1.33596961E-06   2.22017050E-16
     195         682.5     0.5929   3.500E+00   0.0014   0.0026   9.913E-11  -7.93578397E-12   1.34256356E-06   2.22017050E-16
     196           686     0.5948   3.500E+00   0.0014   0.0026   8.731E-11   2.03001732E-13   1.34913114E-06   2.22017050E-16
     197         689.5     0.5915   3.500E+00   0.0014   0.0026   1.019E-10  -4.64360451E-12   1.35567291E-06   2.22017050E-16
     198           693     0.5930   3.500E+00   0.0014   0.0026   8.731E-11  -2.14999473E-13   1.36218625E-06   2.22017050E-16
     199         696.5     0.5933   3.500E+00   0.0014   0.0026   1.019E-10  -1.00046742E-11   1.36867186E-06   2.22017050E-16
     200           700     0.5932   3.500E+00   0.0014   0.0026   8.731E-11  -9.08468700E-12   1.37512779E-06   2.22017050E-16
     201         703.5     0.5907   3.500E+00   0.0014   0.0026   1.164E-10  -4.21312594E-12   1.38155463E-06   2.22017050E-16
     202           707     0.5920   3.500E+00   0.0014   0.0026   1.019E-10  -1.06861455E-11   1.38794985E-06   2.22017050E-16
     203         710.5     0.5935   3.500E+00   0.0014   0.0026   8.731E-11  -1.15658195E-11   1.39431427E-06   2.22017050E-16
     204           714     0.5901   3.500E+00   0.0014   0.0026   8.731E-11  -1.16718796E-11   1.40064560E-06   2.22017050E-16
     205         717.5     0.5913   3.500E+00   0.0014   0.0026   1.019E-10  -5.08224192E-12   1.40694453E-06   2.22017050E-16
     206           721     0.5916   3.500E+00   0.0014   0.0026   8.731E-11  -2.60590876E-12   1.41320913E-06   2.22017050E-16
     207         724.5     0.5924   3.500E+00   0.0014   0.0026   8.731E-11  -1.09630534E-11   1.41943974E-06   2.22017050E-16
     208           728     0.5897   3.500E+00   0.0014   0.0026   8.731E-11   1.02614254E-11   1.42563465E-06   2.22017050E-16
     209         731.5     0.5908   3.500E+00   0.0014   0.0026   1.019E-10  -7.13529496E-12   1.43179477E-06   2.22017050E-16
     210           735     0.5916   3.500E+00   0.0014   0.0026   8.731E-11  -3.78024738E-12   1.43791783E-06   2.22017050E-16
     211         738.5     0.5894   3.500E+00   0.0014   0.0026   8.731E-11  -5.79634734E-12   1.44400474E-06   2.22017050E-16
     212           742     0.5901   3.500E+00   0.0014   0.0026   8.731E-11   1.63889106E-12   1.45005345E-06   2.22017050E-16
     213         745.5     0.5922   3.500E+00   0.0014   0.0026   8.731E-11   2.70908925E-12   1.45606566E-06   2.22017050E-16
     214           749     0.5921   3.500E+00   0.0014   0.0026   9.459E-11   5.92592295E-12   1.46203911E-06   2.22017050E-16
     215         752.5     0.5926   3.500E+00   0.0014   0.0026   1.164E-10   3.87263008E-12   1.46797379E-06   2.22017050E-16
     216           756     0.5913   3.500E+00   0.0014   0.0026   8.731E-11  -5.34619224E-13   1.47387016E-06   2.22017050E-16
     217         759.5     0.5914   3.500E+00   0.0014   0.0026   1.164E-10   5.62693934E-13   1.47972730E-06   2.22017050E-16
     218           763     0.5910   3.500E+00   0.0014   0.0026   1.164E-10   4.11378440E-12   1.48554545E-06   2.22017050E-16
     219         766.5     0.5912   3.500E+00   0.0014   0.0026   8.731E-11  -5.14223083E-12   1.49132484E-06   2.22017050E-16
     220           770     0.5910   3.500E+00   0.0014   0.0026   1.019E-10   4.60041293E-12   1.49706420E-06   2.22017050E-16
     221         773.5     0.5910   3.500E+00   0.0014   0.0026   8.731E-11  -3.10981384E-13   1.50276492E-06   2.22017050E-16
     222           777     0.5926   3.500E+00   0.0014   0.0026   1.164E-10   1.77086622E-12   1.50842550E-06   2.22017050E-16
     223         780.5     0.5932   3.500E+00   0.0014   0.0026   8.731E-11  -7.06138880E-12   1.51404743E-06   2.22017050E-16
     224           784     0.5915   3.500E+00   0.0014   0.0026   8.731E-11  -6.99876051E-12   1.51962922E-06   2.22017050E-16
     225         787.5     0.5928   3.500E+00   0.0014   0.0026   1.164E-10  -1.32790966E-11   1.52517293E-06   2.22017050E-16
     226           791     0.5921   3.500E+00   0.0014   0.0026   8.731E-11   7.85683931E-12   1.53067754E-06   2.22017050E-16
     227         794.5     0.5932   3.500E+00   0.0014   0.0026   8.731E-11  -5.12615384E-12   1.53614394E-06   2.22017050E-16
     228           798     0.5909   3.500E+00   0.0014   0.0026   8.731E-11  -3.37712345E-12   1.54157215E-06   2.22017050E-16
     229         801.5     0.5965   3.500E+00   0.0014   0.0026   1.164E-10   1.97530772E-12   1.54696295E-06   2.22017050E-16
     230           805     0.5920   3.500E+00   0.0013   0.0026   8.731E-11   3.74137483E-12   1.55231646E-06   2.22017050E-16
     231         808.5     0.5930   3.500E+00   0.0013   0.0026   1.164E-10   2.93224727E-13   1.55763371E-06   2.22017050E-16
     232           812     0.5908   3.500E+00   0.0013   0.0026   1.164E-10  -2.81826862E-12   1.56291367E-06   2.22017050E-16
     233         815.5     0.5910   3.500E+00   0.0013   0.0026   1.164E-10  -1.75992415E-11   1.56815804E-06   2.22017050E-16
     234           819     0.5914   3.500E+00   0.0013   0.0026   8.731E-11  -6.08765252E-12   1.57336785E-06   2.22017050E-16
     235         822.5     0.5928   3.500E+00   0.0013   0.0026   8.731E-11  -1.60726502E-11   1.57854254E-06   2.22017050E-16
     236           826     0.5934   3.500E+00   0.0013   0.0026   1.164E-10  -9.87077954E-12   1.58368334E-06   2.22017050E-16
     237         829.5     0.5940   3.500E+00   0.0013   0.0026   1.164E-10  -1.26756106E-11   1.58879084E-06   2.22017050E-16
     238           833     0.5923   3.500E+00   0.0013   0.0026   8.731E-11   7.47771029E-12   1.59386559E-06   2.22017050E-16
     239         836.5     0.5932   3.500E+00   0.0013   0.0026   8.731E-11  -1.15418239E-11   1.59890908E-06   2.22017050E-16
     240           840     0.5923   3.500E+00   0.0013   0.0026   1.164E-10   3.31233565E-12   1.60392085E-06   2.22017050E-16
     241         843.5     0.5901   3.500E+00   0.0013   0.0026   1.164E-10  -7.97081758E-12   1.60890295E-06   2.22017050E-16
     242           847     0.5913   3.500E+00   0.0013   0.0026   8.731E-11  -1.37916397E-11   1.61385560E-06   2.22017050E-16
     243         850.5     0.5932   3.500E+00   0.0013   0.0026   9.140E-11  -1.45321402E-11   1.61877949E-06   2.22017050E-16
     244           854     0.5938   3.500E+00   0.0013   0.0026   8.731E-11   8.23428738E-12   1.62367598E-06   2.22017050E-16
     245         857.5     0.5922   3.500E+00   0.0013   0.0026   8.731E-11  -8.54454962E-12   1.62854576E-06   2.22017050E-16
     246           861     0.5926   3.500E+00   0.0013   0.0026   1.164E-10  -2.48065240E-12   1.63338984E-06   2.22017050E-16
     247         864.5     0.5927   3.500E+00   0.0013   0.0026   1.164E-10  -6.02550431E-12   1.63820823E-06   2.22017050E-16
     248           868     0.5917   3.500E+00   0.0013   0.0026   8.731E-11  -7.46715276E-12   1.64300263E-06   2.22017050E-16
     249         871.5     0.5916   3.500E+00   0.0013   0.0026   8.731E-11  -8.95199279E-12   1.64777407E-06   2.22017050E-16
     250           875     0.5927   3.500E+00   0.0013   0.0026   8.731E-11   5.07840254E-12   1.65252300E-06   2.22017050E-16
     251         878.5     0.5928   3.500E+00   0.0013   0.0026   1.164E-10   2.63314370E-12   1.65725089E-06   2.22017050E-16
     252           882     0.5920   3.500E+00   0.0013   0.0026   8.731E-11   5.12543404E-13   1.66195821E-06   2.22017050E-16
     253         885.5     0.5911   3.500E+00   0.0013   0.0026   1.164E-10   4.45643999E-12   1.66664620E-06   2.22017050E-16
     254           889     0.5914   3.500E+00   0.0013   0.0026   8.731E-11   2.40638629E-12   1.67131452E-06   2.22017050E-16
     255         892.5     0.5928   3.500E+00   0.0013   0.0026   8.731E-11  -6.66186420E-12   1.67596613E-06   2.22017050E-16
     256           896     0.5926   3.500E+00   0.0013   0.0026   1.019E-10   2.01753956E-12   1.68059978E-06   2.22017050E-16
     257         899.5     0.5922   5.000E-01   0.0002   0.0004   1.019E-10  -5.05824657E-13   1.68521774E-06   2.22017050E-16
     258           900     0.5931   3.500E+00   0.0013   0.0026   1.164E-10  -1.50907553E-12   1.68587474E-06   2.22017050E-16
